{
  "stats": {
    "suites": 0,
    "tests": 2,
    "passes": 2,
    "pending": 0,
    "failures": 0,
    "testsRegistered": 2,
    "passPercent": 100,
    "pendingPercent": 0,
    "other": 0,
    "hasOther": false,
    "skipped": 0,
    "hasSkipped": false,
    "duration": 450
  },
  "results": [
    {
      "uuid": "c51ffd18-5e58-4ae0-a722-b0b8ef3f3336",
      "title": "",
      "fullFile": "",
      "file": "",
      "beforeHooks": [],
      "afterHooks": [],
      "tests": [
        {
          "title": "stable test",
          "fullTitle": "stable test",
          "duration": 150,
          "state": "passed",
          "speed": "medium",
          "pass": true,
          "fail": false,
          "pending": false,
          "context": null,
          "err": {},
          "uuid": "f9a10392-b9bc-42da-897d-cd943dc96bf9",
          "parentUUID": "c51ffd18-5e58-4ae0-a722-b0b8ef3f3336",
          "isHook": false,
          "skipped": false
        },
        {
          "title": "flaky test",
          "fullTitle": "flaky test",
          "duration": 300,
          "state": "passed",
          "speed": "slow",
          "pass": true,
          "fail": false,
          "pending": false,
          "context": null,
          "err": {},
          "uuid": "fe281b55-901f-43d5-9804-cf0984fc4ff1",
          "parentUUID": "c51ffd18-5e58-4ae0-a722-b0b8ef3f3336",
          "isHook": false,
          "skipped": false
        }
      ],
      "suites": [],
      "passes": [
        "f9a10392-b9bc-42da-897d-cd943dc96bf9",
        "fe281b55-901f-43d5-9804-cf0984fc4ff1"
      ],
      "failures": [],
      "pending": [],
      "skipped": [],
      "duration": 450,
      "root": true,
      "rootEmpty": false,
      "_timeout": 10000
    }
  ]
}