{
  "stats": {
    "suites": 0,
    "tests": 1,
    "passes": 1,
    "pending": 0,
    "failures": 0,
    "testsRegistered": 1,
    "passPercent": 100,
    "pendingPercent": 0,
    "other": 0,
    "hasOther": false,
    "skipped": 0,
    "hasSkipped": false,
    "duration": 100
  },
  "results": [
    {
      "uuid": "97c204ff-92df-4f7d-966f-53116837e61a",
      "title": "",
      "fullFile": "",
      "file": "",
      "beforeHooks": [],
      "afterHooks": [],
      "tests": [
        {
          "title": "should pass",
          "fullTitle": "should pass",
          "duration": 100,
          "state": "passed",
          "speed": "slow",
          "pass": true,
          "fail": false,
          "pending": false,
          "context": null,
          "err": {},
          "uuid": "ccd2e73d-c904-497e-87e6-903021c9fcca",
          "parentUUID": "97c204ff-92df-4f7d-966f-53116837e61a",
          "isHook": false,
          "skipped": false
        }
      ],
      "suites": [],
      "passes": [
        "ccd2e73d-c904-497e-87e6-903021c9fcca"
      ],
      "failures": [],
      "pending": [],
      "skipped": [],
      "duration": 100,
      "root": true,
      "rootEmpty": false,
      "_timeout": 10000
    }
  ]
}