{
  "stats": {
    "suites": 0,
    "tests": 2,
    "passes": 2,
    "pending": 0,
    "failures": 0,
    "testsRegistered": 2,
    "passPercent": 100,
    "pendingPercent": 0,
    "other": 0,
    "hasOther": false,
    "skipped": 0,
    "hasSkipped": false,
    "duration": 5700
  },
  "results": [
    {
      "uuid": "7c4e1c20-7c89-4f30-9b52-1f6f9d6b8f21",
      "title": "",
      "fullFile": "",
      "file": "",
      "beforeHooks": [],
      "afterHooks": [],
      "tests": [
        {
          "title": "login test",
          "fullTitle": "login test",
          "duration": 2500,
          "state": "passed",
          "speed": "medium",
          "pass": true,
          "fail": false,
          "pending": false,
          "context": null,
          "err": {},
          "uuid": "60e02d69-2a5c-4d1a-91ce-9a2f437ea1d9",
          "parentUUID": "7c4e1c20-7c89-4f30-9b52-1f6f9d6b8f21",
          "isHook": false,
          "skipped": false
        },
        {
          "title": "checkout test",
          "fullTitle": "checkout test",
          "duration": 3200,
          "state": "passed",
          "speed": "slow",
          "pass": true,
          "fail": false,
          "pending": false,
          "context": null,
          "err": {},
          "uuid": "e387afb6-288d-4910-9551-ca442e84959c",
          "parentUUID": "7c4e1c20-7c89-4f30-9b52-1f6f9d6b8f21",
          "isHook": false,
          "skipped": false
        }
      ],
      "suites": [],
      "passes": [
        "60e02d69-2a5c-4d1a-91ce-9a2f437ea1d9",
        "e387afb6-288d-4910-9551-ca442e84959c"
      ],
      "failures": [],
      "pending": [],
      "skipped": [],
      "duration": 5700,
      "root": true,
      "rootEmpty": false,
      "_timeout": 10000
    }
  ]
}