{
  "stats": {
    "suites": 0,
    "tests": 1,
    "passes": 1,
    "pending": 0,
    "failures": 0,
    "testsRegistered": 1,
    "passPercent": 100,
    "pendingPercent": 0,
    "other": 0,
    "hasOther": false,
    "skipped": 0,
    "hasSkipped": false,
    "duration": 100
  },
  "results": [
    {
      "uuid": "384e1f1a-c22b-4a82-8488-29f2010ec33f",
      "title": "",
      "fullFile": "",
      "file": "",
      "beforeHooks": [],
      "afterHooks": [],
      "tests": [
        {
          "title": "should pass",
          "fullTitle": "should pass",
          "duration": 100,
          "state": "passed",
          "speed": "slow",
          "pass": true,
          "fail": false,
          "pending": false,
          "context": null,
          "err": {},
          "uuid": "c798fcdf-00f1-4418-b8fa-657b24145342",
          "parentUUID": "384e1f1a-c22b-4a82-8488-29f2010ec33f",
          "isHook": false,
          "skipped": false
        }
      ],
      "suites": [],
      "passes": [
        "c798fcdf-00f1-4418-b8fa-657b24145342"
      ],
      "failures": [],
      "pending": [],
      "skipped": [],
      "duration": 100,
      "root": true,
      "rootEmpty": false,
      "_timeout": 10000
    }
  ]
}