{
  "stats": {
    "suites": 0,
    "tests": 1,
    "passes": 0,
    "pending": 0,
    "failures": 1,
    "testsRegistered": 1,
    "passPercent": 0,
    "pendingPercent": 0,
    "other": 0,
    "hasOther": false,
    "skipped": 0,
    "hasSkipped": false,
    "duration": 5000
  },
  "results": [
    {
      "uuid": "b25b32d5-570d-4ae2-8a44-d7e9e91ef18d",
      "title": "",
      "fullFile": "",
      "file": "",
      "beforeHooks": [],
      "afterHooks": [],
      "tests": [
        {
          "title": "should render homepage",
          "fullTitle": "should render homepage",
          "duration": 5000,
          "state": "failed",
          "speed": "slow",
          "pass": false,
          "fail": true,
          "pending": false,
          "context": "[{\"title\":\"stdout\",\"value\":\"Starting test execution\\nLoading page: https://example.com\\nWaiting for element: .hero-section\"},{\"title\":\"stderr\",\"value\":\"Warning: Network slow\\nError: Element not found after 5000ms\"}]",
          "err": {
            "message": "Expected element to be visible",
            "estack": "Error: Expected element to be visible\n at checkVisibility (test.js:45:10)\n at Object.<anonymous> (test.js:12:5)",
            "diff": null
          },
          "uuid": "7af46bdc-584c-4347-b0e1-0e0331aa6e58",
          "parentUUID": "b25b32d5-570d-4ae2-8a44-d7e9e91ef18d",
          "isHook": false,
          "skipped": false
        }
      ],
      "suites": [],
      "passes": [],
      "failures": [
        "7af46bdc-584c-4347-b0e1-0e0331aa6e58"
      ],
      "pending": [],
      "skipped": [],
      "duration": 5000,
      "root": true,
      "rootEmpty": false,
      "_timeout": 10000
    }
  ]
}