{
  "stats": {
    "suites": 9,
    "tests": 56,
    "passes": 54,
    "pending": 0,
    "failures": 1,
    "testsRegistered": 56,
    "passPercent": 98.21428571428571,
    "pendingPercent": 0,
    "other": 0,
    "hasOther": false,
    "skipped": 1,
    "hasSkipped": true,
    "duration": 1666
  },
  "results": [
    {
      "uuid": "eb45808c-7206-425b-90b8-26bdb13a2a89",
      "title": "",
      "fullFile": "",
      "file": "",
      "beforeHooks": [],
      "afterHooks": [],
      "tests": [],
      "suites": [
        {
          "file": "",
          "uuid": "b342c14f-5bd1-4086-9cbd-39c80381d30e",
          "title": "QLNet.Tests.T_DayCounters",
          "tests": [
            {
              "title": "testAct36525",
              "fullTitle": "QLNet.Tests.T_DayCounters: testAct36525",
              "duration": 0,
              "state": "passed",
              "speed": "fast",
              "pass": true,
              "fail": false,
              "pending": false,
              "context": null,
              "err": {},
              "uuid": "a1dad4c1-0bf5-43d9-8503-2d0ce5cdad55",
              "parentUUID": "b342c14f-5bd1-4086-9cbd-39c80381d30e",
              "isHook": false,
              "skipped": false
            },
            {
              "title": "testAct366",
              "fullTitle": "QLNet.Tests.T_DayCounters: testAct366",
              "duration": 1,
              "state": "passed",
              "speed": "fast",
              "pass": true,
              "fail": false,
              "pending": false,
              "context": null,
              "err": {},
              "uuid": "869a8801-f88c-4763-8c26-45d0cd2229e8",
              "parentUUID": "b342c14f-5bd1-4086-9cbd-39c80381d30e",
              "isHook": false,
              "skipped": false
            },
            {
              "title": "testActual365_Canadian",
              "fullTitle": "QLNet.Tests.T_DayCounters: testActual365_Canadian",
              "duration": 0,
              "state": "passed",
              "speed": "fast",
              "pass": true,
              "fail": false,
              "pending": false,
              "context": null,
              "err": {},
              "uuid": "0d40f970-813d-4fce-8e59-4bb1cf5ca87b",
              "parentUUID": "b342c14f-5bd1-4086-9cbd-39c80381d30e",
              "isHook": false,
              "skipped": false
            },
            {
              "title": "testActualActual",
              "fullTitle": "QLNet.Tests.T_DayCounters: testActualActual",
              "duration": 1,
              "state": "passed",
              "speed": "fast",
              "pass": true,
              "fail": false,
              "pending": false,
              "context": null,
              "err": {},
              "uuid": "7fb04f92-b728-482d-81fe-240e4a1ff693",
              "parentUUID": "b342c14f-5bd1-4086-9cbd-39c80381d30e",
              "isHook": false,
              "skipped": false
            },
            {
              "title": "testActualActualIsma(isEndOfMonth: False, frequency: Annual, interestAccrualDateAsString: \"1999-02-01\", maturityDateAsString: \"2002-07-01\", firstCouponDateAsString: \"1999-07-01\", penultimateCouponDateAsString: \"2001-07-01\", d1AsString: \"1999-02-01\", d2AsString: \"1999-07-01\", expectedYearFraction: 0.41095890410958902)",
              "fullTitle": "QLNet.Tests.T_DayCounters: testActualActualIsma(isEndOfMonth: False, frequency: Annual, interestAccrualDateAsString: \"1999-02-01\", maturityDateAsString: \"2002-07-01\", firstCouponDateAsString: \"1999-07-01\", penultimateCouponDateAsString: \"2001-07-01\", d1AsString: \"1999-02-01\", d2AsString: \"1999-07-01\", expectedYearFraction: 0.41095890410958902)",
              "duration": 0,
              "state": "passed",
              "speed": "fast",
              "pass": true,
              "fail": false,
              "pending": false,
              "context": null,
              "err": {},
              "uuid": "495a6aee-ad32-4fa9-8aa7-0967c21c5e13",
              "parentUUID": "b342c14f-5bd1-4086-9cbd-39c80381d30e",
              "isHook": false,
              "skipped": false
            },
            {
              "title": "testActualActualIsma(isEndOfMonth: False, frequency: Annual, interestAccrualDateAsString: \"1999-02-01\", maturityDateAsString: \"2002-07-01\", firstCouponDateAsString: \"1999-07-01\", penultimateCouponDateAsString: \"2001-07-01\", d1AsString: \"1999-07-01\", d2AsString: \"2000-07-01\", expectedYearFraction: 1)",
              "fullTitle": "QLNet.Tests.T_DayCounters: testActualActualIsma(isEndOfMonth: False, frequency: Annual, interestAccrualDateAsString: \"1999-02-01\", maturityDateAsString: \"2002-07-01\", firstCouponDateAsString: \"1999-07-01\", penultimateCouponDateAsString: \"2001-07-01\", d1AsString: \"1999-07-01\", d2AsString: \"2000-07-01\", expectedYearFraction: 1)",
              "duration": 0,
              "state": "passed",
              "speed": "fast",
              "pass": true,
              "fail": false,
              "pending": false,
              "context": null,
              "err": {},
              "uuid": "0735a3de-793a-4b53-9805-e28d6f61430c",
              "parentUUID": "b342c14f-5bd1-4086-9cbd-39c80381d30e",
              "isHook": false,
              "skipped": false
            },
            {
              "title": "testActualActualIsma(isEndOfMonth: False, frequency: Quarterly, interestAccrualDateAsString: \"1999-05-31\", maturityDateAsString: \"2000-04-30\", firstCouponDateAsString: \"1999-08-31\", penultimateCouponDateAsString: \"1999-11-30\", d1AsString: \"1999-11-30\", d2AsString: \"2000-04-30\", expectedYearFraction: 0.41944444444444445)",
              "fullTitle": "QLNet.Tests.T_DayCounters: testActualActualIsma(isEndOfMonth: False, frequency: Quarterly, interestAccrualDateAsString: \"1999-05-31\", maturityDateAsString: \"2000-04-30\", firstCouponDateAsString: \"1999-08-31\", penultimateCouponDateAsString: \"1999-11-30\", d1AsString: \"1999-11-30\", d2AsString: \"2000-04-30\", expectedYearFraction: 0.41944444444444445)",
              "duration": 0,
              "state": "passed",
              "speed": "fast",
              "pass": true,
              "fail": false,
              "pending": false,
              "context": null,
              "err": {},
              "uuid": "69b2d026-d37d-4f36-9a4c-0bba01e70c2b",
              "parentUUID": "b342c14f-5bd1-4086-9cbd-39c80381d30e",
              "isHook": false,
              "skipped": false
            },
            {
              "title": "testActualActualIsma(isEndOfMonth: False, frequency: Semiannual, interestAccrualDateAsString: \"1999-01-30\", maturityDateAsString: \"2000-06-30\", firstCouponDateAsString: \"1999-07-30\", penultimateCouponDateAsString: \"2000-01-30\", d1AsString: \"1999-07-30\", d2AsString: \"2000-01-30\", expectedYearFraction: 0.5)",
              "fullTitle": "QLNet.Tests.T_DayCounters: testActualActualIsma(isEndOfMonth: False, frequency: Semiannual, interestAccrualDateAsString: \"1999-01-30\", maturityDateAsString: \"2000-06-30\", firstCouponDateAsString: \"1999-07-30\", penultimateCouponDateAsString: \"2000-01-30\", d1AsString: \"1999-07-30\", d2AsString: \"2000-01-30\", expectedYearFraction: 0.5)",
              "duration": 1,
              "state": "passed",
              "speed": "fast",
              "pass": true,
              "fail": false,
              "pending": false,
              "context": null,
              "err": {},
              "uuid": "bcf86d69-66d8-47d8-891a-82d14070090f",
              "parentUUID": "b342c14f-5bd1-4086-9cbd-39c80381d30e",
              "isHook": false,
              "skipped": false
            },
            {
              "title": "testActualActualIsma(isEndOfMonth: False, frequency: Semiannual, interestAccrualDateAsString: \"1999-01-30\", maturityDateAsString: \"2000-06-30\", firstCouponDateAsString: \"1999-07-30\", penultimateCouponDateAsString: \"2000-01-30\", d1AsString: \"2000-01-30\", d2AsString: \"2000-06-30\", expectedYearFraction: 0.4175824175824176)",
              "fullTitle": "QLNet.Tests.T_DayCounters: testActualActualIsma(isEndOfMonth: False, frequency: Semiannual, interestAccrualDateAsString: \"1999-01-30\", maturityDateAsString: \"2000-06-30\", firstCouponDateAsString: \"1999-07-30\", penultimateCouponDateAsString: \"2000-01-30\", d1AsString: \"2000-01-30\", d2AsString: \"2000-06-30\", expectedYearFraction: 0.4175824175824176)",
              "duration": 0,
              "state": "passed",
              "speed": "fast",
              "pass": true,
              "fail": false,
              "pending": false,
              "context": null,
              "err": {},
              "uuid": "dba34937-460f-4903-a8fd-50bc8369efa1",
              "parentUUID": "b342c14f-5bd1-4086-9cbd-39c80381d30e",
              "isHook": false,
              "skipped": false
            },
            {
              "title": "testActualActualIsma(isEndOfMonth: False, frequency: Semiannual, interestAccrualDateAsString: \"2002-08-15\", maturityDateAsString: \"2005-07-15\", firstCouponDateAsString: \"2003-07-15\", penultimateCouponDateAsString: \"2004-07-15\", d1AsString: \"2002-08-15\", d2AsString: \"2003-07-15\", expectedYearFraction: 0.91576086956521741)",
              "fullTitle": "QLNet.Tests.T_DayCounters: testActualActualIsma(isEndOfMonth: False, frequency: Semiannual, interestAccrualDateAsString: \"2002-08-15\", maturityDateAsString: \"2005-07-15\", firstCouponDateAsString: \"2003-07-15\", penultimateCouponDateAsString: \"2004-07-15\", d1AsString: \"2002-08-15\", d2AsString: \"2003-07-15\", expectedYearFraction: 0.91576086956521741)",
              "duration": 0,
              "state": "passed",
              "speed": "fast",
              "pass": true,
              "fail": false,
              "pending": false,
              "context": null,
              "err": {},
              "uuid": "48cead26-c85a-41f6-a73f-eef1a95390ba",
              "parentUUID": "b342c14f-5bd1-4086-9cbd-39c80381d30e",
              "isHook": false,
              "skipped": false
            },
            {
              "title": "testActualActualIsma(isEndOfMonth: False, frequency: Semiannual, interestAccrualDateAsString: \"2002-08-15\", maturityDateAsString: \"2005-07-15\", firstCouponDateAsString: \"2003-07-15\", penultimateCouponDateAsString: \"2004-07-15\", d1AsString: \"2003-07-15\", d2AsString: \"2004-01-15\", expectedYearFraction: 0.5)",
              "fullTitle": "QLNet.Tests.T_DayCounters: testActualActualIsma(isEndOfMonth: False, frequency: Semiannual, interestAccrualDateAsString: \"2002-08-15\", maturityDateAsString: \"2005-07-15\", firstCouponDateAsString: \"2003-07-15\", penultimateCouponDateAsString: \"2004-07-15\", d1AsString: \"2003-07-15\", d2AsString: \"2004-01-15\", expectedYearFraction: 0.5)",
              "duration": 0,
              "state": "passed",
              "speed": "fast",
              "pass": true,
              "fail": false,
              "pending": false,
              "context": null,
              "err": {},
              "uuid": "57fc7f29-efe7-4c7e-88b8-6d261e210d63",
              "parentUUID": "b342c14f-5bd1-4086-9cbd-39c80381d30e",
              "isHook": false,
              "skipped": false
            },
            {
              "title": "testActualActualIsma(isEndOfMonth: False, frequency: Semiannual, interestAccrualDateAsString: \"2003-05-01\", maturityDateAsString: \"2005-05-01\", firstCouponDateAsString: \"2003-11-01\", penultimateCouponDateAsString: \"2004-11-01\", d1AsString: \"2003-11-01\", d2AsString: \"2004-05-01\", expectedYearFraction: 0.5)",
              "fullTitle": "QLNet.Tests.T_DayCounters: testActualActualIsma(isEndOfMonth: False, frequency: Semiannual, interestAccrualDateAsString: \"2003-05-01\", maturityDateAsString: \"2005-05-01\", firstCouponDateAsString: \"2003-11-01\", penultimateCouponDateAsString: \"2004-11-01\", d1AsString: \"2003-11-01\", d2AsString: \"2004-05-01\", expectedYearFraction: 0.5)",
              "duration": 0,
              "state": "passed",
              "speed": "fast",
              "pass": true,
              "fail": false,
              "pending": false,
              "context": null,
              "err": {},
              "uuid": "aeeb75ac-834f-4c87-a4ed-943609e9bc26",
              "parentUUID": "b342c14f-5bd1-4086-9cbd-39c80381d30e",
              "isHook": false,
              "skipped": false
            },
            {
              "title": "testActualActualIsma(isEndOfMonth: True, frequency: Quarterly, interestAccrualDateAsString: \"1999-05-31\", maturityDateAsString: \"2000-04-30\", firstCouponDateAsString: \"1999-08-31\", penultimateCouponDateAsString: \"1999-11-30\", d1AsString: \"1999-11-30\", d2AsString: \"2000-04-30\", expectedYearFraction: 0.41576086956521741)",
              "fullTitle": "QLNet.Tests.T_DayCounters: testActualActualIsma(isEndOfMonth: True, frequency: Quarterly, interestAccrualDateAsString: \"1999-05-31\", maturityDateAsString: \"2000-04-30\", firstCouponDateAsString: \"1999-08-31\", penultimateCouponDateAsString: \"1999-11-30\", d1AsString: \"1999-11-30\", d2AsString: \"2000-04-30\", expectedYearFraction: 0.41576086956521741)",
              "duration": 0,
              "state": "passed",
              "speed": "fast",
              "pass": true,
              "fail": false,
              "pending": false,
              "context": null,
              "err": {},
              "uuid": "e255506e-c8c6-4cef-9c6a-4aaf497f8008",
              "parentUUID": "b342c14f-5bd1-4086-9cbd-39c80381d30e",
              "isHook": false,
              "skipped": false
            },
            {
              "title": "testActualActualOutOfScheduleRange",
              "fullTitle": "QLNet.Tests.T_DayCounters: testActualActualOutOfScheduleRange",
              "duration": 1,
              "state": "passed",
              "speed": "fast",
              "pass": true,
              "fail": false,
              "pending": false,
              "context": null,
              "err": {},
              "uuid": "767553a6-2a6e-4e41-8b66-06d0342a3695",
              "parentUUID": "b342c14f-5bd1-4086-9cbd-39c80381d30e",
              "isHook": false,
              "skipped": false
            },
            {
              "title": "testActualActualWithAnnualSchedule",
              "fullTitle": "QLNet.Tests.T_DayCounters: testActualActualWithAnnualSchedule",
              "duration": 1,
              "state": "passed",
              "speed": "fast",
              "pass": true,
              "fail": false,
              "pending": false,
              "context": null,
              "err": {},
              "uuid": "8aefd9e3-453d-47c0-9f12-13e12bb219ab",
              "parentUUID": "b342c14f-5bd1-4086-9cbd-39c80381d30e",
              "isHook": false,
              "skipped": false
            },
            {
              "title": "testActualActualWithSchedule",
              "fullTitle": "QLNet.Tests.T_DayCounters: testActualActualWithSchedule",
              "duration": 1,
              "state": "passed",
              "speed": "fast",
              "pass": true,
              "fail": false,
              "pending": false,
              "context": null,
              "err": {},
              "uuid": "6e45a4cc-5b24-49c0-983b-868bc5c7e845",
              "parentUUID": "b342c14f-5bd1-4086-9cbd-39c80381d30e",
              "isHook": false,
              "skipped": false
            },
            {
              "title": "testActualActualWithSemiannualSchedule",
              "fullTitle": "QLNet.Tests.T_DayCounters: testActualActualWithSemiannualSchedule",
              "duration": 17,
              "state": "passed",
              "speed": "medium",
              "pass": true,
              "fail": false,
              "pending": false,
              "context": null,
              "err": {},
              "uuid": "63e44094-ea04-42cd-8cce-950eec2cc757",
              "parentUUID": "b342c14f-5bd1-4086-9cbd-39c80381d30e",
              "isHook": false,
              "skipped": false
            },
            {
              "title": "testBusiness252",
              "fullTitle": "QLNet.Tests.T_DayCounters: testBusiness252",
              "duration": 3,
              "state": "passed",
              "speed": "fast",
              "pass": true,
              "fail": false,
              "pending": false,
              "context": null,
              "err": {},
              "uuid": "5b2c0056-b3b3-46b6-826e-1739bb60a0e9",
              "parentUUID": "b342c14f-5bd1-4086-9cbd-39c80381d30e",
              "isHook": false,
              "skipped": false
            },
            {
              "title": "testIntraday",
              "fullTitle": "QLNet.Tests.T_DayCounters: testIntraday",
              "duration": 0,
              "state": "passed",
              "speed": "fast",
              "pass": true,
              "fail": false,
              "pending": false,
              "context": null,
              "err": {},
              "uuid": "29e87c65-5871-47d4-a711-d5ca232f25df",
              "parentUUID": "b342c14f-5bd1-4086-9cbd-39c80381d30e",
              "isHook": false,
              "skipped": false
            },
            {
              "title": "testOne",
              "fullTitle": "QLNet.Tests.T_DayCounters: testOne",
              "duration": 0,
              "state": "passed",
              "speed": "fast",
              "pass": true,
              "fail": false,
              "pending": false,
              "context": null,
              "err": {},
              "uuid": "fef395d3-5ddf-43dd-8626-3fb0f83c807c",
              "parentUUID": "b342c14f-5bd1-4086-9cbd-39c80381d30e",
              "isHook": false,
              "skipped": false
            },
            {
              "title": "testSimple",
              "fullTitle": "QLNet.Tests.T_DayCounters: testSimple",
              "duration": 1,
              "state": "passed",
              "speed": "fast",
              "pass": true,
              "fail": false,
              "pending": false,
              "context": null,
              "err": {},
              "uuid": "6f2fd718-7cf4-4137-bb18-c40725cedd7e",
              "parentUUID": "b342c14f-5bd1-4086-9cbd-39c80381d30e",
              "isHook": false,
              "skipped": false
            },
            {
              "title": "testThirty360_BondBasis",
              "fullTitle": "QLNet.Tests.T_DayCounters: testThirty360_BondBasis",
              "duration": 1,
              "state": "passed",
              "speed": "fast",
              "pass": true,
              "fail": false,
              "pending": false,
              "context": null,
              "err": {},
              "uuid": "48acc395-8d45-4a61-9ff5-543b1fc82e48",
              "parentUUID": "b342c14f-5bd1-4086-9cbd-39c80381d30e",
              "isHook": false,
              "skipped": false
            },
            {
              "title": "testThirty360_EurobondBasis",
              "fullTitle": "QLNet.Tests.T_DayCounters: testThirty360_EurobondBasis",
              "duration": 1,
              "state": "passed",
              "speed": "fast",
              "pass": true,
              "fail": false,
              "pending": false,
              "context": null,
              "err": {},
              "uuid": "aad6577e-e1bd-43c3-8a97-16676b74886c",
              "parentUUID": "b342c14f-5bd1-4086-9cbd-39c80381d30e",
              "isHook": false,
              "skipped": false
            },
            {
              "title": "testThirty360_ISDA",
              "fullTitle": "QLNet.Tests.T_DayCounters: testThirty360_ISDA",
              "duration": 1,
              "state": "passed",
              "speed": "fast",
              "pass": true,
              "fail": false,
              "pending": false,
              "context": null,
              "err": {},
              "uuid": "242960e9-2e82-4959-bf74-d77482c4be88",
              "parentUUID": "b342c14f-5bd1-4086-9cbd-39c80381d30e",
              "isHook": false,
              "skipped": false
            },
            {
              "title": "testThirty365",
              "fullTitle": "QLNet.Tests.T_DayCounters: testThirty365",
              "duration": 0,
              "state": "passed",
              "speed": "fast",
              "pass": true,
              "fail": false,
              "pending": false,
              "context": null,
              "err": {},
              "uuid": "2f0dfc42-7c4a-4d99-b5de-45e0adc0dbf4",
              "parentUUID": "b342c14f-5bd1-4086-9cbd-39c80381d30e",
              "isHook": false,
              "skipped": false
            }
          ],
          "suites": [],
          "beforeHooks": [],
          "afterHooks": [],
          "passes": [
            "2f0dfc42-7c4a-4d99-b5de-45e0adc0dbf4",
            "bcf86d69-66d8-47d8-891a-82d14070090f",
            "aeeb75ac-834f-4c87-a4ed-943609e9bc26",
            "69b2d026-d37d-4f36-9a4c-0bba01e70c2b",
            "e255506e-c8c6-4cef-9c6a-4aaf497f8008",
            "48cead26-c85a-41f6-a73f-eef1a95390ba",
            "0735a3de-793a-4b53-9805-e28d6f61430c",
            "dba34937-460f-4903-a8fd-50bc8369efa1",
            "495a6aee-ad32-4fa9-8aa7-0967c21c5e13",
            "57fc7f29-efe7-4c7e-88b8-6d261e210d63",
            "767553a6-2a6e-4e41-8b66-06d0342a3695",
            "242960e9-2e82-4959-bf74-d77482c4be88",
            "aad6577e-e1bd-43c3-8a97-16676b74886c",
            "6e45a4cc-5b24-49c0-983b-868bc5c7e845",
            "29e87c65-5871-47d4-a711-d5ca232f25df",
            "a1dad4c1-0bf5-43d9-8503-2d0ce5cdad55",
            "63e44094-ea04-42cd-8cce-950eec2cc757",
            "869a8801-f88c-4763-8c26-45d0cd2229e8",
            "8aefd9e3-453d-47c0-9f12-13e12bb219ab",
            "fef395d3-5ddf-43dd-8626-3fb0f83c807c",
            "7fb04f92-b728-482d-81fe-240e4a1ff693",
            "6f2fd718-7cf4-4137-bb18-c40725cedd7e",
            "5b2c0056-b3b3-46b6-826e-1739bb60a0e9",
            "0d40f970-813d-4fce-8e59-4bb1cf5ca87b",
            "48acc395-8d45-4a61-9ff5-543b1fc82e48"
          ],
          "failures": [],
          "pending": [],
          "skipped": [],
          "duration": 30,
          "root": false,
          "rootEmpty": false,
          "_timeout": 10000
        },
        {
          "file": "",
          "uuid": "ef73c692-a993-4391-a6ed-64a43aeffd02",
          "title": "T_AsianOptions",
          "tests": [
            {
              "title": "testAnalyticContinuousGeometricAveragePrice",
              "fullTitle": "T_AsianOptions: testAnalyticContinuousGeometricAveragePrice",
              "duration": 2,
              "state": "failed",
              "speed": "fast",
              "pass": false,
              "fail": true,
              "pending": false,
              "context": null,
              "err": {
                "message": "QLNet.EuropeanExercise QLNet.EuropeanExercise Asian option with Geometric and QLNet.PlainVanillaPayoff payoff:\r\n            running variable:\r\n            past fixings:\r\n            future fixings:   0\r\n            underlying value: 80\r\n            strike:           85\r\n            dividend yield:   -0.03\r\n            risk-free rate:   0.055\r\n            reference date:   27/09/2024\r\n            maturity:         26/12/2024\r\n            volatility:       0.2\r\n\r\n            expected   value: 4.6922\r\n            calculated value: 4.64631729808559\r\n            error:            0.04588270191440991\r\n            tolerance:        0.0001\r\n            Expected: True\r\n            Actual:   False\r\n          ",
                "estack": "at TestSuite.QAssert.Fail(String message) in C:\\projects\\QLNet\\tests\\QLNet.Tests\\Utilities.cs:line 187\r\nat TestSuite.T_AsianOptions.REPORT_FAILURE(String greekName, Type averageType, Nullable`1 runningAccumulator, Nullable`1 pastFixings, List`1 fixingDates, StrikedTypePayoff payoff, Exercise exercise, Double s, Double q, Double r, Date today, Double v, Double expected, Double calculated, Double tolerance) in C:\\projects\\Dev\\QLNet\\tests\\QLNet.Tests\\T_AsianOptions.cs:line 39\r\nat TestSuite.T_AsianOptions.testAnalyticContinuousGeometricAveragePrice() in C:\\projects\\QLNet\\tests\\QLNet.Tests\\T_AsianOptions.cs:line 122\r\nat System.RuntimeMethodHandle.InvokeMethod(Object target, Void** arguments, Signature sig, Boolean isConstructor)\r\nat System.Reflection.MethodBaseInvoker.InvokeWithNoArgs(Object obj, BindingFlags invokeAttr)\r\n",
                "diff": null
              },
              "uuid": "6c496605-8a61-4a12-80ff-cfc9e08ea0c0",
              "parentUUID": "ef73c692-a993-4391-a6ed-64a43aeffd02",
              "isHook": false,
              "skipped": false
            },
            {
              "title": "testAnalyticContinuousGeometricAveragePriceGreeks",
              "fullTitle": "T_AsianOptions: testAnalyticContinuousGeometricAveragePriceGreeks",
              "duration": 26,
              "state": "passed",
              "speed": "medium",
              "pass": true,
              "fail": false,
              "pending": false,
              "context": null,
              "err": {},
              "uuid": "e22952d5-4533-432f-bbf7-94b129d0a2d5",
              "parentUUID": "ef73c692-a993-4391-a6ed-64a43aeffd02",
              "isHook": false,
              "skipped": false
            },
            {
              "title": "testAnalyticDiscreteGeometricAveragePrice",
              "fullTitle": "T_AsianOptions: testAnalyticDiscreteGeometricAveragePrice",
              "duration": 3,
              "state": "passed",
              "speed": "fast",
              "pass": true,
              "fail": false,
              "pending": false,
              "context": null,
              "err": {},
              "uuid": "cc854e5f-ee13-46c3-8dde-b1aa52563ed6",
              "parentUUID": "ef73c692-a993-4391-a6ed-64a43aeffd02",
              "isHook": false,
              "skipped": false
            },
            {
              "title": "testAnalyticDiscreteGeometricAveragePriceGreeks",
              "fullTitle": "T_AsianOptions: testAnalyticDiscreteGeometricAveragePriceGreeks",
              "duration": 37,
              "state": "passed",
              "speed": "slow",
              "pass": true,
              "fail": false,
              "pending": false,
              "context": null,
              "err": {},
              "uuid": "ae3e6964-4d4e-4e51-8d9e-34fe69644cff",
              "parentUUID": "ef73c692-a993-4391-a6ed-64a43aeffd02",
              "isHook": false,
              "skipped": false
            },
            {
              "title": "testAnalyticDiscreteGeometricAverageStrike",
              "fullTitle": "T_AsianOptions: testAnalyticDiscreteGeometricAverageStrike",
              "duration": 1,
              "state": "passed",
              "speed": "fast",
              "pass": true,
              "fail": false,
              "pending": false,
              "context": null,
              "err": {},
              "uuid": "ea1cba0f-7ecf-45cc-87f7-4885805b4b30",
              "parentUUID": "ef73c692-a993-4391-a6ed-64a43aeffd02",
              "isHook": false,
              "skipped": false
            },
            {
              "title": "testIssue115",
              "fullTitle": "T_AsianOptions: testIssue115",
              "duration": 12,
              "state": "passed",
              "speed": "fast",
              "pass": true,
              "fail": false,
              "pending": false,
              "context": null,
              "err": {},
              "uuid": "e5720405-9e5c-4c4c-9efa-61b8283de0fb",
              "parentUUID": "ef73c692-a993-4391-a6ed-64a43aeffd02",
              "isHook": false,
              "skipped": false
            },
            {
              "title": "testMCDiscreteGeometricAveragePrice",
              "fullTitle": "T_AsianOptions: testMCDiscreteGeometricAveragePrice",
              "duration": 1,
              "state": "skipped",
              "speed": "fast",
              "pass": false,
              "fail": false,
              "pending": false,
              "context": "[{\"title\":\"stdout\",\"value\":\"Incomplete\"}]",
              "err": {},
              "uuid": "f886f787-bd2a-4517-85fd-501789686c9c",
              "parentUUID": "ef73c692-a993-4391-a6ed-64a43aeffd02",
              "isHook": false,
              "skipped": true
            }
          ],
          "suites": [],
          "beforeHooks": [],
          "afterHooks": [],
          "passes": [
            "e22952d5-4533-432f-bbf7-94b129d0a2d5",
            "cc854e5f-ee13-46c3-8dde-b1aa52563ed6",
            "e5720405-9e5c-4c4c-9efa-61b8283de0fb",
            "ae3e6964-4d4e-4e51-8d9e-34fe69644cff",
            "ea1cba0f-7ecf-45cc-87f7-4885805b4b30"
          ],
          "failures": [
            "6c496605-8a61-4a12-80ff-cfc9e08ea0c0"
          ],
          "pending": [],
          "skipped": [
            "f886f787-bd2a-4517-85fd-501789686c9c"
          ],
          "duration": 82,
          "root": false,
          "rootEmpty": false,
          "_timeout": 10000
        },
        {
          "file": "",
          "uuid": "f0a30530-4945-4cc8-8d77-497a4e6a99d3",
          "title": "T_CPISwap",
          "tests": [
            {
              "title": "consistency",
              "fullTitle": "T_CPISwap: consistency",
              "duration": 7,
              "state": "passed",
              "speed": "fast",
              "pass": true,
              "fail": false,
              "pending": false,
              "context": null,
              "err": {},
              "uuid": "7a56a5a8-23ad-4a78-a75e-902e0e4145b3",
              "parentUUID": "f0a30530-4945-4cc8-8d77-497a4e6a99d3",
              "isHook": false,
              "skipped": false
            },
            {
              "title": "cpibondconsistency",
              "fullTitle": "T_CPISwap: cpibondconsistency",
              "duration": 16,
              "state": "passed",
              "speed": "medium",
              "pass": true,
              "fail": false,
              "pending": false,
              "context": null,
              "err": {},
              "uuid": "334c4d59-38a6-440b-b35a-5120e54145ff",
              "parentUUID": "f0a30530-4945-4cc8-8d77-497a4e6a99d3",
              "isHook": false,
              "skipped": false
            },
            {
              "title": "zciisconsistency",
              "fullTitle": "T_CPISwap: zciisconsistency",
              "duration": 2,
              "state": "passed",
              "speed": "fast",
              "pass": true,
              "fail": false,
              "pending": false,
              "context": null,
              "err": {},
              "uuid": "9f813027-7560-466e-a1e8-1ab451dc572c",
              "parentUUID": "f0a30530-4945-4cc8-8d77-497a4e6a99d3",
              "isHook": false,
              "skipped": false
            }
          ],
          "suites": [],
          "beforeHooks": [],
          "afterHooks": [],
          "passes": [
            "334c4d59-38a6-440b-b35a-5120e54145ff",
            "9f813027-7560-466e-a1e8-1ab451dc572c",
            "7a56a5a8-23ad-4a78-a75e-902e0e4145b3"
          ],
          "failures": [],
          "pending": [],
          "skipped": [],
          "duration": 25,
          "root": false,
          "rootEmpty": false,
          "_timeout": 10000
        },
        {
          "file": "",
          "uuid": "25c54ac9-75bd-4515-a3fe-e8371567a361",
          "title": "T_CapFlooredCoupon",
          "tests": [
            {
              "title": "testDecomposition",
              "fullTitle": "T_CapFlooredCoupon: testDecomposition",
              "duration": 10,
              "state": "passed",
              "speed": "fast",
              "pass": true,
              "fail": false,
              "pending": false,
              "context": null,
              "err": {},
              "uuid": "b73472c7-c0bf-4c6b-b0c9-58d94dc4fb78",
              "parentUUID": "25c54ac9-75bd-4515-a3fe-e8371567a361",
              "isHook": false,
              "skipped": false
            },
            {
              "title": "testLargeRates",
              "fullTitle": "T_CapFlooredCoupon: testLargeRates",
              "duration": 1,
              "state": "passed",
              "speed": "fast",
              "pass": true,
              "fail": false,
              "pending": false,
              "context": null,
              "err": {},
              "uuid": "3f6a62a5-b004-4334-80b8-ca1e58b2da8a",
              "parentUUID": "25c54ac9-75bd-4515-a3fe-e8371567a361",
              "isHook": false,
              "skipped": false
            }
          ],
          "suites": [],
          "beforeHooks": [],
          "afterHooks": [],
          "passes": [
            "b73472c7-c0bf-4c6b-b0c9-58d94dc4fb78",
            "3f6a62a5-b004-4334-80b8-ca1e58b2da8a"
          ],
          "failures": [],
          "pending": [],
          "skipped": [],
          "duration": 11,
          "root": false,
          "rootEmpty": false,
          "_timeout": 10000
        },
        {
          "file": "",
          "uuid": "59f07474-2aaf-47df-8b2d-b3ba2744fa75",
          "title": "T_CashFlows",
          "tests": [
            {
              "title": "testAccessViolation",
              "fullTitle": "T_CashFlows: testAccessViolation",
              "duration": 1,
              "state": "passed",
              "speed": "fast",
              "pass": true,
              "fail": false,
              "pending": false,
              "context": null,
              "err": {},
              "uuid": "b4b1bb20-9f89-4aa6-a5d9-8aa48bc95752",
              "parentUUID": "59f07474-2aaf-47df-8b2d-b3ba2744fa75",
              "isHook": false,
              "skipped": false
            },
            {
              "title": "testDefaultSettlementDate",
              "fullTitle": "T_CashFlows: testDefaultSettlementDate",
              "duration": 1,
              "state": "passed",
              "speed": "fast",
              "pass": true,
              "fail": false,
              "pending": false,
              "context": null,
              "err": {},
              "uuid": "7f9b8963-ab36-4f36-9656-babe4b62372c",
              "parentUUID": "59f07474-2aaf-47df-8b2d-b3ba2744fa75",
              "isHook": false,
              "skipped": false
            },
            {
              "title": "testNullFixingDays",
              "fullTitle": "T_CashFlows: testNullFixingDays",
              "duration": 0,
              "state": "passed",
              "speed": "fast",
              "pass": true,
              "fail": false,
              "pending": false,
              "context": null,
              "err": {},
              "uuid": "0891cdbf-8ce5-43f8-aa52-33b9f4e6d1ff",
              "parentUUID": "59f07474-2aaf-47df-8b2d-b3ba2744fa75",
              "isHook": false,
              "skipped": false
            },
            {
              "title": "testSettings",
              "fullTitle": "T_CashFlows: testSettings",
              "duration": 1,
              "state": "passed",
              "speed": "fast",
              "pass": true,
              "fail": false,
              "pending": false,
              "context": null,
              "err": {},
              "uuid": "87cca381-bb4c-408d-8694-b8adebf063bf",
              "parentUUID": "59f07474-2aaf-47df-8b2d-b3ba2744fa75",
              "isHook": false,
              "skipped": false
            }
          ],
          "suites": [],
          "beforeHooks": [],
          "afterHooks": [],
          "passes": [
            "87cca381-bb4c-408d-8694-b8adebf063bf",
            "7f9b8963-ab36-4f36-9656-babe4b62372c",
            "b4b1bb20-9f89-4aa6-a5d9-8aa48bc95752",
            "0891cdbf-8ce5-43f8-aa52-33b9f4e6d1ff"
          ],
          "failures": [],
          "pending": [],
          "skipped": [],
          "duration": 3,
          "root": false,
          "rootEmpty": false,
          "_timeout": 10000
        },
        {
          "file": "",
          "uuid": "68238716-2f77-41a4-ac8f-68ee55cfa0fa",
          "title": "T_CliquetOption",
          "tests": [
            {
              "title": "testGreeks",
              "fullTitle": "T_CliquetOption: testGreeks",
              "duration": 212,
              "state": "passed",
              "speed": "slow",
              "pass": true,
              "fail": false,
              "pending": false,
              "context": null,
              "err": {},
              "uuid": "ebdd2fd7-ca14-41ba-8163-f7b07f5a7912",
              "parentUUID": "68238716-2f77-41a4-ac8f-68ee55cfa0fa",
              "isHook": false,
              "skipped": false
            },
            {
              "title": "testPerformanceGreeks",
              "fullTitle": "T_CliquetOption: testPerformanceGreeks",
              "duration": 224,
              "state": "passed",
              "speed": "slow",
              "pass": true,
              "fail": false,
              "pending": false,
              "context": null,
              "err": {},
              "uuid": "0c54057a-2c88-441c-8abe-65c03d253105",
              "parentUUID": "68238716-2f77-41a4-ac8f-68ee55cfa0fa",
              "isHook": false,
              "skipped": false
            },
            {
              "title": "testValues",
              "fullTitle": "T_CliquetOption: testValues",
              "duration": 0,
              "state": "passed",
              "speed": "fast",
              "pass": true,
              "fail": false,
              "pending": false,
              "context": null,
              "err": {},
              "uuid": "5300bfc3-df1c-4d82-902a-d905c3930f23",
              "parentUUID": "68238716-2f77-41a4-ac8f-68ee55cfa0fa",
              "isHook": false,
              "skipped": false
            }
          ],
          "suites": [],
          "beforeHooks": [],
          "afterHooks": [],
          "passes": [
            "0c54057a-2c88-441c-8abe-65c03d253105",
            "ebdd2fd7-ca14-41ba-8163-f7b07f5a7912",
            "5300bfc3-df1c-4d82-902a-d905c3930f23"
          ],
          "failures": [],
          "pending": [],
          "skipped": [],
          "duration": 436,
          "root": false,
          "rootEmpty": false,
          "_timeout": 10000
        },
        {
          "file": "",
          "uuid": "5324dcda-100a-4f9e-a774-125d461479ba",
          "title": "T_Cms",
          "tests": [
            {
              "title": "testCmsSwap",
              "fullTitle": "T_Cms: testCmsSwap",
              "duration": 322,
              "state": "passed",
              "speed": "slow",
              "pass": true,
              "fail": false,
              "pending": false,
              "context": null,
              "err": {},
              "uuid": "8470fc3f-8efd-458a-8135-19e9692fdf93",
              "parentUUID": "5324dcda-100a-4f9e-a774-125d461479ba",
              "isHook": false,
              "skipped": false
            },
            {
              "title": "testFairRate",
              "fullTitle": "T_Cms: testFairRate",
              "duration": 5,
              "state": "passed",
              "speed": "fast",
              "pass": true,
              "fail": false,
              "pending": false,
              "context": null,
              "err": {},
              "uuid": "5a32636f-80c1-46ff-8b9f-991b44f4c13f",
              "parentUUID": "5324dcda-100a-4f9e-a774-125d461479ba",
              "isHook": false,
              "skipped": false
            },
            {
              "title": "testParity",
              "fullTitle": "T_Cms: testParity",
              "duration": 218,
              "state": "passed",
              "speed": "slow",
              "pass": true,
              "fail": false,
              "pending": false,
              "context": null,
              "err": {},
              "uuid": "75a9c1b5-f59f-4eb3-b028-dd6a1d7285dd",
              "parentUUID": "5324dcda-100a-4f9e-a774-125d461479ba",
              "isHook": false,
              "skipped": false
            }
          ],
          "suites": [],
          "beforeHooks": [],
          "afterHooks": [],
          "passes": [
            "8470fc3f-8efd-458a-8135-19e9692fdf93",
            "75a9c1b5-f59f-4eb3-b028-dd6a1d7285dd",
            "5a32636f-80c1-46ff-8b9f-991b44f4c13f"
          ],
          "failures": [],
          "pending": [],
          "skipped": [],
          "duration": 545,
          "root": false,
          "rootEmpty": false,
          "_timeout": 10000
        },
        {
          "file": "",
          "uuid": "1836d458-9beb-40ff-a9c4-d0c037242d14",
          "title": "T_ConvertibleBond",
          "tests": [
            {
              "title": "testBond",
              "fullTitle": "T_ConvertibleBond: testBond",
              "duration": 295,
              "state": "passed",
              "speed": "slow",
              "pass": true,
              "fail": false,
              "pending": false,
              "context": null,
              "err": {},
              "uuid": "936c96c6-8b86-46d3-9bb1-5830ecdda393",
              "parentUUID": "1836d458-9beb-40ff-a9c4-d0c037242d14",
              "isHook": false,
              "skipped": false
            },
            {
              "title": "testOption",
              "fullTitle": "T_ConvertibleBond: testOption",
              "duration": 121,
              "state": "passed",
              "speed": "slow",
              "pass": true,
              "fail": false,
              "pending": false,
              "context": null,
              "err": {},
              "uuid": "4ec97ecf-ead7-4574-b944-ca9db3b248f2",
              "parentUUID": "1836d458-9beb-40ff-a9c4-d0c037242d14",
              "isHook": false,
              "skipped": false
            },
            {
              "title": "testRegression",
              "fullTitle": "T_ConvertibleBond: testRegression",
              "duration": 11,
              "state": "passed",
              "speed": "fast",
              "pass": true,
              "fail": false,
              "pending": false,
              "context": null,
              "err": {},
              "uuid": "72ccfc5b-5234-4531-9776-2d850daee56b",
              "parentUUID": "1836d458-9beb-40ff-a9c4-d0c037242d14",
              "isHook": false,
              "skipped": false
            }
          ],
          "suites": [],
          "beforeHooks": [],
          "afterHooks": [],
          "passes": [
            "936c96c6-8b86-46d3-9bb1-5830ecdda393",
            "72ccfc5b-5234-4531-9776-2d850daee56b",
            "4ec97ecf-ead7-4574-b944-ca9db3b248f2"
          ],
          "failures": [],
          "pending": [],
          "skipped": [],
          "duration": 427,
          "root": false,
          "rootEmpty": false,
          "_timeout": 10000
        },
        {
          "file": "",
          "uuid": "0199043c-623c-4727-a6cb-e0094301a760",
          "title": "T_CreditDefaultSwap",
          "tests": [
            {
              "title": "testCachedMarketValue",
              "fullTitle": "T_CreditDefaultSwap: testCachedMarketValue",
              "duration": 11,
              "state": "passed",
              "speed": "fast",
              "pass": true,
              "fail": false,
              "pending": false,
              "context": null,
              "err": {},
              "uuid": "ce54292a-6eda-452f-9511-7f0b36d9318b",
              "parentUUID": "0199043c-623c-4727-a6cb-e0094301a760",
              "isHook": false,
              "skipped": false
            },
            {
              "title": "testCachedValue",
              "fullTitle": "T_CreditDefaultSwap: testCachedValue",
              "duration": 17,
              "state": "passed",
              "speed": "medium",
              "pass": true,
              "fail": false,
              "pending": false,
              "context": null,
              "err": {},
              "uuid": "1d89f5c7-8f4a-49f0-a25d-2e5fdb0d9c14",
              "parentUUID": "0199043c-623c-4727-a6cb-e0094301a760",
              "isHook": false,
              "skipped": false
            },
            {
              "title": "testFairSpread",
              "fullTitle": "T_CreditDefaultSwap: testFairSpread",
              "duration": 9,
              "state": "passed",
              "speed": "fast",
              "pass": true,
              "fail": false,
              "pending": false,
              "context": null,
              "err": {},
              "uuid": "e5e73221-8fd0-4ddb-aa1e-fb4b29313250",
              "parentUUID": "0199043c-623c-4727-a6cb-e0094301a760",
              "isHook": false,
              "skipped": false
            },
            {
              "title": "testFairUpfront",
              "fullTitle": "T_CreditDefaultSwap: testFairUpfront",
              "duration": 14,
              "state": "passed",
              "speed": "fast",
              "pass": true,
              "fail": false,
              "pending": false,
              "context": null,
              "err": {},
              "uuid": "d866ee9a-ed2f-4e91-99dc-ed553ade841f",
              "parentUUID": "0199043c-623c-4727-a6cb-e0094301a760",
              "isHook": false,
              "skipped": false
            },
            {
              "title": "testImpliedHazardRate",
              "fullTitle": "T_CreditDefaultSwap: testImpliedHazardRate",
              "duration": 14,
              "state": "passed",
              "speed": "fast",
              "pass": true,
              "fail": false,
              "pending": false,
              "context": null,
              "err": {},
              "uuid": "482830b8-9e0d-4fbe-adc9-9d252d818fd5",
              "parentUUID": "0199043c-623c-4727-a6cb-e0094301a760",
              "isHook": false,
              "skipped": false
            },
            {
              "title": "testIsdaEngine",
              "fullTitle": "T_CreditDefaultSwap: testIsdaEngine",
              "duration": 42,
              "state": "passed",
              "speed": "slow",
              "pass": true,
              "fail": false,
              "pending": false,
              "context": null,
              "err": {},
              "uuid": "c05f576c-b34c-40ed-87cc-54487d6463e8",
              "parentUUID": "0199043c-623c-4727-a6cb-e0094301a760",
              "isHook": false,
              "skipped": false
            }
          ],
          "suites": [],
          "beforeHooks": [],
          "afterHooks": [],
          "passes": [
            "c05f576c-b34c-40ed-87cc-54487d6463e8",
            "d866ee9a-ed2f-4e91-99dc-ed553ade841f",
            "1d89f5c7-8f4a-49f0-a25d-2e5fdb0d9c14",
            "ce54292a-6eda-452f-9511-7f0b36d9318b",
            "482830b8-9e0d-4fbe-adc9-9d252d818fd5",
            "e5e73221-8fd0-4ddb-aa1e-fb4b29313250"
          ],
          "failures": [],
          "pending": [],
          "skipped": [],
          "duration": 107,
          "root": false,
          "rootEmpty": false,
          "_timeout": 10000
        }
      ],
      "passes": [],
      "failures": [],
      "pending": [],
      "skipped": [],
      "duration": 0,
      "root": true,
      "rootEmpty": true,
      "_timeout": 10000
    }
  ]
}