{
  "stats": {
    "suites": 3,
    "tests": 3,
    "passes": 2,
    "pending": 0,
    "failures": 1,
    "testsRegistered": 3,
    "passPercent": 66.66666666666667,
    "pendingPercent": 0,
    "other": 0,
    "hasOther": false,
    "skipped": 0,
    "hasSkipped": false,
    "duration": 20000
  },
  "results": [
    {
      "uuid": "9d2c6a10-3f7a-4e22-9a8f-1a2b3c4d5e6f",
      "title": "PR #123 E2E Tests",
      "fullFile": "",
      "file": "",
      "beforeHooks": [],
      "afterHooks": [],
      "tests": [],
      "suites": [
        {
          "file": "",
          "uuid": "788879b8-258b-4e51-b8b0-3733e86accb3",
          "title": "Authentication > Login",
          "tests": [
            {
              "title": "user can login",
              "fullTitle": "user can login",
              "duration": 3500,
              "state": "passed",
              "speed": "medium",
              "pass": true,
              "fail": false,
              "pending": false,
              "context": null,
              "err": {},
              "uuid": "da2f8a78-b8f1-49c3-8ffd-0a4fdb285a6b",
              "parentUUID": "788879b8-258b-4e51-b8b0-3733e86accb3",
              "isHook": false,
              "skipped": false
            }
          ],
          "suites": [],
          "beforeHooks": [],
          "afterHooks": [],
          "passes": [
            "da2f8a78-b8f1-49c3-8ffd-0a4fdb285a6b"
          ],
          "failures": [],
          "pending": [],
          "skipped": [],
          "duration": 3500,
          "root": false,
          "rootEmpty": false,
          "_timeout": 10000
        },
        {
          "file": "",
          "uuid": "7d0185a7-0392-4545-b00c-f8eea5a7d511",
          "title": "Checkout",
          "tests": [
            {
              "title": "user can checkout",
              "fullTitle": "user can checkout",
              "duration": 5200,
              "state": "passed",
              "speed": "medium",
              "pass": true,
              "fail": false,
              "pending": false,
              "context": null,
              "err": {},
              "uuid": "a8483c18-e146-4eb3-ac09-0eaa3465285a",
              "parentUUID": "7d0185a7-0392-4545-b00c-f8eea5a7d511",
              "isHook": false,
              "skipped": false
            }
          ],
          "suites": [],
          "beforeHooks": [],
          "afterHooks": [],
          "passes": [
            "a8483c18-e146-4eb3-ac09-0eaa3465285a"
          ],
          "failures": [],
          "pending": [],
          "skipped": [],
          "duration": 5200,
          "root": false,
          "rootEmpty": false,
          "_timeout": 10000
        },
        {
          "file": "",
          "uuid": "ecd4a9ef-4e1c-4444-8ef1-b7020619bf7f",
          "title": "Admin > Dashboard",
          "tests": [
            {
              "title": "admin dashboard loads",
              "fullTitle": "admin dashboard loads",
              "duration": 8000,
              "state": "failed",
              "speed": "slow",
              "pass": false,
              "fail": true,
              "pending": false,
              "context": "[{\"title\":\"Parameters\",\"value\":\"{\\n  \\\"userRole\\\": \\\"admin\\\",\\n  \\\"environment\\\": \\\"staging\\\"\\n}\"},{\"title\":\"Steps\",\"value\":\"[\\n  {\\n    \\\"name\\\": \\\"Navigate to dashboard\\\",\\n    \\\"status\\\": \\\"passed\\\"\\n  },\\n  {\\n    \\\"name\\\": \\\"Wait for metrics\\\",\\n    \\\"status\\\": \\\"failed\\\"\\n  }\\n]\"},{\"title\":\"stdout\",\"value\":\"Loading admin dashboard\\nChecking authentication\"},{\"title\":\"stderr\",\"value\":\"Warning: Slow network detected\\nError: Timeout waiting for .dashboard-metrics\"}]",
              "code": "const metrics = await page.locator('.dashboard-metrics');\nawait expect(metrics).toBeVisible();",
              "err": {
                "message": "Element not found: .dashboard-metrics",
                "estack": "Error: Element not found: .dashboard-metrics\n at waitForElement (test.js:45:10)\n at Object.<anonymous> (dashboard.test.js:42:5)",
                "diff": null
              },
              "uuid": "53a08a8c-4541-4f39-b3d5-8645fae31acb",
              "parentUUID": "ecd4a9ef-4e1c-4444-8ef1-b7020619bf7f",
              "isHook": false,
              "skipped": false
            }
          ],
          "suites": [],
          "beforeHooks": [],
          "afterHooks": [],
          "passes": [],
          "failures": [
            "53a08a8c-4541-4f39-b3d5-8645fae31acb"
          ],
          "pending": [],
          "skipped": [],
          "duration": 8000,
          "root": false,
          "rootEmpty": false,
          "_timeout": 10000
        }
      ],
      "passes": [],
      "failures": [],
      "pending": [],
      "skipped": [],
      "duration": 0,
      "root": true,
      "rootEmpty": true,
      "_timeout": 10000
    }
  ]
}