{
  "stats": {
    "suites": 1,
    "tests": 14,
    "passes": 7,
    "pending": 2,
    "failures": 5,
    "testsRegistered": 14,
    "passPercent": 49.99999999999999,
    "pendingPercent": 14.285714285714285,
    "other": 0,
    "hasOther": false,
    "skipped": 0,
    "hasSkipped": false,
    "duration": 56
  },
  "results": [
    {
      "uuid": "ad7f0a62-145b-4ca3-b934-bf0c82e971a5",
      "title": "",
      "fullFile": "",
      "file": "",
      "beforeHooks": [],
      "afterHooks": [],
      "tests": [],
      "suites": [
        {
          "uuid": "a570a02a-f02b-497b-8cfa-b7f4e340aa3e",
          "title": "Mocha Tests",
          "file": "",
          "beforeHooks": [],
          "afterHooks": [],
          "tests": [
            {
              "title": "[CoreCLR] exists",
              "fullTitle": "edge.func",
              "duration": 0,
              "state": "passed",
              "speed": "fast",
              "pass": true,
              "fail": false,
              "pending": false,
              "context": null,
              "code": null,
              "err": {},
              "uuid": "70d168b2-66fd-438c-884d-7bc746faab86",
              "parentUUID": "a570a02a-f02b-497b-8cfa-b7f4e340aa3e",
              "isHook": false,
              "skipped": false
            },
            {
              "title": "[CoreCLR] succeeds with assemblyFile as string",
              "fullTitle": "edge.func",
              "duration": 0,
              "state": "pending",
              "speed": "fast",
              "pass": false,
              "fail": false,
              "pending": true,
              "context": null,
              "code": null,
              "err": {},
              "uuid": "a36e1ad4-1e79-4c38-a4d4-2f2632a204dd",
              "parentUUID": "a570a02a-f02b-497b-8cfa-b7f4e340aa3e",
              "isHook": false,
              "skipped": false
            },
            {
              "title": "[CoreCLR] succeeds with assemblyFile as options property",
              "fullTitle": "edge.func",
              "duration": 0,
              "state": "pending",
              "speed": "fast",
              "pass": false,
              "fail": false,
              "pending": true,
              "context": null,
              "code": null,
              "err": {},
              "uuid": "5a9ba613-1bb0-4c7b-bf2a-4c5be1f198db",
              "parentUUID": "a570a02a-f02b-497b-8cfa-b7f4e340aa3e",
              "isHook": false,
              "skipped": false
            },
            {
              "title": "[CoreCLR] succeeds with assemblyFile and type name",
              "fullTitle": "edge.func",
              "duration": 46,
              "state": "failed",
              "speed": "slow",
              "pass": false,
              "fail": true,
              "pending": false,
              "context": null,
              "code": null,
              "err": {
                "estack": "Could not load file or assembly 'test, Culture=neutral, PublicKeyToken=null'. The system cannot find the file specified.\nError: Could not load file or assembly 'test, Culture=neutral, PublicKeyToken=null'. The system cannot find the file specified.\n    at exports.func (lib\\edge.js:174:17)\n    at Context.<anonymous> (test\\101_edge_func.js:82:19)\n    at process.processImmediate (node:internal/timers:491:21)",
                "diff": null
              },
              "uuid": "6e6ca132-fa37-481d-997c-36f2c84b202a",
              "parentUUID": "a570a02a-f02b-497b-8cfa-b7f4e340aa3e",
              "isHook": false,
              "skipped": false
            },
            {
              "title": "[CoreCLR] fails with assemblyFile and nonexisting type name",
              "fullTitle": "edge.func",
              "duration": 2,
              "state": "failed",
              "speed": "medium",
              "pass": false,
              "fail": true,
              "pending": false,
              "context": null,
              "code": null,
              "err": {
                "estack": "The input did not match the regular expression /Could not load type 'Edge.Tests.idontexist'/. Input:\n\n\"System.IO.FileNotFoundException: Could not load file or assembly 'test, Culture=neutral, PublicKeyToken=null'. The system cannot find the file specified.\"\n\nAssertionError [ERR_ASSERTION]: The input did not match the regular expression /Could not load type 'Edge.Tests.idontexist'/. Input:\n\n\"System.IO.FileNotFoundException: Could not load file or assembly 'test, Culture=neutral, PublicKeyToken=null'. The system cannot find the file specified.\"\n\n    at Context.<anonymous> (test\\101_edge_func.js:90:10)\n    at process.processImmediate (node:internal/timers:491:21)",
                "diff": null
              },
              "uuid": "9eaadaf8-1abb-448a-a8c2-1c7b3f205981",
              "parentUUID": "a570a02a-f02b-497b-8cfa-b7f4e340aa3e",
              "isHook": false,
              "skipped": false
            },
            {
              "title": "[CoreCLR] succeeds with assemblyFile, type name, and method name",
              "fullTitle": "edge.func",
              "duration": 1,
              "state": "failed",
              "speed": "fast",
              "pass": false,
              "fail": true,
              "pending": false,
              "context": null,
              "code": null,
              "err": {
                "estack": "Could not load file or assembly 'test, Culture=neutral, PublicKeyToken=null'. The system cannot find the file specified.\nError: Could not load file or assembly 'test, Culture=neutral, PublicKeyToken=null'. The system cannot find the file specified.\n    at exports.func (lib\\edge.js:174:17)\n    at Context.<anonymous> (test\\101_edge_func.js:102:19)\n    at process.processImmediate (node:internal/timers:491:21)",
                "diff": null
              },
              "uuid": "1d1cf12b-7559-46c9-a9e6-b2db99ab5f2c",
              "parentUUID": "a570a02a-f02b-497b-8cfa-b7f4e340aa3e",
              "isHook": false,
              "skipped": false
            },
            {
              "title": "[CoreCLR] fails with assemblyFile, type name and nonexisting method name",
              "fullTitle": "edge.func",
              "duration": 0,
              "state": "failed",
              "speed": "fast",
              "pass": false,
              "fail": true,
              "pending": false,
              "context": null,
              "code": null,
              "err": {
                "estack": "The input did not match the regular expression /Unable to access the CLR method to wrap through reflection/. Input:\n\n\"System.IO.FileNotFoundException: Could not load file or assembly 'test, Culture=neutral, PublicKeyToken=null'. The system cannot find the file specified.\"\n\nAssertionError [ERR_ASSERTION]: The input did not match the regular expression /Unable to access the CLR method to wrap through reflection/. Input:\n\n\"System.IO.FileNotFoundException: Could not load file or assembly 'test, Culture=neutral, PublicKeyToken=null'. The system cannot find the file specified.\"\n\n    at Context.<anonymous> (test\\101_edge_func.js:111:10)\n    at process.processImmediate (node:internal/timers:491:21)",
                "diff": null
              },
              "uuid": "3815cefc-0369-4880-bf31-af39522992fe",
              "parentUUID": "a570a02a-f02b-497b-8cfa-b7f4e340aa3e",
              "isHook": false,
              "skipped": false
            },
            {
              "title": "[CoreCLR] fails without parameters",
              "fullTitle": "edge.func failures",
              "duration": 0,
              "state": "passed",
              "speed": "fast",
              "pass": true,
              "fail": false,
              "pending": false,
              "context": null,
              "code": null,
              "err": {},
              "uuid": "579bd745-2678-459a-8fe1-a848ea195f3d",
              "parentUUID": "a570a02a-f02b-497b-8cfa-b7f4e340aa3e",
              "isHook": false,
              "skipped": false
            },
            {
              "title": "[CoreCLR] fails with a wrong parameter",
              "fullTitle": "edge.func failures",
              "duration": 0,
              "state": "passed",
              "speed": "fast",
              "pass": true,
              "fail": false,
              "pending": false,
              "context": null,
              "code": null,
              "err": {},
              "uuid": "8730f0c3-dcbb-4daf-9c1b-5ffea1da5647",
              "parentUUID": "a570a02a-f02b-497b-8cfa-b7f4e340aa3e",
              "isHook": false,
              "skipped": false
            },
            {
              "title": "[CoreCLR] fails with a wrong language parameter",
              "fullTitle": "edge.func failures",
              "duration": 0,
              "state": "passed",
              "speed": "fast",
              "pass": true,
              "fail": false,
              "pending": false,
              "context": null,
              "code": null,
              "err": {},
              "uuid": "fb108e58-dad4-4b0f-826c-fce6068dc1d2",
              "parentUUID": "a570a02a-f02b-497b-8cfa-b7f4e340aa3e",
              "isHook": false,
              "skipped": false
            },
            {
              "title": "[CoreCLR] fails with a unsupported language parameter",
              "fullTitle": "edge.func failures",
              "duration": 1,
              "state": "passed",
              "speed": "fast",
              "pass": true,
              "fail": false,
              "pending": false,
              "context": null,
              "code": null,
              "err": {},
              "uuid": "72fb0545-1df4-4724-b37e-173e76ebc7ac",
              "parentUUID": "a570a02a-f02b-497b-8cfa-b7f4e340aa3e",
              "isHook": false,
              "skipped": false
            },
            {
              "title": "[CoreCLR] fails with missing assemblyFile or source",
              "fullTitle": "edge.func failures",
              "duration": 1,
              "state": "passed",
              "speed": "fast",
              "pass": true,
              "fail": false,
              "pending": false,
              "context": null,
              "code": null,
              "err": {},
              "uuid": "55ee1dcb-debe-4705-926b-d2a1c3ad71ab",
              "parentUUID": "a570a02a-f02b-497b-8cfa-b7f4e340aa3e",
              "isHook": false,
              "skipped": false
            },
            {
              "title": "[CoreCLR] fails with both assemblyFile or source",
              "fullTitle": "edge.func failures",
              "duration": 0,
              "state": "passed",
              "speed": "fast",
              "pass": true,
              "fail": false,
              "pending": false,
              "context": null,
              "code": null,
              "err": {},
              "uuid": "3387bb7e-90b8-4057-aec4-ee6af05e0a79",
              "parentUUID": "a570a02a-f02b-497b-8cfa-b7f4e340aa3e",
              "isHook": false,
              "skipped": false
            },
            {
              "title": "[CoreCLR] fails with nonexisting assemblyFile",
              "fullTitle": "edge.func failures",
              "duration": 0,
              "state": "failed",
              "speed": "fast",
              "pass": false,
              "fail": true,
              "pending": false,
              "context": null,
              "code": null,
              "err": {
                "estack": "the string \"new exception\" was thrown, throw an Error :)\nError: the string \"new exception\" was thrown, throw an Error :)\n    at process.processImmediate (node:internal/timers:491:21)",
                "diff": null
              },
              "uuid": "5575272c-cded-418d-96da-8b5f42e74221",
              "parentUUID": "a570a02a-f02b-497b-8cfa-b7f4e340aa3e",
              "isHook": false,
              "skipped": false
            }
          ],
          "suites": [],
          "passes": [
            "70d168b2-66fd-438c-884d-7bc746faab86",
            "579bd745-2678-459a-8fe1-a848ea195f3d",
            "8730f0c3-dcbb-4daf-9c1b-5ffea1da5647",
            "fb108e58-dad4-4b0f-826c-fce6068dc1d2",
            "72fb0545-1df4-4724-b37e-173e76ebc7ac",
            "55ee1dcb-debe-4705-926b-d2a1c3ad71ab",
            "3387bb7e-90b8-4057-aec4-ee6af05e0a79"
          ],
          "failures": [
            "6e6ca132-fa37-481d-997c-36f2c84b202a",
            "9eaadaf8-1abb-448a-a8c2-1c7b3f205981",
            "1d1cf12b-7559-46c9-a9e6-b2db99ab5f2c",
            "3815cefc-0369-4880-bf31-af39522992fe",
            "5575272c-cded-418d-96da-8b5f42e74221"
          ],
          "pending": [
            "a36e1ad4-1e79-4c38-a4d4-2f2632a204dd",
            "5a9ba613-1bb0-4c7b-bf2a-4c5be1f198db"
          ],
          "skipped": [],
          "duration": 56,
          "root": false,
          "rootEmpty": false,
          "_timeout": 10000
        }
      ],
      "passes": [],
      "failures": [],
      "pending": [],
      "skipped": [],
      "duration": 0,
      "root": true,
      "rootEmpty": true,
      "_timeout": 10000
    }
  ]
}