{
  "stats": {
    "suites": 1,
    "tests": 3,
    "passes": 2,
    "pending": 0,
    "failures": 1,
    "testsRegistered": 3,
    "passPercent": 66.66666666666667,
    "pendingPercent": 0,
    "other": 0,
    "hasOther": false,
    "skipped": 0,
    "hasSkipped": false,
    "duration": 37
  },
  "results": [
    {
      "uuid": "c6c505ff-2401-4c53-b9f5-523f9ef22942",
      "title": "",
      "fullFile": "",
      "file": "",
      "beforeHooks": [],
      "afterHooks": [],
      "tests": [],
      "suites": [
        {
          "uuid": "c72443f5-66d9-462d-a14c-ca1c7f769820",
          "title": "PatientRegistration.Patient Registration (Example)",
          "file": "",
          "beforeHooks": [],
          "afterHooks": [],
          "tests": [
            {
              "title": "Create patient",
              "fullTitle": "PatientRegistration.Patient Registration (Example)",
              "duration": 16,
              "state": "passed",
              "speed": "slow",
              "pass": true,
              "fail": false,
              "pending": false,
              "context": "[{\"title\":\"system-out\",\"value\":\"@scenario.begin\\n\\n  @tc:62\\n  Scenario: Create patient\\n    When I create a patient with name \\\"John Doe\\\" on the host ... passed in 0.005s\\n    Then the patient \\\"John Doe\\\" should also be created in the application. ... passed in 0.011s\\n\\n@scenario.end\\n--------------------------------------------------------------------------------\"}]",
              "code": null,
              "err": {},
              "uuid": "ef754215-c088-4a7d-95e0-1fc5b7346e39",
              "parentUUID": "c72443f5-66d9-462d-a14c-ca1c7f769820",
              "isHook": false,
              "skipped": false
            },
            {
              "title": "Close patient",
              "fullTitle": "PatientRegistration.Patient Registration (Example)",
              "duration": 15,
              "state": "passed",
              "speed": "slow",
              "pass": true,
              "fail": false,
              "pending": false,
              "context": "[{\"title\":\"system-out\",\"value\":\"@scenario.begin\\n\\n  @tc:63\\n  Scenario: Close patient\\n    Given a patient is opened in the application ... passed in 0.005s\\n    When I close the patient on the host ... passed in 0.005s\\n    Then the patient should also be closed in the application. ... passed in 0.005s\\n\\n@scenario.end\\n--------------------------------------------------------------------------------\"}]",
              "code": null,
              "err": {},
              "uuid": "fca96d4a-e194-44ab-ba6f-fd793adf182e",
              "parentUUID": "c72443f5-66d9-462d-a14c-ca1c7f769820",
              "isHook": false,
              "skipped": false
            },
            {
              "title": "Edit patient",
              "fullTitle": "PatientRegistration.Patient Registration (Example)",
              "duration": 6,
              "state": "failed",
              "speed": "fast",
              "pass": false,
              "fail": true,
              "pending": false,
              "context": "[{\"title\":\"system-out\",\"value\":\"@scenario.begin\\n  Scenario: Edit patient\\n    Given a patient is opened in the application ... passed in 0.005s\\n    When I change the patient name to \\\"John Doe\\\" on the host ... failed in 0.001s\\n    Then the patient name should also be changed to \\\"John Doe\\\" in the application. ... skipped in 0.000s\\n\\n@scenario.end\\n--------------------------------------------------------------------------------\"},{\"title\":\"system-err\",\"value\":\"Failing step: When I change the patient name to \\\"John Doe\\\" on the host ... failed in 0.001s\\nLocation: tests/features/PatientRegistration.feature:20\\nTraceback (most recent call last):\\n  File \\\"D:\\\\dev\\\\bdd_demo_behave\\\\.venv\\\\lib\\\\site-packages\\\\behave\\\\model.py\\\", line 1329, in run\\n    match.run(runner.context)\\n  File \\\"D:\\\\dev\\\\bdd_demo_behave\\\\.venv\\\\lib\\\\site-packages\\\\behave\\\\matchers.py\\\", line 98, in run\\n    self.func(context, *args, **kwargs)\\n  File \\\"tests\\\\features\\\\steps\\\\step_patient_registration.py\\\", line 33, in step_impl\\n    context.patient.edit(first_name=\\\"John\\\", last_name=\\\"Doe\\\")\\nTypeError: edit() missing 2 required positional arguments: 'birth_date' and 'sex'\"}]",
              "code": null,
              "err": {
                "message": "TypeError: edit() missing 2 required positional arguments: 'birth_date' and 'sex'",
                "estack": "Failing step: When I change the patient name to \"John Doe\" on the host ... failed in 0.001s\nLocation: tests/features/PatientRegistration.feature:20\nTraceback (most recent call last):\n  File \"D:\\dev\\bdd_demo_behave\\.venv\\lib\\site-packages\\behave\\model.py\", line 1329, in run\n match.run(runner.context)\n  File \"D:\\dev\\bdd_demo_behave\\.venv\\lib\\site-packages\\behave\\matchers.py\", line 98, in run\n self.func(context, *args, **kwargs)\n  File \"tests\\features\\steps\\step_patient_registration.py\", line 33, in step_impl\n context.patient.edit(first_name=\"John\", last_name=\"Doe\")\nTypeError: edit() missing 2 required positional arguments: 'birth_date' and 'sex'",
                "diff": null
              },
              "uuid": "da36bf26-27f3-4ada-b661-d56b194d3522",
              "parentUUID": "c72443f5-66d9-462d-a14c-ca1c7f769820",
              "isHook": false,
              "skipped": false
            }
          ],
          "suites": [],
          "passes": [
            "ef754215-c088-4a7d-95e0-1fc5b7346e39",
            "fca96d4a-e194-44ab-ba6f-fd793adf182e"
          ],
          "failures": [
            "da36bf26-27f3-4ada-b661-d56b194d3522"
          ],
          "pending": [],
          "skipped": [],
          "duration": 37,
          "root": false,
          "rootEmpty": false,
          "_timeout": 10000
        }
      ],
      "passes": [],
      "failures": [],
      "pending": [],
      "skipped": [],
      "duration": 0,
      "root": true,
      "rootEmpty": true,
      "_timeout": 10000
    }
  ]
}