{
  "stats": {
    "suites": 1,
    "tests": 14,
    "passes": 7,
    "pending": 2,
    "failures": 5,
    "testsRegistered": 14,
    "passPercent": 49.99999999999999,
    "pendingPercent": 14.285714285714285,
    "other": 0,
    "hasOther": false,
    "skipped": 0,
    "hasSkipped": false,
    "duration": 56
  },
  "results": [
    {
      "uuid": "7d36423c-ac3b-424d-ac6c-1f6683f28f61",
      "title": "",
      "fullFile": "",
      "file": "",
      "beforeHooks": [],
      "afterHooks": [],
      "tests": [],
      "suites": [
        {
          "uuid": "08e073b3-2683-4ec4-bd23-a0b5bce62399",
          "title": "Mocha Tests",
          "file": "",
          "beforeHooks": [],
          "afterHooks": [],
          "tests": [
            {
              "title": "[CoreCLR] exists",
              "fullTitle": "edge.func",
              "duration": 0,
              "state": "passed",
              "speed": "fast",
              "pass": true,
              "fail": false,
              "pending": false,
              "context": null,
              "code": null,
              "err": {},
              "uuid": "3c9a37b4-daae-4df5-b9ea-ef94cbaefd6e",
              "parentUUID": "08e073b3-2683-4ec4-bd23-a0b5bce62399",
              "isHook": false,
              "skipped": false
            },
            {
              "title": "[CoreCLR] succeeds with assemblyFile as string",
              "fullTitle": "edge.func",
              "duration": 0,
              "state": "pending",
              "speed": "fast",
              "pass": false,
              "fail": false,
              "pending": true,
              "context": null,
              "code": null,
              "err": {},
              "uuid": "fe5a0c42-690a-4c38-9aae-f073940fde99",
              "parentUUID": "08e073b3-2683-4ec4-bd23-a0b5bce62399",
              "isHook": false,
              "skipped": false
            },
            {
              "title": "[CoreCLR] succeeds with assemblyFile as options property",
              "fullTitle": "edge.func",
              "duration": 0,
              "state": "pending",
              "speed": "fast",
              "pass": false,
              "fail": false,
              "pending": true,
              "context": null,
              "code": null,
              "err": {},
              "uuid": "f1956e99-95f2-4be4-8a18-b0502b731cb7",
              "parentUUID": "08e073b3-2683-4ec4-bd23-a0b5bce62399",
              "isHook": false,
              "skipped": false
            },
            {
              "title": "[CoreCLR] succeeds with assemblyFile and type name",
              "fullTitle": "edge.func",
              "duration": 46,
              "state": "failed",
              "speed": "slow",
              "pass": false,
              "fail": true,
              "pending": false,
              "context": null,
              "code": null,
              "err": {
                "estack": "Could not load file or assembly 'test, Culture=neutral, PublicKeyToken=null'. The system cannot find the file specified.\nError: Could not load file or assembly 'test, Culture=neutral, PublicKeyToken=null'. The system cannot find the file specified.\n    at exports.func (lib\\edge.js:174:17)\n    at Context.<anonymous> (test\\101_edge_func.js:82:19)\n    at process.processImmediate (node:internal/timers:491:21)",
                "diff": null
              },
              "uuid": "156e143c-9e70-4209-ae58-2e5f662ea114",
              "parentUUID": "08e073b3-2683-4ec4-bd23-a0b5bce62399",
              "isHook": false,
              "skipped": false
            },
            {
              "title": "[CoreCLR] fails with assemblyFile and nonexisting type name",
              "fullTitle": "edge.func",
              "duration": 2,
              "state": "failed",
              "speed": "medium",
              "pass": false,
              "fail": true,
              "pending": false,
              "context": null,
              "code": null,
              "err": {
                "estack": "The input did not match the regular expression /Could not load type 'Edge.Tests.idontexist'/. Input:\n\n\"System.IO.FileNotFoundException: Could not load file or assembly 'test, Culture=neutral, PublicKeyToken=null'. The system cannot find the file specified.\"\n\nAssertionError [ERR_ASSERTION]: The input did not match the regular expression /Could not load type 'Edge.Tests.idontexist'/. Input:\n\n\"System.IO.FileNotFoundException: Could not load file or assembly 'test, Culture=neutral, PublicKeyToken=null'. The system cannot find the file specified.\"\n\n    at Context.<anonymous> (test\\101_edge_func.js:90:10)\n    at process.processImmediate (node:internal/timers:491:21)",
                "diff": null
              },
              "uuid": "d0cf538b-237f-49e7-805e-f38077d71e1f",
              "parentUUID": "08e073b3-2683-4ec4-bd23-a0b5bce62399",
              "isHook": false,
              "skipped": false
            },
            {
              "title": "[CoreCLR] succeeds with assemblyFile, type name, and method name",
              "fullTitle": "edge.func",
              "duration": 1,
              "state": "failed",
              "speed": "fast",
              "pass": false,
              "fail": true,
              "pending": false,
              "context": null,
              "code": null,
              "err": {
                "estack": "Could not load file or assembly 'test, Culture=neutral, PublicKeyToken=null'. The system cannot find the file specified.\nError: Could not load file or assembly 'test, Culture=neutral, PublicKeyToken=null'. The system cannot find the file specified.\n    at exports.func (lib\\edge.js:174:17)\n    at Context.<anonymous> (test\\101_edge_func.js:102:19)\n    at process.processImmediate (node:internal/timers:491:21)",
                "diff": null
              },
              "uuid": "7fa956d3-a3e4-4766-889a-4074db7d0630",
              "parentUUID": "08e073b3-2683-4ec4-bd23-a0b5bce62399",
              "isHook": false,
              "skipped": false
            },
            {
              "title": "[CoreCLR] fails with assemblyFile, type name and nonexisting method name",
              "fullTitle": "edge.func",
              "duration": 0,
              "state": "failed",
              "speed": "fast",
              "pass": false,
              "fail": true,
              "pending": false,
              "context": null,
              "code": null,
              "err": {
                "estack": "The input did not match the regular expression /Unable to access the CLR method to wrap through reflection/. Input:\n\n\"System.IO.FileNotFoundException: Could not load file or assembly 'test, Culture=neutral, PublicKeyToken=null'. The system cannot find the file specified.\"\n\nAssertionError [ERR_ASSERTION]: The input did not match the regular expression /Unable to access the CLR method to wrap through reflection/. Input:\n\n\"System.IO.FileNotFoundException: Could not load file or assembly 'test, Culture=neutral, PublicKeyToken=null'. The system cannot find the file specified.\"\n\n    at Context.<anonymous> (test\\101_edge_func.js:111:10)\n    at process.processImmediate (node:internal/timers:491:21)",
                "diff": null
              },
              "uuid": "bd4f3d31-204c-4002-bcb9-aa3a2b9f2a38",
              "parentUUID": "08e073b3-2683-4ec4-bd23-a0b5bce62399",
              "isHook": false,
              "skipped": false
            },
            {
              "title": "[CoreCLR] fails without parameters",
              "fullTitle": "edge.func failures",
              "duration": 0,
              "state": "passed",
              "speed": "fast",
              "pass": true,
              "fail": false,
              "pending": false,
              "context": null,
              "code": null,
              "err": {},
              "uuid": "6e49bedf-3610-47e6-8ea5-531e59587b50",
              "parentUUID": "08e073b3-2683-4ec4-bd23-a0b5bce62399",
              "isHook": false,
              "skipped": false
            },
            {
              "title": "[CoreCLR] fails with a wrong parameter",
              "fullTitle": "edge.func failures",
              "duration": 0,
              "state": "passed",
              "speed": "fast",
              "pass": true,
              "fail": false,
              "pending": false,
              "context": null,
              "code": null,
              "err": {},
              "uuid": "a73823d1-c294-426b-8684-f55c6c1e1e2e",
              "parentUUID": "08e073b3-2683-4ec4-bd23-a0b5bce62399",
              "isHook": false,
              "skipped": false
            },
            {
              "title": "[CoreCLR] fails with a wrong language parameter",
              "fullTitle": "edge.func failures",
              "duration": 0,
              "state": "passed",
              "speed": "fast",
              "pass": true,
              "fail": false,
              "pending": false,
              "context": null,
              "code": null,
              "err": {},
              "uuid": "01c62622-d379-431a-ba92-ae2623b9f22a",
              "parentUUID": "08e073b3-2683-4ec4-bd23-a0b5bce62399",
              "isHook": false,
              "skipped": false
            },
            {
              "title": "[CoreCLR] fails with a unsupported language parameter",
              "fullTitle": "edge.func failures",
              "duration": 1,
              "state": "passed",
              "speed": "fast",
              "pass": true,
              "fail": false,
              "pending": false,
              "context": null,
              "code": null,
              "err": {},
              "uuid": "9f724395-d410-4c7b-8454-3ad1f0f3afa3",
              "parentUUID": "08e073b3-2683-4ec4-bd23-a0b5bce62399",
              "isHook": false,
              "skipped": false
            },
            {
              "title": "[CoreCLR] fails with missing assemblyFile or source",
              "fullTitle": "edge.func failures",
              "duration": 1,
              "state": "passed",
              "speed": "fast",
              "pass": true,
              "fail": false,
              "pending": false,
              "context": null,
              "code": null,
              "err": {},
              "uuid": "749796e1-b962-4449-a102-75ac59cd7c67",
              "parentUUID": "08e073b3-2683-4ec4-bd23-a0b5bce62399",
              "isHook": false,
              "skipped": false
            },
            {
              "title": "[CoreCLR] fails with both assemblyFile or source",
              "fullTitle": "edge.func failures",
              "duration": 0,
              "state": "passed",
              "speed": "fast",
              "pass": true,
              "fail": false,
              "pending": false,
              "context": null,
              "code": null,
              "err": {},
              "uuid": "a4beaf4b-22a1-4a90-babb-988d3a462fce",
              "parentUUID": "08e073b3-2683-4ec4-bd23-a0b5bce62399",
              "isHook": false,
              "skipped": false
            },
            {
              "title": "[CoreCLR] fails with nonexisting assemblyFile",
              "fullTitle": "edge.func failures",
              "duration": 0,
              "state": "failed",
              "speed": "fast",
              "pass": false,
              "fail": true,
              "pending": false,
              "context": null,
              "code": null,
              "err": {
                "estack": "the string \"new exception\" was thrown, throw an Error :)\nError: the string \"new exception\" was thrown, throw an Error :)\n    at process.processImmediate (node:internal/timers:491:21)",
                "diff": null
              },
              "uuid": "ca1ea0d5-8896-4724-a420-ace481dd4cb6",
              "parentUUID": "08e073b3-2683-4ec4-bd23-a0b5bce62399",
              "isHook": false,
              "skipped": false
            }
          ],
          "suites": [],
          "passes": [
            "3c9a37b4-daae-4df5-b9ea-ef94cbaefd6e",
            "6e49bedf-3610-47e6-8ea5-531e59587b50",
            "a73823d1-c294-426b-8684-f55c6c1e1e2e",
            "01c62622-d379-431a-ba92-ae2623b9f22a",
            "9f724395-d410-4c7b-8454-3ad1f0f3afa3",
            "749796e1-b962-4449-a102-75ac59cd7c67",
            "a4beaf4b-22a1-4a90-babb-988d3a462fce"
          ],
          "failures": [
            "156e143c-9e70-4209-ae58-2e5f662ea114",
            "d0cf538b-237f-49e7-805e-f38077d71e1f",
            "7fa956d3-a3e4-4766-889a-4074db7d0630",
            "bd4f3d31-204c-4002-bcb9-aa3a2b9f2a38",
            "ca1ea0d5-8896-4724-a420-ace481dd4cb6"
          ],
          "pending": [
            "fe5a0c42-690a-4c38-9aae-f073940fde99",
            "f1956e99-95f2-4be4-8a18-b0502b731cb7"
          ],
          "skipped": [],
          "duration": 56,
          "root": false,
          "rootEmpty": false,
          "_timeout": 10000
        }
      ],
      "passes": [],
      "failures": [],
      "pending": [],
      "skipped": [],
      "duration": 0,
      "root": true,
      "rootEmpty": true,
      "_timeout": 10000
    }
  ]
}