{
  "stats": {
    "suites": 6,
    "tests": 25,
    "passes": 20,
    "pending": 3,
    "failures": 2,
    "testsRegistered": 25,
    "passPercent": 80,
    "pendingPercent": 12,
    "other": 0,
    "hasOther": false,
    "skipped": 0,
    "hasSkipped": false,
    "duration": 154
  },
  "results": [
    {
      "uuid": "eb6858a5-1e20-422e-a507-620905dd6dbf",
      "title": "mock-assembly.dll",
      "fullFile": "",
      "file": "",
      "beforeHooks": [],
      "afterHooks": [],
      "tests": [],
      "suites": [
        {
          "uuid": "16217069-86d7-4c4a-bd3d-c78c369d8120",
          "title": "MethodWithParameters",
          "file": "NUnit.Tests.FixtureWithTestCases.MethodWithParameters",
          "beforeHooks": [],
          "afterHooks": [],
          "tests": [
            {
              "title": "MethodWithParameters(2,2)",
              "fullTitle": "NUnit.Tests.FixtureWithTestCases.MethodWithParameters(2,2)",
              "duration": 6,
              "state": "passed",
              "speed": "medium",
              "pass": true,
              "fail": false,
              "pending": false,
              "context": null,
              "code": null,
              "err": {},
              "uuid": "c101b00b-f0a5-4741-af26-4d7163f03f79",
              "parentUUID": "16217069-86d7-4c4a-bd3d-c78c369d8120",
              "isHook": false,
              "skipped": false
            },
            {
              "title": "MethodWithParameters(9,11)",
              "fullTitle": "NUnit.Tests.FixtureWithTestCases.MethodWithParameters(9,11)",
              "duration": 0,
              "state": "passed",
              "speed": "fast",
              "pass": true,
              "fail": false,
              "pending": false,
              "context": null,
              "code": null,
              "err": {},
              "uuid": "800f3768-7d69-4ee5-9805-d740379aa9e0",
              "parentUUID": "16217069-86d7-4c4a-bd3d-c78c369d8120",
              "isHook": false,
              "skipped": false
            }
          ],
          "suites": [],
          "passes": [
            "c101b00b-f0a5-4741-af26-4d7163f03f79",
            "800f3768-7d69-4ee5-9805-d740379aa9e0"
          ],
          "failures": [],
          "pending": [],
          "skipped": [],
          "duration": 9,
          "root": false,
          "rootEmpty": false,
          "_timeout": 10000
        },
        {
          "uuid": "e06346ab-7a74-4383-b123-a22d5e205849",
          "title": "MockTestFixture",
          "file": "NUnit.Tests.Assemblies.MockTestFixture",
          "beforeHooks": [],
          "afterHooks": [],
          "tests": [
            {
              "title": "FailingTest",
              "fullTitle": "NUnit.Tests.Assemblies.MockTestFixture.FailingTest",
              "duration": 23,
              "state": "failed",
              "speed": "slow",
              "pass": false,
              "fail": true,
              "pending": false,
              "context": null,
              "code": null,
              "err": {
                "message": "Intentional failure",
                "estack": "at NUnit.Framework.Assert.Fail(String message, Object[] args) in D:\\Dev\\NUnit\\nunit-3.0\\work\\NUnitFramework\\src\\framework\\Assert.cs:line 142\nat NUnit.Framework.Assert.Fail(String message) in D:\\Dev\\NUnit\\nunit-3.0\\work\\NUnitFramework\\src\\framework\\Assert.cs:line 152\nat NUnit.Tests.Assemblies.MockTestFixture.FailingTest() in D:\\Dev\\NUnit\\nunit-3.0\\work\\NUnitFramework\\src\\mock-assembly\\MockAssembly.cs:line 121",
                "diff": null
              },
              "uuid": "9c03b589-46df-42bb-8e41-95602ef725ff",
              "parentUUID": "e06346ab-7a74-4383-b123-a22d5e205849",
              "isHook": false,
              "skipped": false
            },
            {
              "title": "InconclusiveTest",
              "fullTitle": "NUnit.Tests.Assemblies.MockTestFixture.InconclusiveTest",
              "duration": 1,
              "state": "pending",
              "speed": "fast",
              "pass": false,
              "fail": false,
              "pending": true,
              "context": "[\"skipped: Inconclusive test\"]",
              "code": null,
              "err": {},
              "uuid": "5290ffc0-3cca-43a8-8d71-0bfe2ef1226a",
              "parentUUID": "e06346ab-7a74-4383-b123-a22d5e205849",
              "isHook": false,
              "skipped": false
            },
            {
              "title": "MockTest1",
              "fullTitle": "NUnit.Tests.Assemblies.MockTestFixture.MockTest1",
              "duration": 0,
              "state": "passed",
              "speed": "fast",
              "pass": true,
              "fail": false,
              "pending": false,
              "context": "[{\"title\":\"Properties\",\"value\":[\"Description: Mock Test #1\"]}]",
              "code": null,
              "err": {},
              "uuid": "4ca2e06f-9505-4566-8a6c-d658db5689e5",
              "parentUUID": "e06346ab-7a74-4383-b123-a22d5e205849",
              "isHook": false,
              "skipped": false
            },
            {
              "title": "MockTest2",
              "fullTitle": "NUnit.Tests.Assemblies.MockTestFixture.MockTest2",
              "duration": 0,
              "state": "passed",
              "speed": "fast",
              "pass": true,
              "fail": false,
              "pending": false,
              "context": "[{\"title\":\"Properties\",\"value\":[\"Severity: Critical\",\"Description: This is a really, really, really, really, really, really, really, really, really, really, really, really, really, really, really, really, really, really, really, really, really, really, really, really, really long description\",\"Category: MockCategory\"]}]",
              "code": null,
              "err": {},
              "uuid": "387997e8-5093-459a-b78c-a33f902c1461",
              "parentUUID": "e06346ab-7a74-4383-b123-a22d5e205849",
              "isHook": false,
              "skipped": false
            },
            {
              "title": "MockTest3",
              "fullTitle": "NUnit.Tests.Assemblies.MockTestFixture.MockTest3",
              "duration": 0,
              "state": "passed",
              "speed": "fast",
              "pass": true,
              "fail": false,
              "pending": false,
              "context": "[{\"title\":\"Properties\",\"value\":[\"Category: AnotherCategory\",\"Category: MockCategory\"]}]",
              "code": null,
              "err": {},
              "uuid": "0d6d18b0-c790-4092-bfb7-0f868d4a19a5",
              "parentUUID": "e06346ab-7a74-4383-b123-a22d5e205849",
              "isHook": false,
              "skipped": false
            },
            {
              "title": "MockTest4",
              "fullTitle": "NUnit.Tests.Assemblies.MockTestFixture.MockTest4",
              "duration": 0,
              "state": "pending",
              "speed": "fast",
              "pass": false,
              "fail": false,
              "pending": true,
              "context": "[{\"title\":\"Properties\",\"value\":[\"Category: Foo\",\"_SKIPREASON: ignoring this test method for now\"]},\"skipped: ignoring this test method for now\"]",
              "code": null,
              "err": {},
              "uuid": "c87ce58a-385f-435a-b5fe-2abf3c5e7d9a",
              "parentUUID": "e06346ab-7a74-4383-b123-a22d5e205849",
              "isHook": false,
              "skipped": false
            },
            {
              "title": "MockTest5",
              "fullTitle": "NUnit.Tests.Assemblies.MockTestFixture.MockTest5",
              "duration": 0,
              "state": "pending",
              "speed": "fast",
              "pass": false,
              "fail": false,
              "pending": true,
              "context": "[{\"title\":\"Properties\",\"value\":[\"_SKIPREASON: Method is not public\"]},\"skipped: Method is not public\"]",
              "code": null,
              "err": {},
              "uuid": "49bf3002-837b-4b91-a554-4ed8a00b6008",
              "parentUUID": "e06346ab-7a74-4383-b123-a22d5e205849",
              "isHook": false,
              "skipped": false
            },
            {
              "title": "NotRunnableTest",
              "fullTitle": "NUnit.Tests.Assemblies.MockTestFixture.NotRunnableTest",
              "duration": 0,
              "state": "pending",
              "speed": "fast",
              "pass": false,
              "fail": false,
              "pending": true,
              "context": "[{\"title\":\"Properties\",\"value\":[\"_SKIPREASON: No arguments were provided\"]},\"skipped: No arguments were provided\"]",
              "code": null,
              "err": {},
              "uuid": "206a90d2-e337-41b0-919c-b71b315ab9b6",
              "parentUUID": "e06346ab-7a74-4383-b123-a22d5e205849",
              "isHook": false,
              "skipped": false
            },
            {
              "title": "TestWithException",
              "fullTitle": "NUnit.Tests.Assemblies.MockTestFixture.TestWithException",
              "duration": 2,
              "state": "failed",
              "speed": "fast",
              "pass": false,
              "fail": true,
              "pending": false,
              "context": null,
              "code": null,
              "err": {
                "message": "System.ApplicationException : Intentional Exception",
                "estack": "at NUnit.Tests.Assemblies.MockTestFixture.MethodThrowsException() in D:\\Dev\\NUnit\\nunit-3.0\\work\\NUnitFramework\\src\\mock-assembly\\MockAssembly.cs:line 158\nat NUnit.Tests.Assemblies.MockTestFixture.TestWithException() in D:\\Dev\\NUnit\\nunit-3.0\\work\\NUnitFramework\\src\\mock-assembly\\MockAssembly.cs:line 153",
                "diff": null
              },
              "uuid": "2e2eed9e-a5aa-41eb-964f-edd72befb0d1",
              "parentUUID": "e06346ab-7a74-4383-b123-a22d5e205849",
              "isHook": false,
              "skipped": false
            },
            {
              "title": "TestWithManyProperties",
              "fullTitle": "NUnit.Tests.Assemblies.MockTestFixture.TestWithManyProperties",
              "duration": 0,
              "state": "passed",
              "speed": "fast",
              "pass": true,
              "fail": false,
              "pending": false,
              "context": "[{\"title\":\"Properties\",\"value\":[\"TargetMethod: SomeClassName\",\"Size: 5\"]}]",
              "code": null,
              "err": {},
              "uuid": "9ff0db55-2383-448c-ad2d-9260a8b8c53d",
              "parentUUID": "e06346ab-7a74-4383-b123-a22d5e205849",
              "isHook": false,
              "skipped": false
            }
          ],
          "suites": [],
          "passes": [
            "4ca2e06f-9505-4566-8a6c-d658db5689e5",
            "387997e8-5093-459a-b78c-a33f902c1461",
            "0d6d18b0-c790-4092-bfb7-0f868d4a19a5",
            "9ff0db55-2383-448c-ad2d-9260a8b8c53d"
          ],
          "failures": [
            "9c03b589-46df-42bb-8e41-95602ef725ff",
            "2e2eed9e-a5aa-41eb-964f-edd72befb0d1"
          ],
          "pending": [
            "5290ffc0-3cca-43a8-8d71-0bfe2ef1226a",
            "c87ce58a-385f-435a-b5fe-2abf3c5e7d9a",
            "49bf3002-837b-4b91-a554-4ed8a00b6008",
            "206a90d2-e337-41b0-919c-b71b315ab9b6"
          ],
          "skipped": [],
          "duration": 119,
          "root": false,
          "rootEmpty": false,
          "_timeout": 10000
        },
        {
          "uuid": "d011f843-6f1e-4fa4-9f32-af8e9caccb9f",
          "title": "MockTestFixture",
          "file": "NUnit.Tests.TestAssembly.MockTestFixture",
          "beforeHooks": [],
          "afterHooks": [],
          "tests": [
            {
              "title": "MyTest",
              "fullTitle": "NUnit.Tests.TestAssembly.MockTestFixture.MyTest",
              "duration": 1,
              "state": "passed",
              "speed": "fast",
              "pass": true,
              "fail": false,
              "pending": false,
              "context": null,
              "code": null,
              "err": {},
              "uuid": "40185cdf-c00d-49bf-b12f-94925507b155",
              "parentUUID": "d011f843-6f1e-4fa4-9f32-af8e9caccb9f",
              "isHook": false,
              "skipped": false
            }
          ],
          "suites": [],
          "passes": [
            "40185cdf-c00d-49bf-b12f-94925507b155"
          ],
          "failures": [],
          "pending": [],
          "skipped": [],
          "duration": 1,
          "root": false,
          "rootEmpty": false,
          "_timeout": 10000
        },
        {
          "uuid": "90474925-e6b0-4e84-8471-dd752ff3ff65",
          "title": "OneTestCase",
          "file": "NUnit.Tests.Singletons.OneTestCase",
          "beforeHooks": [],
          "afterHooks": [],
          "tests": [
            {
              "title": "TestCase",
              "fullTitle": "NUnit.Tests.Singletons.OneTestCase.TestCase",
              "duration": 0,
              "state": "passed",
              "speed": "fast",
              "pass": true,
              "fail": false,
              "pending": false,
              "context": null,
              "code": null,
              "err": {},
              "uuid": "55a0fc1e-46d0-4ea3-aa90-9f6425419c92",
              "parentUUID": "90474925-e6b0-4e84-8471-dd752ff3ff65",
              "isHook": false,
              "skipped": false
            }
          ],
          "suites": [],
          "passes": [
            "55a0fc1e-46d0-4ea3-aa90-9f6425419c92"
          ],
          "failures": [],
          "pending": [],
          "skipped": [],
          "duration": 1,
          "root": false,
          "rootEmpty": false,
          "_timeout": 10000
        },
        {
          "uuid": "7ab3e4b3-cc72-4a20-8778-1b3a7ac85cb0",
          "title": "ParameterizedFixture(42)",
          "file": "NUnit.Tests.ParameterizedFixture(42)",
          "beforeHooks": [],
          "afterHooks": [],
          "tests": [
            {
              "title": "Test1",
              "fullTitle": "NUnit.Tests.ParameterizedFixture(42).Test1",
              "duration": 0,
              "state": "passed",
              "speed": "fast",
              "pass": true,
              "fail": false,
              "pending": false,
              "context": null,
              "code": null,
              "err": {},
              "uuid": "ff9ccab4-e354-4cde-af82-d2e7a7b899e3",
              "parentUUID": "7ab3e4b3-cc72-4a20-8778-1b3a7ac85cb0",
              "isHook": false,
              "skipped": false
            },
            {
              "title": "Test2",
              "fullTitle": "NUnit.Tests.ParameterizedFixture(42).Test2",
              "duration": 0,
              "state": "passed",
              "speed": "fast",
              "pass": true,
              "fail": false,
              "pending": false,
              "context": null,
              "code": null,
              "err": {},
              "uuid": "8c69042c-8816-44c3-8be0-e40fcf203ca8",
              "parentUUID": "7ab3e4b3-cc72-4a20-8778-1b3a7ac85cb0",
              "isHook": false,
              "skipped": false
            }
          ],
          "suites": [],
          "passes": [
            "ff9ccab4-e354-4cde-af82-d2e7a7b899e3",
            "8c69042c-8816-44c3-8be0-e40fcf203ca8"
          ],
          "failures": [],
          "pending": [],
          "skipped": [],
          "duration": 3,
          "root": false,
          "rootEmpty": false,
          "_timeout": 10000
        },
        {
          "uuid": "c665da3e-aa0b-47e4-92fd-6994f0ef8b1d",
          "title": "ParameterizedFixture(5)",
          "file": "NUnit.Tests.ParameterizedFixture(5)",
          "beforeHooks": [],
          "afterHooks": [],
          "tests": [
            {
              "title": "Test1",
              "fullTitle": "NUnit.Tests.ParameterizedFixture(5).Test1",
              "duration": 0,
              "state": "passed",
              "speed": "fast",
              "pass": true,
              "fail": false,
              "pending": false,
              "context": null,
              "code": null,
              "err": {},
              "uuid": "8a478841-0931-48fb-bf68-7eb68534ab5c",
              "parentUUID": "c665da3e-aa0b-47e4-92fd-6994f0ef8b1d",
              "isHook": false,
              "skipped": false
            },
            {
              "title": "Test2",
              "fullTitle": "NUnit.Tests.ParameterizedFixture(5).Test2",
              "duration": 0,
              "state": "passed",
              "speed": "fast",
              "pass": true,
              "fail": false,
              "pending": false,
              "context": null,
              "code": null,
              "err": {},
              "uuid": "4e921752-c4d3-41d1-a7a3-95532d58bcb2",
              "parentUUID": "c665da3e-aa0b-47e4-92fd-6994f0ef8b1d",
              "isHook": false,
              "skipped": false
            }
          ],
          "suites": [],
          "passes": [
            "8a478841-0931-48fb-bf68-7eb68534ab5c",
            "4e921752-c4d3-41d1-a7a3-95532d58bcb2"
          ],
          "failures": [],
          "pending": [],
          "skipped": [],
          "duration": 2,
          "root": false,
          "rootEmpty": false,
          "_timeout": 10000
        }
      ],
      "passes": [],
      "failures": [],
      "pending": [],
      "skipped": [],
      "duration": 0,
      "root": true,
      "rootEmpty": true,
      "_timeout": 10000
    }
  ]
}