{
  "stats": {
    "suites": 3,
    "tests": 5,
    "passes": 5,
    "pending": 0,
    "failures": 0,
    "testsRegistered": 5,
    "passPercent": 100,
    "pendingPercent": 0,
    "other": 0,
    "hasOther": false,
    "skipped": 0,
    "hasSkipped": false,
    "duration": 134
  },
  "results": [
    {
      "uuid": "ebdd810b-51df-4cc2-8c0c-7d916f063792",
      "title": "TestLibrary.Example.dll",
      "fullFile": "",
      "file": "",
      "beforeHooks": [],
      "afterHooks": [],
      "tests": [],
      "suites": [
        {
          "uuid": "70bd0f0b-0416-4dec-9eb2-523952256a09",
          "title": "ExampleTestFixture",
          "file": "TestLibrary.Example.ExampleTestFixture",
          "beforeHooks": [],
          "afterHooks": [],
          "tests": [
            {
              "title": "SimpleTest",
              "fullTitle": "TestLibrary.Example.ExampleTestFixture.SimpleTest",
              "duration": 2,
              "state": "passed",
              "speed": "fast",
              "pass": true,
              "fail": false,
              "pending": false,
              "context": "[{\"title\":\"system-out\",\"value\":\"Running ExampleTestFixture.SetupMethod\\n     Running ExampleTestFixture.SimpleTest\"}]",
              "code": null,
              "err": {},
              "uuid": "2900926d-6583-4000-bef0-7a0b02faceca",
              "parentUUID": "70bd0f0b-0416-4dec-9eb2-523952256a09",
              "isHook": false,
              "skipped": false
            }
          ],
          "suites": [],
          "passes": [
            "2900926d-6583-4000-bef0-7a0b02faceca"
          ],
          "failures": [],
          "pending": [],
          "skipped": [],
          "duration": 36,
          "root": false,
          "rootEmpty": false,
          "_timeout": 10000
        },
        {
          "uuid": "ccebb45c-8b38-4247-a8d6-fd4bd6e8b37e",
          "title": "ParameterizedTest",
          "file": "TestLibrary.Example.ExampleTestFixture.ParameterizedTest",
          "beforeHooks": [],
          "afterHooks": [],
          "tests": [
            {
              "title": "Example1",
              "fullTitle": "TestLibrary.Example.ExampleTestFixture.Example1",
              "duration": 23,
              "state": "passed",
              "speed": "medium",
              "pass": true,
              "fail": false,
              "pending": false,
              "context": "[{\"title\":\"Properties\",\"value\":[\"_JOINTYPE: Combinatorial\",\"_PID: 8204\",\"_APPDOMAIN: domain-4461bdb5-TestLibrary.Example.dll\"]},{\"title\":\"system-out\",\"value\":\"Running ExampleTestFixture.SetupMethod\\n     Running ExampleTestFixture.ParameterizedTest\"}]",
              "code": null,
              "err": {},
              "uuid": "f2f83528-fed0-482f-86cb-741ca02584ef",
              "parentUUID": "ccebb45c-8b38-4247-a8d6-fd4bd6e8b37e",
              "isHook": false,
              "skipped": false
            },
            {
              "title": "ParameterizedTest(2,3,5)",
              "fullTitle": "TestLibrary.Example.ExampleTestFixture.ParameterizedTest(2,3,5)",
              "duration": 1,
              "state": "passed",
              "speed": "fast",
              "pass": true,
              "fail": false,
              "pending": false,
              "context": "[{\"title\":\"Properties\",\"value\":[\"Description: Ensures aria-label is not present instead of empty string\"]},{\"title\":\"system-out\",\"value\":\"Running ExampleTestFixture.SetupMethod\\n     Running ExampleTestFixture.ParameterizedTest\"}]",
              "code": null,
              "err": {},
              "uuid": "4af565ac-2e4d-44be-b80b-fcbeb5486d88",
              "parentUUID": "ccebb45c-8b38-4247-a8d6-fd4bd6e8b37e",
              "isHook": false,
              "skipped": false
            }
          ],
          "suites": [],
          "passes": [
            "f2f83528-fed0-482f-86cb-741ca02584ef",
            "4af565ac-2e4d-44be-b80b-fcbeb5486d88"
          ],
          "failures": [],
          "pending": [],
          "skipped": [],
          "duration": 29,
          "root": false,
          "rootEmpty": false,
          "_timeout": 10000
        },
        {
          "uuid": "3cc7660c-bf45-42c5-9238-9709f78de30b",
          "title": "TestWithSource",
          "file": "TestLibrary.Example.ExampleTestFixture.TestWithSource",
          "beforeHooks": [],
          "afterHooks": [],
          "tests": [
            {
              "title": "Example1",
              "fullTitle": "TestLibrary.Example.ExampleTestFixture.Example1",
              "duration": 1,
              "state": "passed",
              "speed": "fast",
              "pass": true,
              "fail": false,
              "pending": false,
              "context": "[{\"title\":\"system-out\",\"value\":\"Running ExampleTestFixture.SetupMethod\\n     Running ExampleTestFixture.TestWithSource\"}]",
              "code": null,
              "err": {},
              "uuid": "6761285c-364c-4fc0-8c39-97184b5a09dc",
              "parentUUID": "3cc7660c-bf45-42c5-9238-9709f78de30b",
              "isHook": false,
              "skipped": false
            },
            {
              "title": "TestWithSource(2,3,5)",
              "fullTitle": "TestLibrary.Example.ExampleTestFixture.TestWithSource(2,3,5)",
              "duration": 1,
              "state": "passed",
              "speed": "fast",
              "pass": true,
              "fail": false,
              "pending": false,
              "context": "[{\"title\":\"system-out\",\"value\":\"Running ExampleTestFixture.SetupMethod\\n     Running ExampleTestFixture.TestWithSource\"}]",
              "code": null,
              "err": {},
              "uuid": "123b2bbb-161a-4333-8d2b-3f550b8b229b",
              "parentUUID": "3cc7660c-bf45-42c5-9238-9709f78de30b",
              "isHook": false,
              "skipped": false
            }
          ],
          "suites": [],
          "passes": [
            "6761285c-364c-4fc0-8c39-97184b5a09dc",
            "123b2bbb-161a-4333-8d2b-3f550b8b229b"
          ],
          "failures": [],
          "pending": [],
          "skipped": [],
          "duration": 1,
          "root": false,
          "rootEmpty": false,
          "_timeout": 10000
        }
      ],
      "passes": [],
      "failures": [],
      "pending": [],
      "skipped": [],
      "duration": 0,
      "root": true,
      "rootEmpty": true,
      "_timeout": 10000
    }
  ]
}