{
  "stats": {
    "suites": 3,
    "tests": 16,
    "passes": 9,
    "pending": 2,
    "failures": 5,
    "testsRegistered": 16,
    "passPercent": 56.25,
    "pendingPercent": 12.5,
    "other": 0,
    "hasOther": false,
    "skipped": 0,
    "hasSkipped": false,
    "duration": 3080
  },
  "results": [
    {
      "uuid": "0a8e63d2-bd1c-41b8-b7ee-453bbb32266c",
      "title": "",
      "fullFile": "",
      "file": "",
      "beforeHooks": [],
      "afterHooks": [],
      "tests": [],
      "suites": [
        {
          "uuid": "f7e6eef1-62e3-4c7d-8e22-f105628ef751",
          "title": "NUnitSample.DataDriven",
          "file": "",
          "beforeHooks": [],
          "afterHooks": [],
          "tests": [
            {
              "title": "Failing_test",
              "fullTitle": "NUnitSample.DataDriven",
              "duration": 23,
              "state": "failed",
              "speed": "fast",
              "pass": false,
              "fail": true,
              "pending": false,
              "context": null,
              "code": null,
              "err": {
                "message": "Failing for demo purposes",
                "estack": "at NUnitSample.DataDriven.Failing_test() in C:\\projects\\trx2junit\\samples\\NUnitSample\\DataDriven.cs:line 27\n\n1)    at NUnitSample.DataDriven.Failing_test() in C:\\projects\\trx2junit\\samples\\NUnitSample\\DataDriven.cs:line 27",
                "diff": null
              },
              "uuid": "778f10e8-dce9-43c0-88bd-9c6e3c33c987",
              "parentUUID": "f7e6eef1-62e3-4c7d-8e22-f105628ef751",
              "isHook": false,
              "skipped": false
            },
            {
              "title": "Slow_test",
              "fullTitle": "NUnitSample.DataDriven",
              "duration": 1009,
              "state": "passed",
              "speed": "slow",
              "pass": true,
              "fail": false,
              "pending": false,
              "context": null,
              "code": null,
              "err": {},
              "uuid": "1b681fb6-859c-49d8-96fa-391fc6544d97",
              "parentUUID": "f7e6eef1-62e3-4c7d-8e22-f105628ef751",
              "isHook": false,
              "skipped": false
            },
            {
              "title": "Two_pass_one_fails(0)",
              "fullTitle": "NUnitSample.DataDriven",
              "duration": 1,
              "state": "passed",
              "speed": "fast",
              "pass": true,
              "fail": false,
              "pending": false,
              "context": null,
              "code": null,
              "err": {},
              "uuid": "1c821a31-a7e0-4c64-a3f9-ee99abfa3b97",
              "parentUUID": "f7e6eef1-62e3-4c7d-8e22-f105628ef751",
              "isHook": false,
              "skipped": false
            },
            {
              "title": "Two_pass_one_fails(1)",
              "fullTitle": "NUnitSample.DataDriven",
              "duration": 1,
              "state": "failed",
              "speed": "fast",
              "pass": false,
              "fail": true,
              "pending": false,
              "context": null,
              "code": null,
              "err": {
                "message": "Failing for demo purposes",
                "estack": "at NUnitSample.DataDriven.Two_pass_one_fails(Int32 arg) in C:\\projects\\trx2junit\\samples\\NUnitSample\\DataDriven.cs:line 18\n   at InvokeStub_DataDriven.Two_pass_one_fails(Object, Span`1)\n\n1)    at NUnitSample.DataDriven.Two_pass_one_fails(Int32 arg) in C:\\projects\\trx2junit\\samples\\NUnitSample\\DataDriven.cs:line 18\n   at InvokeStub_DataDriven.Two_pass_one_fails(Object, Span`1)",
                "diff": null
              },
              "uuid": "d150bcdd-c0a1-4c74-97b8-1cb7a672999e",
              "parentUUID": "f7e6eef1-62e3-4c7d-8e22-f105628ef751",
              "isHook": false,
              "skipped": false
            },
            {
              "title": "Two_pass_one_fails(2)",
              "fullTitle": "NUnitSample.DataDriven",
              "duration": 1,
              "state": "passed",
              "speed": "fast",
              "pass": true,
              "fail": false,
              "pending": false,
              "context": null,
              "code": null,
              "err": {},
              "uuid": "005e4220-a30e-4533-a4dd-969b9ddab51d",
              "parentUUID": "f7e6eef1-62e3-4c7d-8e22-f105628ef751",
              "isHook": false,
              "skipped": false
            }
          ],
          "suites": [],
          "passes": [
            "1b681fb6-859c-49d8-96fa-391fc6544d97",
            "1c821a31-a7e0-4c64-a3f9-ee99abfa3b97",
            "005e4220-a30e-4533-a4dd-969b9ddab51d"
          ],
          "failures": [
            "778f10e8-dce9-43c0-88bd-9c6e3c33c987",
            "d150bcdd-c0a1-4c74-97b8-1cb7a672999e"
          ],
          "pending": [],
          "skipped": [],
          "duration": 1032,
          "root": false,
          "rootEmpty": false,
          "_timeout": 10000
        },
        {
          "uuid": "7bcb014a-a336-4e0d-b3fa-15aa23903e0a",
          "title": "NUnitSample.MemberData",
          "file": "",
          "beforeHooks": [],
          "afterHooks": [],
          "tests": [
            {
              "title": "Failing_test",
              "fullTitle": "NUnitSample.MemberData",
              "duration": 4,
              "state": "failed",
              "speed": "fast",
              "pass": false,
              "fail": true,
              "pending": false,
              "context": null,
              "code": null,
              "err": {
                "message": "  Failing for demo purposes   Expected: True   But was:  False ",
                "estack": "at NUnitSample.MemberData.Failing_test() in C:\\projects\\trx2junit\\samples\\NUnitSample\\MemberData.cs:line 31\n\n1)    at NUnitSample.MemberData.Failing_test() in C:\\projects\\trx2junit\\samples\\NUnitSample\\MemberData.cs:line 31",
                "diff": null
              },
              "uuid": "ea4ba606-e67b-48c8-9d3c-8b259fca509d",
              "parentUUID": "7bcb014a-a336-4e0d-b3fa-15aa23903e0a",
              "isHook": false,
              "skipped": false
            },
            {
              "title": "Slow_test",
              "fullTitle": "NUnitSample.MemberData",
              "duration": 1015,
              "state": "passed",
              "speed": "slow",
              "pass": true,
              "fail": false,
              "pending": false,
              "context": null,
              "code": null,
              "err": {},
              "uuid": "70b66551-1623-41a1-9769-fb06ed77a06a",
              "parentUUID": "7bcb014a-a336-4e0d-b3fa-15aa23903e0a",
              "isHook": false,
              "skipped": false
            },
            {
              "title": "Two_pass_one_fails({ index = 0 })",
              "fullTitle": "NUnitSample.MemberData",
              "duration": 22,
              "state": "passed",
              "speed": "fast",
              "pass": true,
              "fail": false,
              "pending": false,
              "context": null,
              "code": null,
              "err": {},
              "uuid": "58d98c7b-d13e-4ef2-8813-c2820864af22",
              "parentUUID": "7bcb014a-a336-4e0d-b3fa-15aa23903e0a",
              "isHook": false,
              "skipped": false
            },
            {
              "title": "Two_pass_one_fails({ index = 1 })",
              "fullTitle": "NUnitSample.MemberData",
              "duration": 1,
              "state": "failed",
              "speed": "fast",
              "pass": false,
              "fail": true,
              "pending": false,
              "context": null,
              "code": null,
              "err": {
                "message": "  Failing for demo purposes   Expected: True   But was:  False ",
                "estack": "at NUnitSample.MemberData.Two_pass_one_fails(Object obj) in C:\\projects\\trx2junit\\samples\\NUnitSample\\MemberData.cs:line 22\n   at InvokeStub_MemberData.Two_pass_one_fails(Object, Span`1)\n\n1)    at NUnitSample.MemberData.Two_pass_one_fails(Object obj) in C:\\projects\\trx2junit\\samples\\NUnitSample\\MemberData.cs:line 22\n   at InvokeStub_MemberData.Two_pass_one_fails(Object, Span`1)",
                "diff": null
              },
              "uuid": "76f3789f-69d8-46bd-bfef-0481ecfd03f8",
              "parentUUID": "7bcb014a-a336-4e0d-b3fa-15aa23903e0a",
              "isHook": false,
              "skipped": false
            },
            {
              "title": "Two_pass_one_fails({ index = 2 })",
              "fullTitle": "NUnitSample.MemberData",
              "duration": 1,
              "state": "passed",
              "speed": "fast",
              "pass": true,
              "fail": false,
              "pending": false,
              "context": null,
              "code": null,
              "err": {},
              "uuid": "2a8e14c8-1544-4080-84b1-7b1b17569368",
              "parentUUID": "7bcb014a-a336-4e0d-b3fa-15aa23903e0a",
              "isHook": false,
              "skipped": false
            }
          ],
          "suites": [],
          "passes": [
            "70b66551-1623-41a1-9769-fb06ed77a06a",
            "58d98c7b-d13e-4ef2-8813-c2820864af22",
            "2a8e14c8-1544-4080-84b1-7b1b17569368"
          ],
          "failures": [
            "ea4ba606-e67b-48c8-9d3c-8b259fca509d",
            "76f3789f-69d8-46bd-bfef-0481ecfd03f8"
          ],
          "pending": [],
          "skipped": [],
          "duration": 1041,
          "root": false,
          "rootEmpty": false,
          "_timeout": 10000
        },
        {
          "uuid": "c3fa7548-384c-452f-8637-a3ad87aa86d2",
          "title": "NUnitSample.SimpleTests",
          "file": "",
          "beforeHooks": [],
          "afterHooks": [],
          "tests": [
            {
              "title": "Failing_test",
              "fullTitle": "NUnitSample.SimpleTests",
              "duration": 1,
              "state": "failed",
              "speed": "fast",
              "pass": false,
              "fail": true,
              "pending": false,
              "context": null,
              "code": null,
              "err": {
                "message": "Failing for demo purposes",
                "estack": "at NUnitSample.SimpleTests.Failing_test() in C:\\projects\\trx2junit\\samples\\NUnitSample\\SimpleTests.cs:line 21\n\n1)    at NUnitSample.SimpleTests.Failing_test() in C:\\projects\\trx2junit\\samples\\NUnitSample\\SimpleTests.cs:line 21",
                "diff": null
              },
              "uuid": "9a204386-c7d5-4d37-9676-4b32f8304e5a",
              "parentUUID": "c3fa7548-384c-452f-8637-a3ad87aa86d2",
              "isHook": false,
              "skipped": false
            },
            {
              "title": "Ignored_test",
              "fullTitle": "NUnitSample.SimpleTests",
              "duration": 1,
              "state": "pending",
              "speed": "fast",
              "pass": false,
              "fail": false,
              "pending": true,
              "context": "[\"skipped: Ignoring for testing ;-)\"]",
              "code": null,
              "err": {},
              "uuid": "5f70ac0c-cf32-4169-b582-e59af9c0abed",
              "parentUUID": "c3fa7548-384c-452f-8637-a3ad87aa86d2",
              "isHook": false,
              "skipped": false
            },
            {
              "title": "Passing_test",
              "fullTitle": "NUnitSample.SimpleTests",
              "duration": 1,
              "state": "passed",
              "speed": "fast",
              "pass": true,
              "fail": false,
              "pending": false,
              "context": null,
              "code": null,
              "err": {},
              "uuid": "fdbf85fb-64eb-4714-8c52-a68c8d25bc10",
              "parentUUID": "c3fa7548-384c-452f-8637-a3ad87aa86d2",
              "isHook": false,
              "skipped": false
            },
            {
              "title": "Slow_test",
              "fullTitle": "NUnitSample.SimpleTests",
              "duration": 1006,
              "state": "passed",
              "speed": "slow",
              "pass": true,
              "fail": false,
              "pending": false,
              "context": null,
              "code": null,
              "err": {},
              "uuid": "1c22541d-824b-4ca3-ad5e-9eb783af9423",
              "parentUUID": "c3fa7548-384c-452f-8637-a3ad87aa86d2",
              "isHook": false,
              "skipped": false
            },
            {
              "title": "Test_with_StdOut",
              "fullTitle": "NUnitSample.SimpleTests",
              "duration": 1,
              "state": "passed",
              "speed": "fast",
              "pass": true,
              "fail": false,
              "pending": false,
              "context": "[{\"title\":\"system-out\",\"value\":\"message written to stdout\"}]",
              "code": null,
              "err": {},
              "uuid": "c7b22f1d-9762-4c88-9d0b-5a28c0878824",
              "parentUUID": "c3fa7548-384c-452f-8637-a3ad87aa86d2",
              "isHook": false,
              "skipped": false
            },
            {
              "title": "Test_with_failed_assumption",
              "fullTitle": "NUnitSample.SimpleTests",
              "duration": 1,
              "state": "pending",
              "speed": "fast",
              "pass": false,
              "fail": false,
              "pending": true,
              "context": "[\"skipped:   Expected: True   But was:  False \",{\"title\":\"system-out\",\"value\":\"Expected: True&#xD;\\n  But was:  False\"}]",
              "code": null,
              "err": {},
              "uuid": "2a8ca5d5-72b6-4e1e-a98d-04f1cf773ecb",
              "parentUUID": "c3fa7548-384c-452f-8637-a3ad87aa86d2",
              "isHook": false,
              "skipped": false
            }
          ],
          "suites": [],
          "passes": [
            "fdbf85fb-64eb-4714-8c52-a68c8d25bc10",
            "1c22541d-824b-4ca3-ad5e-9eb783af9423",
            "c7b22f1d-9762-4c88-9d0b-5a28c0878824"
          ],
          "failures": [
            "9a204386-c7d5-4d37-9676-4b32f8304e5a"
          ],
          "pending": [
            "5f70ac0c-cf32-4169-b582-e59af9c0abed",
            "2a8ca5d5-72b6-4e1e-a98d-04f1cf773ecb"
          ],
          "skipped": [],
          "duration": 1008,
          "root": false,
          "rootEmpty": false,
          "_timeout": 10000
        }
      ],
      "passes": [],
      "failures": [],
      "pending": [],
      "skipped": [],
      "duration": 0,
      "root": true,
      "rootEmpty": true,
      "_timeout": 10000
    }
  ]
}