{
  "stats": {
    "suites": 3,
    "tests": 15,
    "passes": 12,
    "pending": 2,
    "failures": 1,
    "testsRegistered": 15,
    "passPercent": 80,
    "pendingPercent": 13.333333333333334,
    "other": 0,
    "hasOther": false,
    "skipped": 0,
    "hasSkipped": false,
    "duration": 149
  },
  "results": [
    {
      "uuid": "0a958636-2adc-408f-95f1-8ca319f52105",
      "title": "",
      "fullFile": "",
      "file": "",
      "beforeHooks": [],
      "afterHooks": [],
      "tests": [],
      "suites": [
        {
          "uuid": "0ee8fb93-8572-40b9-9240-220985ed4a6b",
          "title": "AccountTest2.AccountTest",
          "file": "",
          "beforeHooks": [],
          "afterHooks": [],
          "tests": [
            {
              "title": "AccountConstructorTest",
              "fullTitle": "AccountTest2.AccountTest",
              "duration": 52,
              "state": "passed",
              "speed": "slow",
              "pass": true,
              "fail": false,
              "pending": false,
              "context": null,
              "code": null,
              "err": {},
              "uuid": "892fa0cf-031c-4c8d-9a7e-a6bff2fb8771",
              "parentUUID": "0ee8fb93-8572-40b9-9240-220985ed4a6b",
              "isHook": false,
              "skipped": false
            },
            {
              "title": "AddToBalanceTest",
              "fullTitle": "AccountTest2.AccountTest",
              "duration": 16,
              "state": "passed",
              "speed": "slow",
              "pass": true,
              "fail": false,
              "pending": false,
              "context": null,
              "code": null,
              "err": {},
              "uuid": "0a8e256d-4652-4c11-805a-8c4fe4dd6a87",
              "parentUUID": "0ee8fb93-8572-40b9-9240-220985ed4a6b",
              "isHook": false,
              "skipped": false
            },
            {
              "title": "ApplyInterestTest",
              "fullTitle": "AccountTest2.AccountTest",
              "duration": 3,
              "state": "passed",
              "speed": "fast",
              "pass": true,
              "fail": false,
              "pending": false,
              "context": null,
              "code": null,
              "err": {},
              "uuid": "b6bd6ed6-7a6a-40f6-af7d-482d67726317",
              "parentUUID": "0ee8fb93-8572-40b9-9240-220985ed4a6b",
              "isHook": false,
              "skipped": false
            },
            {
              "title": "ApplyPenaltyTest",
              "fullTitle": "AccountTest2.AccountTest",
              "duration": 3,
              "state": "passed",
              "speed": "fast",
              "pass": true,
              "fail": false,
              "pending": false,
              "context": null,
              "code": null,
              "err": {},
              "uuid": "a001b4a4-8963-4b29-8c2b-32101075f76a",
              "parentUUID": "0ee8fb93-8572-40b9-9240-220985ed4a6b",
              "isHook": false,
              "skipped": false
            },
            {
              "title": "BalanceTest",
              "fullTitle": "AccountTest2.AccountTest",
              "duration": 1,
              "state": "passed",
              "speed": "fast",
              "pass": true,
              "fail": false,
              "pending": false,
              "context": null,
              "code": null,
              "err": {},
              "uuid": "983f9578-6f79-4876-8e63-e4bccc433064",
              "parentUUID": "0ee8fb93-8572-40b9-9240-220985ed4a6b",
              "isHook": false,
              "skipped": false
            },
            {
              "title": "CalculateInterestTest",
              "fullTitle": "AccountTest2.AccountTest",
              "duration": 2,
              "state": "passed",
              "speed": "fast",
              "pass": true,
              "fail": false,
              "pending": false,
              "context": null,
              "code": null,
              "err": {},
              "uuid": "da0d45a1-2050-4ae5-80ec-1e912f4e3665",
              "parentUUID": "0ee8fb93-8572-40b9-9240-220985ed4a6b",
              "isHook": false,
              "skipped": false
            },
            {
              "title": "DepositTest",
              "fullTitle": "AccountTest2.AccountTest",
              "duration": 3,
              "state": "passed",
              "speed": "fast",
              "pass": true,
              "fail": false,
              "pending": false,
              "context": null,
              "code": null,
              "err": {},
              "uuid": "b23d4237-363d-45ec-a1ad-d273a181f5f1",
              "parentUUID": "0ee8fb93-8572-40b9-9240-220985ed4a6b",
              "isHook": false,
              "skipped": false
            },
            {
              "title": "MTestFail",
              "fullTitle": "AccountTest2.AccountTest",
              "duration": 60,
              "state": "failed",
              "speed": "slow",
              "pass": false,
              "fail": true,
              "pending": false,
              "context": null,
              "code": null,
              "err": {
                "message": "Assert.Fail failed. Always fails",
                "estack": "at AccountTest2.AccountTest.MTestFail() in c:\\Jenkins_Home\\jobs\\NUnit_Quick_Learning\\workspace\\AccountTest2\\AccountMTest.cs:line 253",
                "diff": null
              },
              "uuid": "5a1ad9e9-b05d-4147-8258-80b59427caca",
              "parentUUID": "0ee8fb93-8572-40b9-9240-220985ed4a6b",
              "isHook": false,
              "skipped": false
            },
            {
              "title": "MTestInconclusive",
              "fullTitle": "AccountTest2.AccountTest",
              "duration": 2,
              "state": "pending",
              "speed": "fast",
              "pass": false,
              "fail": false,
              "pending": true,
              "context": "[\"skipped: Assert.Inconclusive failed. Inconclusive result\"]",
              "code": null,
              "err": {},
              "uuid": "6f716677-a00b-47f2-975e-d5e09104dceb",
              "parentUUID": "0ee8fb93-8572-40b9-9240-220985ed4a6b",
              "isHook": false,
              "skipped": false
            },
            {
              "title": "MTestNotExecuted",
              "fullTitle": "AccountTest2.AccountTest",
              "duration": 1,
              "state": "pending",
              "speed": "fast",
              "pass": false,
              "fail": false,
              "pending": true,
              "context": null,
              "code": null,
              "err": {},
              "uuid": "79925fc4-8db2-43bf-829f-f12b14930250",
              "parentUUID": "0ee8fb93-8572-40b9-9240-220985ed4a6b",
              "isHook": false,
              "skipped": false
            },
            {
              "title": "MinimumBalanceTest",
              "fullTitle": "AccountTest2.AccountTest",
              "duration": 1,
              "state": "passed",
              "speed": "fast",
              "pass": true,
              "fail": false,
              "pending": false,
              "context": null,
              "code": null,
              "err": {},
              "uuid": "5da2ba5f-f042-45e5-972e-f495a7ba7b61",
              "parentUUID": "0ee8fb93-8572-40b9-9240-220985ed4a6b",
              "isHook": false,
              "skipped": false
            },
            {
              "title": "TransferFundsTest",
              "fullTitle": "AccountTest2.AccountTest",
              "duration": 3,
              "state": "passed",
              "speed": "fast",
              "pass": true,
              "fail": false,
              "pending": false,
              "context": null,
              "code": null,
              "err": {},
              "uuid": "a09b9a8a-4d24-4ddc-ac96-d2094224c14d",
              "parentUUID": "0ee8fb93-8572-40b9-9240-220985ed4a6b",
              "isHook": false,
              "skipped": false
            },
            {
              "title": "WithdrawTest",
              "fullTitle": "AccountTest2.AccountTest",
              "duration": 2,
              "state": "passed",
              "speed": "fast",
              "pass": true,
              "fail": false,
              "pending": false,
              "context": null,
              "code": null,
              "err": {},
              "uuid": "c0a52d1d-5e0f-40fe-97b2-c016c296c390",
              "parentUUID": "0ee8fb93-8572-40b9-9240-220985ed4a6b",
              "isHook": false,
              "skipped": false
            }
          ],
          "suites": [],
          "passes": [
            "892fa0cf-031c-4c8d-9a7e-a6bff2fb8771",
            "0a8e256d-4652-4c11-805a-8c4fe4dd6a87",
            "b6bd6ed6-7a6a-40f6-af7d-482d67726317",
            "a001b4a4-8963-4b29-8c2b-32101075f76a",
            "983f9578-6f79-4876-8e63-e4bccc433064",
            "da0d45a1-2050-4ae5-80ec-1e912f4e3665",
            "b23d4237-363d-45ec-a1ad-d273a181f5f1",
            "5da2ba5f-f042-45e5-972e-f495a7ba7b61",
            "a09b9a8a-4d24-4ddc-ac96-d2094224c14d",
            "c0a52d1d-5e0f-40fe-97b2-c016c296c390"
          ],
          "failures": [
            "5a1ad9e9-b05d-4147-8258-80b59427caca"
          ],
          "pending": [
            "6f716677-a00b-47f2-975e-d5e09104dceb",
            "79925fc4-8db2-43bf-829f-f12b14930250"
          ],
          "skipped": [],
          "duration": 144,
          "root": false,
          "rootEmpty": false,
          "_timeout": 10000
        },
        {
          "uuid": "2e4a1b7b-fc15-4b55-a368-9607cd89fdbf",
          "title": "AccountTest2.InsufficientFundsExceptionTest",
          "file": "",
          "beforeHooks": [],
          "afterHooks": [],
          "tests": [
            {
              "title": "InsufficientFundsExceptionConstructorTest",
              "fullTitle": "AccountTest2.InsufficientFundsExceptionTest",
              "duration": 3,
              "state": "passed",
              "speed": "fast",
              "pass": true,
              "fail": false,
              "pending": false,
              "context": null,
              "code": null,
              "err": {},
              "uuid": "3475c4d0-dfba-4099-959e-892c23626ee9",
              "parentUUID": "2e4a1b7b-fc15-4b55-a368-9607cd89fdbf",
              "isHook": false,
              "skipped": false
            }
          ],
          "suites": [],
          "passes": [
            "3475c4d0-dfba-4099-959e-892c23626ee9"
          ],
          "failures": [],
          "pending": [],
          "skipped": [],
          "duration": 3,
          "root": false,
          "rootEmpty": false,
          "_timeout": 10000
        },
        {
          "uuid": "9b010a23-2392-4496-a6b9-3f47d4e45b5b",
          "title": "AccountTest2.OverdrawnExceptionTest",
          "file": "",
          "beforeHooks": [],
          "afterHooks": [],
          "tests": [
            {
              "title": "OverdrawnExceptionConstructorTest",
              "fullTitle": "AccountTest2.OverdrawnExceptionTest",
              "duration": 3,
              "state": "passed",
              "speed": "fast",
              "pass": true,
              "fail": false,
              "pending": false,
              "context": null,
              "code": null,
              "err": {},
              "uuid": "6514ee3d-e9b3-4d64-a0dc-c63818c2019d",
              "parentUUID": "9b010a23-2392-4496-a6b9-3f47d4e45b5b",
              "isHook": false,
              "skipped": false
            }
          ],
          "suites": [],
          "passes": [
            "6514ee3d-e9b3-4d64-a0dc-c63818c2019d"
          ],
          "failures": [],
          "pending": [],
          "skipped": [],
          "duration": 3,
          "root": false,
          "rootEmpty": false,
          "_timeout": 10000
        }
      ],
      "passes": [],
      "failures": [],
      "pending": [],
      "skipped": [],
      "duration": 0,
      "root": true,
      "rootEmpty": true,
      "_timeout": 10000
    }
  ]
}