{
  "stats": {
    "suites": 3,
    "tests": 14,
    "passes": 8,
    "pending": 1,
    "failures": 5,
    "testsRegistered": 14,
    "passPercent": 57.14285714285714,
    "pendingPercent": 7.142857142857142,
    "other": 0,
    "hasOther": false,
    "skipped": 0,
    "hasSkipped": false,
    "duration": 3064
  },
  "results": [
    {
      "uuid": "57fca945-757f-460f-928c-3c63d34af84d",
      "title": "",
      "fullFile": "",
      "file": "",
      "beforeHooks": [],
      "afterHooks": [],
      "tests": [],
      "suites": [
        {
          "uuid": "c1c1c5f5-6ccd-4df2-9b38-4d8052100745",
          "title": "XUnitSample.DataDriven",
          "file": "",
          "beforeHooks": [],
          "afterHooks": [],
          "tests": [
            {
              "title": "Failing_test",
              "fullTitle": "XUnitSample.DataDriven",
              "duration": 1,
              "state": "failed",
              "speed": "fast",
              "pass": false,
              "fail": true,
              "pending": false,
              "context": null,
              "code": null,
              "err": {
                "message": "Failing for demo purposes Expected: True Actual:   False",
                "estack": "at XUnitSample.DataDriven.Failing_test() in C:\\projects\\trx2junit\\samples\\XUnitSample\\DataDriven.cs:line 26\nat System.RuntimeMethodHandle.InvokeMethod(Object target, Void** arguments, Signature sig, Boolean isConstructor)\nat System.Reflection.MethodBaseInvoker.InvokeWithNoArgs(Object obj, BindingFlags invokeAttr)",
                "diff": null
              },
              "uuid": "90c66b43-9a46-4ce4-98b2-f49d8210b0ad",
              "parentUUID": "c1c1c5f5-6ccd-4df2-9b38-4d8052100745",
              "isHook": false,
              "skipped": false
            },
            {
              "title": "Slow_test",
              "fullTitle": "XUnitSample.DataDriven",
              "duration": 1008,
              "state": "passed",
              "speed": "slow",
              "pass": true,
              "fail": false,
              "pending": false,
              "context": null,
              "code": null,
              "err": {},
              "uuid": "36934182-ba96-4247-ab02-d349a039f119",
              "parentUUID": "c1c1c5f5-6ccd-4df2-9b38-4d8052100745",
              "isHook": false,
              "skipped": false
            },
            {
              "title": "Two_pass_one_fails(arg: 0)",
              "fullTitle": "XUnitSample.DataDriven",
              "duration": 1,
              "state": "passed",
              "speed": "fast",
              "pass": true,
              "fail": false,
              "pending": false,
              "context": null,
              "code": null,
              "err": {},
              "uuid": "54dab60b-7220-4c7e-a6cb-92d279f94a31",
              "parentUUID": "c1c1c5f5-6ccd-4df2-9b38-4d8052100745",
              "isHook": false,
              "skipped": false
            },
            {
              "title": "Two_pass_one_fails(arg: 1)",
              "fullTitle": "XUnitSample.DataDriven",
              "duration": 1,
              "state": "failed",
              "speed": "fast",
              "pass": false,
              "fail": true,
              "pending": false,
              "context": null,
              "code": null,
              "err": {
                "message": "Failing for demo purposes Expected: True Actual:   False",
                "estack": "at XUnitSample.DataDriven.Two_pass_one_fails(Int32 arg) in C:\\projects\\trx2junit\\samples\\XUnitSample\\DataDriven.cs:line 17\nat System.RuntimeMethodHandle.InvokeMethod(Object target, Void** arguments, Signature sig, Boolean isConstructor)\nat System.Reflection.MethodBaseInvoker.InvokeDirectByRefWithFewArgs(Object obj, Span`1 copyOfArgs, BindingFlags invokeAttr)",
                "diff": null
              },
              "uuid": "fbe96ec6-fe3a-4e5a-bdcf-8957e1027ebf",
              "parentUUID": "c1c1c5f5-6ccd-4df2-9b38-4d8052100745",
              "isHook": false,
              "skipped": false
            },
            {
              "title": "Two_pass_one_fails(arg: 2)",
              "fullTitle": "XUnitSample.DataDriven",
              "duration": 1,
              "state": "passed",
              "speed": "fast",
              "pass": true,
              "fail": false,
              "pending": false,
              "context": null,
              "code": null,
              "err": {},
              "uuid": "f09de4ff-4fee-4821-b271-83bf37a7eef0",
              "parentUUID": "c1c1c5f5-6ccd-4df2-9b38-4d8052100745",
              "isHook": false,
              "skipped": false
            }
          ],
          "suites": [],
          "passes": [
            "36934182-ba96-4247-ab02-d349a039f119",
            "54dab60b-7220-4c7e-a6cb-92d279f94a31",
            "f09de4ff-4fee-4821-b271-83bf37a7eef0"
          ],
          "failures": [
            "90c66b43-9a46-4ce4-98b2-f49d8210b0ad",
            "fbe96ec6-fe3a-4e5a-bdcf-8957e1027ebf"
          ],
          "pending": [],
          "skipped": [],
          "duration": 1009,
          "root": false,
          "rootEmpty": false,
          "_timeout": 10000
        },
        {
          "uuid": "8bacb26c-4d21-4722-a2eb-6eef0f77e7a5",
          "title": "XUnitSample.MemberData",
          "file": "",
          "beforeHooks": [],
          "afterHooks": [],
          "tests": [
            {
              "title": "Failing_test",
              "fullTitle": "XUnitSample.MemberData",
              "duration": 2,
              "state": "failed",
              "speed": "fast",
              "pass": false,
              "fail": true,
              "pending": false,
              "context": null,
              "code": null,
              "err": {
                "message": "Failing for demo purposes Expected: True Actual:   False",
                "estack": "at XUnitSample.MemberData.Failing_test() in C:\\projects\\trx2junit\\samples\\XUnitSample\\MemberData.cs:line 32\nat System.RuntimeMethodHandle.InvokeMethod(Object target, Void** arguments, Signature sig, Boolean isConstructor)\nat System.Reflection.MethodBaseInvoker.InvokeWithNoArgs(Object obj, BindingFlags invokeAttr)",
                "diff": null
              },
              "uuid": "9121e7b9-2a84-4460-87f8-28edc0db29f3",
              "parentUUID": "8bacb26c-4d21-4722-a2eb-6eef0f77e7a5",
              "isHook": false,
              "skipped": false
            },
            {
              "title": "Slow_test",
              "fullTitle": "XUnitSample.MemberData",
              "duration": 1014,
              "state": "passed",
              "speed": "slow",
              "pass": true,
              "fail": false,
              "pending": false,
              "context": null,
              "code": null,
              "err": {},
              "uuid": "4f98ca80-3fb0-4587-a60d-75d5a482c6ff",
              "parentUUID": "8bacb26c-4d21-4722-a2eb-6eef0f77e7a5",
              "isHook": false,
              "skipped": false
            },
            {
              "title": "Two_pass_one_fails(obj: { index = 0 })",
              "fullTitle": "XUnitSample.MemberData",
              "duration": 24,
              "state": "passed",
              "speed": "fast",
              "pass": true,
              "fail": false,
              "pending": false,
              "context": null,
              "code": null,
              "err": {},
              "uuid": "00da947e-9be8-429e-afe9-8b739f8a6cb0",
              "parentUUID": "8bacb26c-4d21-4722-a2eb-6eef0f77e7a5",
              "isHook": false,
              "skipped": false
            },
            {
              "title": "Two_pass_one_fails(obj: { index = 1 })",
              "fullTitle": "XUnitSample.MemberData",
              "duration": 1,
              "state": "failed",
              "speed": "fast",
              "pass": false,
              "fail": true,
              "pending": false,
              "context": null,
              "code": null,
              "err": {
                "message": "Failing for demo purposes Expected: True Actual:   False",
                "estack": "at XUnitSample.MemberData.Two_pass_one_fails(Object obj) in C:\\projects\\trx2junit\\samples\\XUnitSample\\MemberData.cs:line 23\nat InvokeStub_MemberData.Two_pass_one_fails(Object, Span`1)\nat System.Reflection.MethodBaseInvoker.InvokeWithOneArg(Object obj, BindingFlags invokeAttr, Binder binder, Object[] parameters, CultureInfo culture)",
                "diff": null
              },
              "uuid": "2ecf602d-b7ed-46e5-9efa-730a58f0609e",
              "parentUUID": "8bacb26c-4d21-4722-a2eb-6eef0f77e7a5",
              "isHook": false,
              "skipped": false
            },
            {
              "title": "Two_pass_one_fails(obj: { index = 2 })",
              "fullTitle": "XUnitSample.MemberData",
              "duration": 1,
              "state": "passed",
              "speed": "fast",
              "pass": true,
              "fail": false,
              "pending": false,
              "context": null,
              "code": null,
              "err": {},
              "uuid": "b0864612-9d0e-4c2f-af20-18fa571445ce",
              "parentUUID": "8bacb26c-4d21-4722-a2eb-6eef0f77e7a5",
              "isHook": false,
              "skipped": false
            }
          ],
          "suites": [],
          "passes": [
            "4f98ca80-3fb0-4587-a60d-75d5a482c6ff",
            "00da947e-9be8-429e-afe9-8b739f8a6cb0",
            "b0864612-9d0e-4c2f-af20-18fa571445ce"
          ],
          "failures": [
            "9121e7b9-2a84-4460-87f8-28edc0db29f3",
            "2ecf602d-b7ed-46e5-9efa-730a58f0609e"
          ],
          "pending": [],
          "skipped": [],
          "duration": 1039,
          "root": false,
          "rootEmpty": false,
          "_timeout": 10000
        },
        {
          "uuid": "38972679-0f61-4da1-b223-918be9303f8b",
          "title": "XUnitSample.SimpleTests",
          "file": "",
          "beforeHooks": [],
          "afterHooks": [],
          "tests": [
            {
              "title": "Failing_test",
              "fullTitle": "XUnitSample.SimpleTests",
              "duration": 2,
              "state": "failed",
              "speed": "fast",
              "pass": false,
              "fail": true,
              "pending": false,
              "context": null,
              "code": null,
              "err": {
                "message": "Failing for demo purposes Expected: True Actual:   False",
                "estack": "at XUnitSample.SimpleTests.Failing_test() in C:\\projects\\trx2junit\\samples\\XUnitSample\\SimpleTests.cs:line 20\nat System.RuntimeMethodHandle.InvokeMethod(Object target, Void** arguments, Signature sig, Boolean isConstructor)\nat System.Reflection.MethodBaseInvoker.InvokeWithNoArgs(Object obj, BindingFlags invokeAttr)",
                "diff": null
              },
              "uuid": "52bcbe73-b3fa-4f74-a92b-a014cbeb825c",
              "parentUUID": "38972679-0f61-4da1-b223-918be9303f8b",
              "isHook": false,
              "skipped": false
            },
            {
              "title": "Ignored_test",
              "fullTitle": "XUnitSample.SimpleTests",
              "duration": 1,
              "state": "pending",
              "speed": "fast",
              "pass": false,
              "fail": false,
              "pending": true,
              "context": "[\"skipped: Ignoring for testing ;-)\"]",
              "code": null,
              "err": {},
              "uuid": "8cd54e72-f79d-43b3-8fb5-38b3a2cb406e",
              "parentUUID": "38972679-0f61-4da1-b223-918be9303f8b",
              "isHook": false,
              "skipped": false
            },
            {
              "title": "Passing_test",
              "fullTitle": "XUnitSample.SimpleTests",
              "duration": 1,
              "state": "passed",
              "speed": "fast",
              "pass": true,
              "fail": false,
              "pending": false,
              "context": null,
              "code": null,
              "err": {},
              "uuid": "a2f58553-65aa-48f5-b8ea-66ad6dd4712b",
              "parentUUID": "38972679-0f61-4da1-b223-918be9303f8b",
              "isHook": false,
              "skipped": false
            },
            {
              "title": "Slow_test",
              "fullTitle": "XUnitSample.SimpleTests",
              "duration": 1014,
              "state": "passed",
              "speed": "slow",
              "pass": true,
              "fail": false,
              "pending": false,
              "context": null,
              "code": null,
              "err": {},
              "uuid": "f25c3ffb-77c4-4bdf-8d39-7d6494d843bf",
              "parentUUID": "38972679-0f61-4da1-b223-918be9303f8b",
              "isHook": false,
              "skipped": false
            }
          ],
          "suites": [],
          "passes": [
            "a2f58553-65aa-48f5-b8ea-66ad6dd4712b",
            "f25c3ffb-77c4-4bdf-8d39-7d6494d843bf"
          ],
          "failures": [
            "52bcbe73-b3fa-4f74-a92b-a014cbeb825c"
          ],
          "pending": [
            "8cd54e72-f79d-43b3-8fb5-38b3a2cb406e"
          ],
          "skipped": [],
          "duration": 1016,
          "root": false,
          "rootEmpty": false,
          "_timeout": 10000
        }
      ],
      "passes": [],
      "failures": [],
      "pending": [],
      "skipped": [],
      "duration": 0,
      "root": true,
      "rootEmpty": true,
      "_timeout": 10000
    }
  ]
}