{
  "stats": {
    "suites": 1,
    "tests": 4,
    "passes": 3,
    "pending": 0,
    "failures": 1,
    "testsRegistered": 4,
    "passPercent": 75,
    "pendingPercent": 0,
    "other": 0,
    "hasOther": false,
    "skipped": 0,
    "hasSkipped": false,
    "duration": 140
  },
  "results": [
    {
      "uuid": "7dfd809a-f747-4397-85d4-4d181600927f",
      "title": "",
      "fullFile": "",
      "file": "",
      "beforeHooks": [],
      "afterHooks": [],
      "tests": [],
      "suites": [
        {
          "uuid": "32511273-f5dc-490d-9d26-7d6452776e0e",
          "title": "Pickles.TestHarness.MSTest.AdditionFeature",
          "file": "",
          "beforeHooks": [],
          "afterHooks": [],
          "tests": [
            {
              "title": "AddTwoNumbers",
              "fullTitle": "Pickles.TestHarness.MSTest.AdditionFeature",
              "duration": 6,
              "state": "passed",
              "speed": "fast",
              "pass": true,
              "fail": false,
              "pending": false,
              "context": "[{\"title\":\"Properties\",\"value\":[\"FeatureTitle: Addition\"]},{\"title\":\"system-out\",\"value\":\"Given I have entered 50 into the calculator\\n          -> done: Steps.GivenIHaveEnteredSomethingIntoTheCalculator(50) (0.0s)\\n          And I have entered 70 into the calculator\\n          -> done: Steps.GivenIHaveEnteredSomethingIntoTheCalculator(70) (0.0s)\\n          When I press add\\n          -> done: Steps.WhenIPressAdd() (0.0s)\\n          Then the result should be 120 on the screen\\n          -> done: Steps.ThenTheResultShouldBePass(120) (0.0s)\"}]",
              "code": null,
              "err": {},
              "uuid": "ecf74b0b-eebe-45f5-8a69-5e3bc321f5bc",
              "parentUUID": "32511273-f5dc-490d-9d26-7d6452776e0e",
              "isHook": false,
              "skipped": false
            },
            {
              "title": "AddingSeveralNumbers_40",
              "fullTitle": "Pickles.TestHarness.MSTest.AdditionFeature",
              "duration": 77,
              "state": "passed",
              "speed": "slow",
              "pass": true,
              "fail": false,
              "pending": false,
              "context": "[{\"title\":\"Properties\",\"value\":[\"FeatureTitle: Addition\",\"VariantName: 40\",\"Parameter:Second Number: 50\",\"Parameter:Result: 90\",\"Parameter:First Number: 40\"]},{\"title\":\"system-out\",\"value\":\"Given I have entered 40 into the calculator\\n          -> done: Steps.GivenIHaveEnteredSomethingIntoTheCalculator(40) (0.0s)\\n          And I have entered 50 into the calculator\\n          -> done: Steps.GivenIHaveEnteredSomethingIntoTheCalculator(50) (0.0s)\\n          When I press add\\n          -> done: Steps.WhenIPressAdd() (0.0s)\\n          Then the result should be 90 on the screen\\n          -> done: Steps.ThenTheResultShouldBePass(90) (0.0s)\"}]",
              "code": null,
              "err": {},
              "uuid": "735d716a-c7d6-48c5-aec4-1a8d092b9e8e",
              "parentUUID": "32511273-f5dc-490d-9d26-7d6452776e0e",
              "isHook": false,
              "skipped": false
            },
            {
              "title": "AddingSeveralNumbers_60",
              "fullTitle": "Pickles.TestHarness.MSTest.AdditionFeature",
              "duration": 12,
              "state": "passed",
              "speed": "fast",
              "pass": true,
              "fail": false,
              "pending": false,
              "context": "[{\"title\":\"Properties\",\"value\":[\"FeatureTitle: Addition\",\"VariantName: 60\",\"Parameter:Second Number: 70\",\"Parameter:Result: 130\",\"Parameter:First Number: 60\"]},{\"title\":\"system-out\",\"value\":\"Given I have entered 60 into the calculator\\n          -> done: Steps.GivenIHaveEnteredSomethingIntoTheCalculator(60) (0.0s)\\n          And I have entered 70 into the calculator\\n          -> done: Steps.GivenIHaveEnteredSomethingIntoTheCalculator(70) (0.0s)\\n          When I press add\\n          -> done: Steps.WhenIPressAdd() (0.0s)\\n          Then the result should be 130 on the screen\\n          -> done: Steps.ThenTheResultShouldBePass(130) (0.0s)\"}]",
              "code": null,
              "err": {},
              "uuid": "32322910-962a-4531-af47-ab3e581840f6",
              "parentUUID": "32511273-f5dc-490d-9d26-7d6452776e0e",
              "isHook": false,
              "skipped": false
            },
            {
              "title": "FailToAddTwoNumbers",
              "fullTitle": "Pickles.TestHarness.MSTest.AdditionFeature",
              "duration": 46,
              "state": "failed",
              "speed": "slow",
              "pass": false,
              "fail": true,
              "pending": false,
              "context": "[{\"title\":\"Properties\",\"value\":[\"FeatureTitle: Addition\"]},{\"title\":\"system-out\",\"value\":\"Given I have entered 50 into the calculator\\n          -> done: Steps.GivenIHaveEnteredSomethingIntoTheCalculator(50) (0.0s)\\n          And I have entered -1 into the calculator\\n          -> done: Steps.GivenIHaveEnteredSomethingIntoTheCalculator(-1) (0.0s)\\n          When I press add\\n          -> done: Steps.WhenIPressAdd() (0.0s)\\n          Then the result should be -50 on the screen\\n          -> error: Assert.NotEqual() Failure\"}]",
              "code": null,
              "err": {
                "message": "             Test method Pickles.TestHarness.MSTest.AdditionFeature.FailToAddTwoNumbers threw exception:             Should.Core.Exceptions.NotEqualException: Assert.NotEqual() Failure           ",
                "estack": "at Pickles.TestHarness.MSTest.Steps.ThenTheResultShouldBePass(Int32 result) in C:\\dev\\pickles-results-harness\\Pickles.TestHarness\\Pickles.TestHarness.MSTest\\Steps.cs:line 28\nat lambda_method(Closure , IContextManager , Int32 )\nat TechTalk.SpecFlow.Bindings.MethodBinding.InvokeAction(IContextManager contextManager, Object[] arguments, ITestTracer testTracer, TimeSpanamp; duration)\nat TechTalk.SpecFlow.Bindings.StepDefinitionBinding.Invoke(IContextManager contextManager, ITestTracer testTracer, Object[] arguments, TimeSpanamp; duration)\nat TechTalk.SpecFlow.Infrastructure.TestExecutionEngine.ExecuteStepMatch(BindingMatch match, Object[] arguments)\nat TechTalk.SpecFlow.Infrastructure.TestExecutionEngine.ExecuteStep(StepArgs stepArgs)\nat TechTalk.SpecFlow.Infrastructure.TestExecutionEngine.OnAfterLastStep()\nat TechTalk.SpecFlow.TestRunner.CollectScenarioErrors()\nat Pickles.TestHarness.MSTest.AdditionFeature.ScenarioCleanup() in C:\\dev\\pickles-results-harness\\Pickles.TestHarness\\Pickles.TestHarness.MSTest\\Addition.feature.cs:line 0\nat Pickles.TestHarness.MSTest.AdditionFeature.FailToAddTwoNumbers() in c:\\dev\\pickles-results-harness\\Pickles.TestHarness\\Pickles.TestHarness.MSTest\\Addition.feature:line 18",
                "diff": null
              },
              "uuid": "d23fdbdd-f2de-4296-958f-5f03e2eca9d2",
              "parentUUID": "32511273-f5dc-490d-9d26-7d6452776e0e",
              "isHook": false,
              "skipped": false
            }
          ],
          "suites": [],
          "passes": [
            "ecf74b0b-eebe-45f5-8a69-5e3bc321f5bc",
            "735d716a-c7d6-48c5-aec4-1a8d092b9e8e",
            "32322910-962a-4531-af47-ab3e581840f6"
          ],
          "failures": [
            "d23fdbdd-f2de-4296-958f-5f03e2eca9d2"
          ],
          "pending": [],
          "skipped": [],
          "duration": 140,
          "root": false,
          "rootEmpty": false,
          "_timeout": 10000
        }
      ],
      "passes": [],
      "failures": [],
      "pending": [],
      "skipped": [],
      "duration": 0,
      "root": true,
      "rootEmpty": true,
      "_timeout": 10000
    }
  ]
}