{
  "stats": {
    "suites": 1,
    "tests": 4,
    "passes": 3,
    "pending": 0,
    "failures": 1,
    "testsRegistered": 4,
    "passPercent": 75,
    "pendingPercent": 0,
    "other": 0,
    "hasOther": false,
    "skipped": 0,
    "hasSkipped": false,
    "duration": 140
  },
  "results": [
    {
      "uuid": "1cdbc98a-29d0-4d61-a647-7c006ef899ca",
      "title": "",
      "fullFile": "",
      "file": "",
      "beforeHooks": [],
      "afterHooks": [],
      "tests": [],
      "suites": [
        {
          "uuid": "e8982bd4-e75b-4a19-b38d-e1240f45ca7c",
          "title": "Pickles.TestHarness.MSTest.AdditionFeature",
          "file": "",
          "beforeHooks": [],
          "afterHooks": [],
          "tests": [
            {
              "title": "AddTwoNumbers",
              "fullTitle": "Pickles.TestHarness.MSTest.AdditionFeature",
              "duration": 6,
              "state": "passed",
              "speed": "fast",
              "pass": true,
              "fail": false,
              "pending": false,
              "context": "[{\"title\":\"Properties\",\"value\":[\"FeatureTitle: Addition\"]},{\"title\":\"system-out\",\"value\":\"Given I have entered 50 into the calculator\\n          -> done: Steps.GivenIHaveEnteredSomethingIntoTheCalculator(50) (0.0s)\\n          And I have entered 70 into the calculator\\n          -> done: Steps.GivenIHaveEnteredSomethingIntoTheCalculator(70) (0.0s)\\n          When I press add\\n          -> done: Steps.WhenIPressAdd() (0.0s)\\n          Then the result should be 120 on the screen\\n          -> done: Steps.ThenTheResultShouldBePass(120) (0.0s)\"}]",
              "code": null,
              "err": {},
              "uuid": "60714091-7759-4996-a107-2a50ef68f7b0",
              "parentUUID": "e8982bd4-e75b-4a19-b38d-e1240f45ca7c",
              "isHook": false,
              "skipped": false
            },
            {
              "title": "AddingSeveralNumbers_40",
              "fullTitle": "Pickles.TestHarness.MSTest.AdditionFeature",
              "duration": 77,
              "state": "passed",
              "speed": "slow",
              "pass": true,
              "fail": false,
              "pending": false,
              "context": "[{\"title\":\"Properties\",\"value\":[\"FeatureTitle: Addition\",\"VariantName: 40\",\"Parameter:Second Number: 50\",\"Parameter:Result: 90\",\"Parameter:First Number: 40\"]},{\"title\":\"system-out\",\"value\":\"Given I have entered 40 into the calculator\\n          -> done: Steps.GivenIHaveEnteredSomethingIntoTheCalculator(40) (0.0s)\\n          And I have entered 50 into the calculator\\n          -> done: Steps.GivenIHaveEnteredSomethingIntoTheCalculator(50) (0.0s)\\n          When I press add\\n          -> done: Steps.WhenIPressAdd() (0.0s)\\n          Then the result should be 90 on the screen\\n          -> done: Steps.ThenTheResultShouldBePass(90) (0.0s)\"}]",
              "code": null,
              "err": {},
              "uuid": "ff664343-5ed9-463b-8dea-ba1a25266233",
              "parentUUID": "e8982bd4-e75b-4a19-b38d-e1240f45ca7c",
              "isHook": false,
              "skipped": false
            },
            {
              "title": "AddingSeveralNumbers_60",
              "fullTitle": "Pickles.TestHarness.MSTest.AdditionFeature",
              "duration": 12,
              "state": "passed",
              "speed": "fast",
              "pass": true,
              "fail": false,
              "pending": false,
              "context": "[{\"title\":\"Properties\",\"value\":[\"FeatureTitle: Addition\",\"VariantName: 60\",\"Parameter:Second Number: 70\",\"Parameter:Result: 130\",\"Parameter:First Number: 60\"]},{\"title\":\"system-out\",\"value\":\"Given I have entered 60 into the calculator\\n          -> done: Steps.GivenIHaveEnteredSomethingIntoTheCalculator(60) (0.0s)\\n          And I have entered 70 into the calculator\\n          -> done: Steps.GivenIHaveEnteredSomethingIntoTheCalculator(70) (0.0s)\\n          When I press add\\n          -> done: Steps.WhenIPressAdd() (0.0s)\\n          Then the result should be 130 on the screen\\n          -> done: Steps.ThenTheResultShouldBePass(130) (0.0s)\"}]",
              "code": null,
              "err": {},
              "uuid": "44ac4b7e-2d84-4fc9-a378-9fc6604bda88",
              "parentUUID": "e8982bd4-e75b-4a19-b38d-e1240f45ca7c",
              "isHook": false,
              "skipped": false
            },
            {
              "title": "FailToAddTwoNumbers",
              "fullTitle": "Pickles.TestHarness.MSTest.AdditionFeature",
              "duration": 46,
              "state": "failed",
              "speed": "slow",
              "pass": false,
              "fail": true,
              "pending": false,
              "context": "[{\"title\":\"Properties\",\"value\":[\"FeatureTitle: Addition\"]},{\"title\":\"system-out\",\"value\":\"Given I have entered 50 into the calculator\\n          -> done: Steps.GivenIHaveEnteredSomethingIntoTheCalculator(50) (0.0s)\\n          And I have entered -1 into the calculator\\n          -> done: Steps.GivenIHaveEnteredSomethingIntoTheCalculator(-1) (0.0s)\\n          When I press add\\n          -> done: Steps.WhenIPressAdd() (0.0s)\\n          Then the result should be -50 on the screen\\n          -> error: Assert.NotEqual() Failure\"}]",
              "code": null,
              "err": {
                "message": "             Test method Pickles.TestHarness.MSTest.AdditionFeature.FailToAddTwoNumbers threw exception:             Should.Core.Exceptions.NotEqualException: Assert.NotEqual() Failure           ",
                "estack": "at Pickles.TestHarness.MSTest.Steps.ThenTheResultShouldBePass(Int32 result) in C:\\dev\\pickles-results-harness\\Pickles.TestHarness\\Pickles.TestHarness.MSTest\\Steps.cs:line 28\n            at lambda_method(Closure , IContextManager , Int32 )\n            at TechTalk.SpecFlow.Bindings.MethodBinding.InvokeAction(IContextManager contextManager, Object[] arguments, ITestTracer testTracer, TimeSpanamp; duration)\n            at TechTalk.SpecFlow.Bindings.StepDefinitionBinding.Invoke(IContextManager contextManager, ITestTracer testTracer, Object[] arguments, TimeSpanamp; duration)\n            at TechTalk.SpecFlow.Infrastructure.TestExecutionEngine.ExecuteStepMatch(BindingMatch match, Object[] arguments)\n            at TechTalk.SpecFlow.Infrastructure.TestExecutionEngine.ExecuteStep(StepArgs stepArgs)\n            at TechTalk.SpecFlow.Infrastructure.TestExecutionEngine.OnAfterLastStep()\n            at TechTalk.SpecFlow.TestRunner.CollectScenarioErrors()\n            at Pickles.TestHarness.MSTest.AdditionFeature.ScenarioCleanup() in C:\\dev\\pickles-results-harness\\Pickles.TestHarness\\Pickles.TestHarness.MSTest\\Addition.feature.cs:line 0\n            at Pickles.TestHarness.MSTest.AdditionFeature.FailToAddTwoNumbers() in c:\\dev\\pickles-results-harness\\Pickles.TestHarness\\Pickles.TestHarness.MSTest\\Addition.feature:line 18",
                "diff": null
              },
              "uuid": "02072add-fcd3-4dd2-8162-a0bc896d13b7",
              "parentUUID": "e8982bd4-e75b-4a19-b38d-e1240f45ca7c",
              "isHook": false,
              "skipped": false
            }
          ],
          "suites": [],
          "passes": [
            "60714091-7759-4996-a107-2a50ef68f7b0",
            "ff664343-5ed9-463b-8dea-ba1a25266233",
            "44ac4b7e-2d84-4fc9-a378-9fc6604bda88"
          ],
          "failures": [
            "02072add-fcd3-4dd2-8162-a0bc896d13b7"
          ],
          "pending": [],
          "skipped": [],
          "duration": 140,
          "root": false,
          "rootEmpty": false,
          "_timeout": 10000
        }
      ],
      "passes": [],
      "failures": [],
      "pending": [],
      "skipped": [],
      "duration": 0,
      "root": true,
      "rootEmpty": true,
      "_timeout": 10000
    }
  ]
}