{
  "stats": {
    "suites": 1,
    "tests": 5,
    "passes": 2,
    "pending": 2,
    "failures": 1,
    "testsRegistered": 5,
    "passPercent": 40,
    "pendingPercent": 40,
    "other": 0,
    "hasOther": false,
    "skipped": 0,
    "hasSkipped": false,
    "duration": 1074
  },
  "results": [
    {
      "uuid": "efea1354-1db9-48eb-bb01-ddf3beb0eeb9",
      "title": "",
      "fullFile": "",
      "file": "",
      "beforeHooks": [],
      "afterHooks": [],
      "tests": [],
      "suites": [
        {
          "uuid": "05a2313b-3ef4-4162-a3da-5e5ef326f19b",
          "title": "NUnitSample.SimpleTests",
          "file": "",
          "beforeHooks": [],
          "afterHooks": [],
          "tests": [
            {
              "title": "Failing_test",
              "fullTitle": "NUnitSample.SimpleTests",
              "duration": 59,
              "state": "failed",
              "speed": "fast",
              "pass": false,
              "fail": true,
              "pending": false,
              "context": null,
              "code": null,
              "err": {
                "message": "Failing for demo purposes",
                "estack": "at NUnitSample.SimpleTests.Failing_test() in D:\\Work-Git\\github\\Mini\\trx2junit\\samples\\NUnitSample\\SimpleTests.cs:line 21",
                "diff": null
              },
              "uuid": "9b48169b-3536-482d-820e-581541dd54a3",
              "parentUUID": "05a2313b-3ef4-4162-a3da-5e5ef326f19b",
              "isHook": false,
              "skipped": false
            },
            {
              "title": "Ignored_test",
              "fullTitle": "NUnitSample.SimpleTests",
              "duration": 1,
              "state": "pending",
              "speed": "fast",
              "pass": false,
              "fail": false,
              "pending": true,
              "context": "[\"skipped: Ignoring for testing ;-)\"]",
              "code": null,
              "err": {},
              "uuid": "851a89c0-4e9e-4376-993a-68821d1b4d4d",
              "parentUUID": "05a2313b-3ef4-4162-a3da-5e5ef326f19b",
              "isHook": false,
              "skipped": false
            },
            {
              "title": "Passing_test",
              "fullTitle": "NUnitSample.SimpleTests",
              "duration": 1,
              "state": "passed",
              "speed": "fast",
              "pass": true,
              "fail": false,
              "pending": false,
              "context": null,
              "code": null,
              "err": {},
              "uuid": "52a38360-ce34-4269-9240-aee235aa3ada",
              "parentUUID": "05a2313b-3ef4-4162-a3da-5e5ef326f19b",
              "isHook": false,
              "skipped": false
            },
            {
              "title": "Slow_test",
              "fullTitle": "NUnitSample.SimpleTests",
              "duration": 1002,
              "state": "passed",
              "speed": "slow",
              "pass": true,
              "fail": false,
              "pending": false,
              "context": null,
              "code": null,
              "err": {},
              "uuid": "73a57671-647a-4eee-98cd-9b80353da5ec",
              "parentUUID": "05a2313b-3ef4-4162-a3da-5e5ef326f19b",
              "isHook": false,
              "skipped": false
            },
            {
              "title": "Test_with_failed_assumption",
              "fullTitle": "NUnitSample.SimpleTests",
              "duration": 11,
              "state": "pending",
              "speed": "fast",
              "pass": false,
              "fail": false,
              "pending": true,
              "context": "[\"skipped:   Expected: True   But was:  False \"]",
              "code": null,
              "err": {},
              "uuid": "ec4986d3-259e-4b9d-a1cd-6a072df5db05",
              "parentUUID": "05a2313b-3ef4-4162-a3da-5e5ef326f19b",
              "isHook": false,
              "skipped": false
            }
          ],
          "suites": [],
          "passes": [
            "52a38360-ce34-4269-9240-aee235aa3ada",
            "73a57671-647a-4eee-98cd-9b80353da5ec"
          ],
          "failures": [
            "9b48169b-3536-482d-820e-581541dd54a3"
          ],
          "pending": [
            "851a89c0-4e9e-4376-993a-68821d1b4d4d",
            "ec4986d3-259e-4b9d-a1cd-6a072df5db05"
          ],
          "skipped": [],
          "duration": 1074,
          "root": false,
          "rootEmpty": false,
          "_timeout": 10000
        }
      ],
      "passes": [],
      "failures": [],
      "pending": [],
      "skipped": [],
      "duration": 0,
      "root": true,
      "rootEmpty": true,
      "_timeout": 10000
    }
  ]
}