{
  "stats": {
    "suites": 1,
    "tests": 5,
    "passes": 2,
    "pending": 2,
    "failures": 1,
    "testsRegistered": 5,
    "passPercent": 40,
    "pendingPercent": 40,
    "other": 0,
    "hasOther": false,
    "skipped": 0,
    "hasSkipped": false,
    "duration": 1074
  },
  "results": [
    {
      "uuid": "c1df39aa-42b8-4764-8279-1cdd353ddd17",
      "title": "",
      "fullFile": "",
      "file": "",
      "beforeHooks": [],
      "afterHooks": [],
      "tests": [],
      "suites": [
        {
          "uuid": "2ebc9388-43ef-45ee-9430-b1666707f75f",
          "title": "NUnitSample.SimpleTests",
          "file": "",
          "beforeHooks": [],
          "afterHooks": [],
          "tests": [
            {
              "title": "Failing_test",
              "fullTitle": "NUnitSample.SimpleTests",
              "duration": 59,
              "state": "failed",
              "speed": "fast",
              "pass": false,
              "fail": true,
              "pending": false,
              "context": null,
              "code": null,
              "err": {
                "message": "Failing for demo purposes",
                "estack": "at NUnitSample.SimpleTests.Failing_test() in D:\\Work-Git\\github\\Mini\\trx2junit\\samples\\NUnitSample\\SimpleTests.cs:line 21",
                "diff": null
              },
              "uuid": "b79ca8a5-96c5-4c7a-a55f-c67c4dd241c2",
              "parentUUID": "2ebc9388-43ef-45ee-9430-b1666707f75f",
              "isHook": false,
              "skipped": false
            },
            {
              "title": "Ignored_test",
              "fullTitle": "NUnitSample.SimpleTests",
              "duration": 1,
              "state": "pending",
              "speed": "fast",
              "pass": false,
              "fail": false,
              "pending": true,
              "context": "[\"skipped: Ignoring for testing ;-)\"]",
              "code": null,
              "err": {},
              "uuid": "7f88cbf4-ebfc-41fa-948f-77777ee0bf35",
              "parentUUID": "2ebc9388-43ef-45ee-9430-b1666707f75f",
              "isHook": false,
              "skipped": false
            },
            {
              "title": "Passing_test",
              "fullTitle": "NUnitSample.SimpleTests",
              "duration": 1,
              "state": "passed",
              "speed": "fast",
              "pass": true,
              "fail": false,
              "pending": false,
              "context": null,
              "code": null,
              "err": {},
              "uuid": "32fa64fa-a394-4d6c-a0ac-f936818de177",
              "parentUUID": "2ebc9388-43ef-45ee-9430-b1666707f75f",
              "isHook": false,
              "skipped": false
            },
            {
              "title": "Slow_test",
              "fullTitle": "NUnitSample.SimpleTests",
              "duration": 1002,
              "state": "passed",
              "speed": "slow",
              "pass": true,
              "fail": false,
              "pending": false,
              "context": null,
              "code": null,
              "err": {},
              "uuid": "392c9de3-1c54-47d9-acb3-30101d260c7e",
              "parentUUID": "2ebc9388-43ef-45ee-9430-b1666707f75f",
              "isHook": false,
              "skipped": false
            },
            {
              "title": "Test_with_failed_assumption",
              "fullTitle": "NUnitSample.SimpleTests",
              "duration": 11,
              "state": "pending",
              "speed": "fast",
              "pass": false,
              "fail": false,
              "pending": true,
              "context": "[\"skipped:   Expected: True   But was:  False \"]",
              "code": null,
              "err": {},
              "uuid": "d163a94c-d70c-4e22-acf7-3d93d110fd20",
              "parentUUID": "2ebc9388-43ef-45ee-9430-b1666707f75f",
              "isHook": false,
              "skipped": false
            }
          ],
          "suites": [],
          "passes": [
            "32fa64fa-a394-4d6c-a0ac-f936818de177",
            "392c9de3-1c54-47d9-acb3-30101d260c7e"
          ],
          "failures": [
            "b79ca8a5-96c5-4c7a-a55f-c67c4dd241c2"
          ],
          "pending": [
            "7f88cbf4-ebfc-41fa-948f-77777ee0bf35",
            "d163a94c-d70c-4e22-acf7-3d93d110fd20"
          ],
          "skipped": [],
          "duration": 1074,
          "root": false,
          "rootEmpty": false,
          "_timeout": 10000
        }
      ],
      "passes": [],
      "failures": [],
      "pending": [],
      "skipped": [],
      "duration": 0,
      "root": true,
      "rootEmpty": true,
      "_timeout": 10000
    }
  ]
}