{
  "stats": {
    "suites": 2,
    "tests": 9,
    "passes": 5,
    "pending": 1,
    "failures": 3,
    "testsRegistered": 9,
    "passPercent": 55.55555555555556,
    "pendingPercent": 11.11111111111111,
    "other": 0,
    "hasOther": false,
    "skipped": 0,
    "hasSkipped": false,
    "duration": 2039
  },
  "results": [
    {
      "uuid": "a9665d69-42ca-4f69-b63c-7d96e89c483a",
      "title": "",
      "fullFile": "",
      "file": "",
      "beforeHooks": [],
      "afterHooks": [],
      "tests": [],
      "suites": [
        {
          "uuid": "4bf7f09d-04b7-41ae-943a-4770649342fe",
          "title": "MsTestSample.DataDriven",
          "file": "",
          "beforeHooks": [],
          "afterHooks": [],
          "tests": [
            {
              "title": "Failing_test",
              "fullTitle": "MsTestSample.DataDriven",
              "duration": 1,
              "state": "failed",
              "speed": "fast",
              "pass": false,
              "fail": true,
              "pending": false,
              "context": null,
              "code": null,
              "err": {
                "message": "Assert.Fail failed. Failing for demo purposes",
                "estack": "at MsTestSample.DataDriven.Failing_test() in C:\\projects\\trx2junit\\samples\\MsTestSample\\DataDriven.cs:line 25\nat System.RuntimeMethodHandle.InvokeMethod(Object target, Void** arguments, Signature sig, Boolean isConstructor)\nat System.Reflection.MethodBaseInvoker.InvokeWithNoArgs(Object obj, BindingFlags invokeAttr)",
                "diff": null
              },
              "uuid": "7b8feaec-da95-4b47-a083-801ed11aeb69",
              "parentUUID": "4bf7f09d-04b7-41ae-943a-4770649342fe",
              "isHook": false,
              "skipped": false
            },
            {
              "title": "Slow_test",
              "fullTitle": "MsTestSample.DataDriven",
              "duration": 1009,
              "state": "passed",
              "speed": "slow",
              "pass": true,
              "fail": false,
              "pending": false,
              "context": null,
              "code": null,
              "err": {},
              "uuid": "45a0dd0c-48ef-46d3-89a7-c4716ebaee23",
              "parentUUID": "4bf7f09d-04b7-41ae-943a-4770649342fe",
              "isHook": false,
              "skipped": false
            },
            {
              "title": "Two_pass_one_fails (0)",
              "fullTitle": "MsTestSample.DataDriven",
              "duration": 2,
              "state": "passed",
              "speed": "fast",
              "pass": true,
              "fail": false,
              "pending": false,
              "context": null,
              "code": null,
              "err": {},
              "uuid": "91c388ff-81fd-4eab-a1c6-e01b68b7cea7",
              "parentUUID": "4bf7f09d-04b7-41ae-943a-4770649342fe",
              "isHook": false,
              "skipped": false
            },
            {
              "title": "Two_pass_one_fails (1)",
              "fullTitle": "MsTestSample.DataDriven",
              "duration": 16,
              "state": "failed",
              "speed": "fast",
              "pass": false,
              "fail": true,
              "pending": false,
              "context": null,
              "code": null,
              "err": {
                "message": "Assert.Fail failed. Failing for demo purposes",
                "estack": "at MsTestSample.DataDriven.Two_pass_one_fails(Int32 arg) in C:\\projects\\trx2junit\\samples\\MsTestSample\\DataDriven.cs:line 16\nat InvokeStub_DataDriven.Two_pass_one_fails(Object, Span`1)\nat System.Reflection.MethodBaseInvoker.InvokeWithOneArg(Object obj, BindingFlags invokeAttr, Binder binder, Object[] parameters, CultureInfo culture)",
                "diff": null
              },
              "uuid": "bf1dbedc-b2a6-4b4b-8856-bb6be80b3e95",
              "parentUUID": "4bf7f09d-04b7-41ae-943a-4770649342fe",
              "isHook": false,
              "skipped": false
            },
            {
              "title": "Two_pass_one_fails (2)",
              "fullTitle": "MsTestSample.DataDriven",
              "duration": 1,
              "state": "passed",
              "speed": "fast",
              "pass": true,
              "fail": false,
              "pending": false,
              "context": null,
              "code": null,
              "err": {},
              "uuid": "b858babf-d302-414b-bad5-7a68d8a4aa19",
              "parentUUID": "4bf7f09d-04b7-41ae-943a-4770649342fe",
              "isHook": false,
              "skipped": false
            }
          ],
          "suites": [],
          "passes": [
            "45a0dd0c-48ef-46d3-89a7-c4716ebaee23",
            "91c388ff-81fd-4eab-a1c6-e01b68b7cea7",
            "b858babf-d302-414b-bad5-7a68d8a4aa19"
          ],
          "failures": [
            "7b8feaec-da95-4b47-a083-801ed11aeb69",
            "bf1dbedc-b2a6-4b4b-8856-bb6be80b3e95"
          ],
          "pending": [],
          "skipped": [],
          "duration": 1026,
          "root": false,
          "rootEmpty": false,
          "_timeout": 10000
        },
        {
          "uuid": "86a373db-ff34-49bf-a2fe-fd7aa58afc75",
          "title": "MsTestSample.SimpleTests",
          "file": "",
          "beforeHooks": [],
          "afterHooks": [],
          "tests": [
            {
              "title": "Failing_test",
              "fullTitle": "MsTestSample.SimpleTests",
              "duration": 1,
              "state": "failed",
              "speed": "fast",
              "pass": false,
              "fail": true,
              "pending": false,
              "context": null,
              "code": null,
              "err": {
                "message": "Assert.Fail failed. Failing for demo purposes",
                "estack": "at MsTestSample.SimpleTests.Failing_test() in C:\\projects\\trx2junit\\samples\\MsTestSample\\SimpleTests.cs:line 20\nat System.RuntimeMethodHandle.InvokeMethod(Object target, Void** arguments, Signature sig, Boolean isConstructor)\nat System.Reflection.MethodBaseInvoker.InvokeWithNoArgs(Object obj, BindingFlags invokeAttr)",
                "diff": null
              },
              "uuid": "bd49c25f-5235-4f58-8ec8-72f7a3ddc02c",
              "parentUUID": "86a373db-ff34-49bf-a2fe-fd7aa58afc75",
              "isHook": false,
              "skipped": false
            },
            {
              "title": "Ignored_test",
              "fullTitle": "MsTestSample.SimpleTests",
              "duration": 0,
              "state": "pending",
              "speed": "fast",
              "pass": false,
              "fail": false,
              "pending": true,
              "context": "[\"skipped: Ignoring for testing ;-)\"]",
              "code": null,
              "err": {},
              "uuid": "2faf79df-1725-41d3-862d-3871f5d3258b",
              "parentUUID": "86a373db-ff34-49bf-a2fe-fd7aa58afc75",
              "isHook": false,
              "skipped": false
            },
            {
              "title": "Passing_test",
              "fullTitle": "MsTestSample.SimpleTests",
              "duration": 1,
              "state": "passed",
              "speed": "fast",
              "pass": true,
              "fail": false,
              "pending": false,
              "context": null,
              "code": null,
              "err": {},
              "uuid": "2b8542f5-c26f-4fc7-bc42-8833cd3a6a24",
              "parentUUID": "86a373db-ff34-49bf-a2fe-fd7aa58afc75",
              "isHook": false,
              "skipped": false
            },
            {
              "title": "Slow_test",
              "fullTitle": "MsTestSample.SimpleTests",
              "duration": 1013,
              "state": "passed",
              "speed": "slow",
              "pass": true,
              "fail": false,
              "pending": false,
              "context": null,
              "code": null,
              "err": {},
              "uuid": "0a944640-488c-488b-94b4-f4fee6ff8b17",
              "parentUUID": "86a373db-ff34-49bf-a2fe-fd7aa58afc75",
              "isHook": false,
              "skipped": false
            }
          ],
          "suites": [],
          "passes": [
            "2b8542f5-c26f-4fc7-bc42-8833cd3a6a24",
            "0a944640-488c-488b-94b4-f4fee6ff8b17"
          ],
          "failures": [
            "bd49c25f-5235-4f58-8ec8-72f7a3ddc02c"
          ],
          "pending": [
            "2faf79df-1725-41d3-862d-3871f5d3258b"
          ],
          "skipped": [],
          "duration": 1014,
          "root": false,
          "rootEmpty": false,
          "_timeout": 10000
        }
      ],
      "passes": [],
      "failures": [],
      "pending": [],
      "skipped": [],
      "duration": 0,
      "root": true,
      "rootEmpty": true,
      "_timeout": 10000
    }
  ]
}