{
  "stats": {
    "suites": 8,
    "tests": 476,
    "passes": 462,
    "pending": 13,
    "failures": 1,
    "testsRegistered": 476,
    "passPercent": 97.05882352941177,
    "pendingPercent": 2.73109243697479,
    "other": 0,
    "hasOther": false,
    "skipped": 0,
    "hasSkipped": false,
    "duration": 112827
  },
  "results": [
    {
      "uuid": "2bbb422a-af67-41ae-99c3-51527987b213",
      "title": "C:\\projecrs\\QLNet\\tests\\QLNet.Tests\\bin\\Debug\\net8.0\\QLNet.Tests.dll",
      "fullFile": "",
      "file": "",
      "beforeHooks": [],
      "afterHooks": [],
      "tests": [],
      "suites": [
        {
          "uuid": "9be37dd8-26b5-4bba-9766-932e575e84a9",
          "title": "QLNet.Tests.T_DayCounters",
          "file": "",
          "beforeHooks": [],
          "afterHooks": [],
          "tests": [
            {
              "title": "testThirty365",
              "fullTitle": "QLNet.Tests.T_DayCounters",
              "duration": 1,
              "state": "passed",
              "speed": "fast",
              "pass": true,
              "fail": false,
              "pending": false,
              "context": null,
              "code": null,
              "err": {},
              "uuid": "4fec5490-3737-4aa2-af6d-ac29a6596121",
              "parentUUID": "9be37dd8-26b5-4bba-9766-932e575e84a9",
              "isHook": false,
              "skipped": false
            },
            {
              "title": "testActualActualIsma(isEndOfMonth: False, frequency: Semiannual, interestAccrualDateAsString: \"1999-01-30\", maturityDateAsString: \"2000-06-30\", firstCouponDateAsString: \"1999-07-30\", penultimateCouponDateAsString: \"2000-01-30\", d1AsString: \"1999-07-30\", d2AsString: \"2000-01-30\", expectedYearFraction: 0.5)",
              "fullTitle": "QLNet.Tests.T_DayCounters",
              "duration": 2,
              "state": "passed",
              "speed": "fast",
              "pass": true,
              "fail": false,
              "pending": false,
              "context": null,
              "code": null,
              "err": {},
              "uuid": "cb36b1ee-4f38-4de1-857c-8e431f185c42",
              "parentUUID": "9be37dd8-26b5-4bba-9766-932e575e84a9",
              "isHook": false,
              "skipped": false
            },
            {
              "title": "testActualActualIsma(isEndOfMonth: False, frequency: Semiannual, interestAccrualDateAsString: \"2003-05-01\", maturityDateAsString: \"2005-05-01\", firstCouponDateAsString: \"2003-11-01\", penultimateCouponDateAsString: \"2004-11-01\", d1AsString: \"2003-11-01\", d2AsString: \"2004-05-01\", expectedYearFraction: 0.5)",
              "fullTitle": "QLNet.Tests.T_DayCounters",
              "duration": 1,
              "state": "passed",
              "speed": "fast",
              "pass": true,
              "fail": false,
              "pending": false,
              "context": null,
              "code": null,
              "err": {},
              "uuid": "a18f37a7-cd53-402d-8d3a-3471128b0fb3",
              "parentUUID": "9be37dd8-26b5-4bba-9766-932e575e84a9",
              "isHook": false,
              "skipped": false
            },
            {
              "title": "testActualActualIsma(isEndOfMonth: False, frequency: Quarterly, interestAccrualDateAsString: \"1999-05-31\", maturityDateAsString: \"2000-04-30\", firstCouponDateAsString: \"1999-08-31\", penultimateCouponDateAsString: \"1999-11-30\", d1AsString: \"1999-11-30\", d2AsString: \"2000-04-30\", expectedYearFraction: 0.41944444444444445)",
              "fullTitle": "QLNet.Tests.T_DayCounters",
              "duration": 1,
              "state": "passed",
              "speed": "fast",
              "pass": true,
              "fail": false,
              "pending": false,
              "context": null,
              "code": null,
              "err": {},
              "uuid": "d7fe064c-6673-49c1-b239-97c4b4c34663",
              "parentUUID": "9be37dd8-26b5-4bba-9766-932e575e84a9",
              "isHook": false,
              "skipped": false
            },
            {
              "title": "testActualActualIsma(isEndOfMonth: True, frequency: Quarterly, interestAccrualDateAsString: \"1999-05-31\", maturityDateAsString: \"2000-04-30\", firstCouponDateAsString: \"1999-08-31\", penultimateCouponDateAsString: \"1999-11-30\", d1AsString: \"1999-11-30\", d2AsString: \"2000-04-30\", expectedYearFraction: 0.41576086956521741)",
              "fullTitle": "QLNet.Tests.T_DayCounters",
              "duration": 1,
              "state": "passed",
              "speed": "fast",
              "pass": true,
              "fail": false,
              "pending": false,
              "context": null,
              "code": null,
              "err": {},
              "uuid": "5d7af9e9-6a1d-43a3-824a-ae06de321e23",
              "parentUUID": "9be37dd8-26b5-4bba-9766-932e575e84a9",
              "isHook": false,
              "skipped": false
            },
            {
              "title": "testActualActualIsma(isEndOfMonth: False, frequency: Semiannual, interestAccrualDateAsString: \"2002-08-15\", maturityDateAsString: \"2005-07-15\", firstCouponDateAsString: \"2003-07-15\", penultimateCouponDateAsString: \"2004-07-15\", d1AsString: \"2002-08-15\", d2AsString: \"2003-07-15\", expectedYearFraction: 0.91576086956521741)",
              "fullTitle": "QLNet.Tests.T_DayCounters",
              "duration": 1,
              "state": "passed",
              "speed": "fast",
              "pass": true,
              "fail": false,
              "pending": false,
              "context": null,
              "code": null,
              "err": {},
              "uuid": "118e5b08-9ff7-47d8-922b-d16b08660d50",
              "parentUUID": "9be37dd8-26b5-4bba-9766-932e575e84a9",
              "isHook": false,
              "skipped": false
            },
            {
              "title": "testActualActualIsma(isEndOfMonth: False, frequency: Annual, interestAccrualDateAsString: \"1999-02-01\", maturityDateAsString: \"2002-07-01\", firstCouponDateAsString: \"1999-07-01\", penultimateCouponDateAsString: \"2001-07-01\", d1AsString: \"1999-07-01\", d2AsString: \"2000-07-01\", expectedYearFraction: 1)",
              "fullTitle": "QLNet.Tests.T_DayCounters",
              "duration": 1,
              "state": "passed",
              "speed": "fast",
              "pass": true,
              "fail": false,
              "pending": false,
              "context": null,
              "code": null,
              "err": {},
              "uuid": "253f35e1-b83f-4e64-ba1f-1960f4f0d934",
              "parentUUID": "9be37dd8-26b5-4bba-9766-932e575e84a9",
              "isHook": false,
              "skipped": false
            },
            {
              "title": "testActualActualIsma(isEndOfMonth: False, frequency: Semiannual, interestAccrualDateAsString: \"1999-01-30\", maturityDateAsString: \"2000-06-30\", firstCouponDateAsString: \"1999-07-30\", penultimateCouponDateAsString: \"2000-01-30\", d1AsString: \"2000-01-30\", d2AsString: \"2000-06-30\", expectedYearFraction: 0.4175824175824176)",
              "fullTitle": "QLNet.Tests.T_DayCounters",
              "duration": 1,
              "state": "passed",
              "speed": "fast",
              "pass": true,
              "fail": false,
              "pending": false,
              "context": null,
              "code": null,
              "err": {},
              "uuid": "b84ba769-6006-45c8-9efd-80955c357f24",
              "parentUUID": "9be37dd8-26b5-4bba-9766-932e575e84a9",
              "isHook": false,
              "skipped": false
            },
            {
              "title": "testActualActualIsma(isEndOfMonth: False, frequency: Annual, interestAccrualDateAsString: \"1999-02-01\", maturityDateAsString: \"2002-07-01\", firstCouponDateAsString: \"1999-07-01\", penultimateCouponDateAsString: \"2001-07-01\", d1AsString: \"1999-02-01\", d2AsString: \"1999-07-01\", expectedYearFraction: 0.41095890410958902)",
              "fullTitle": "QLNet.Tests.T_DayCounters",
              "duration": 1,
              "state": "passed",
              "speed": "fast",
              "pass": true,
              "fail": false,
              "pending": false,
              "context": null,
              "code": null,
              "err": {},
              "uuid": "902be8e9-2564-46b2-a6b9-5c532c242e5c",
              "parentUUID": "9be37dd8-26b5-4bba-9766-932e575e84a9",
              "isHook": false,
              "skipped": false
            },
            {
              "title": "testActualActualIsma(isEndOfMonth: False, frequency: Semiannual, interestAccrualDateAsString: \"2002-08-15\", maturityDateAsString: \"2005-07-15\", firstCouponDateAsString: \"2003-07-15\", penultimateCouponDateAsString: \"2004-07-15\", d1AsString: \"2003-07-15\", d2AsString: \"2004-01-15\", expectedYearFraction: 0.5)",
              "fullTitle": "QLNet.Tests.T_DayCounters",
              "duration": 1,
              "state": "passed",
              "speed": "fast",
              "pass": true,
              "fail": false,
              "pending": false,
              "context": null,
              "code": null,
              "err": {},
              "uuid": "c3284376-1c2d-46f2-99f1-dbfaa3d12ba3",
              "parentUUID": "9be37dd8-26b5-4bba-9766-932e575e84a9",
              "isHook": false,
              "skipped": false
            },
            {
              "title": "testActualActualOutOfScheduleRange",
              "fullTitle": "QLNet.Tests.T_DayCounters",
              "duration": 2,
              "state": "passed",
              "speed": "fast",
              "pass": true,
              "fail": false,
              "pending": false,
              "context": null,
              "code": null,
              "err": {},
              "uuid": "67ba1668-ee10-40b7-8755-76687b95d57e",
              "parentUUID": "9be37dd8-26b5-4bba-9766-932e575e84a9",
              "isHook": false,
              "skipped": false
            },
            {
              "title": "testThirty360_ISDA",
              "fullTitle": "QLNet.Tests.T_DayCounters",
              "duration": 2,
              "state": "passed",
              "speed": "fast",
              "pass": true,
              "fail": false,
              "pending": false,
              "context": null,
              "code": null,
              "err": {},
              "uuid": "fca4725b-4f81-4f31-b0bd-792da031c978",
              "parentUUID": "9be37dd8-26b5-4bba-9766-932e575e84a9",
              "isHook": false,
              "skipped": false
            },
            {
              "title": "testThirty360_EurobondBasis",
              "fullTitle": "QLNet.Tests.T_DayCounters",
              "duration": 1,
              "state": "passed",
              "speed": "fast",
              "pass": true,
              "fail": false,
              "pending": false,
              "context": null,
              "code": null,
              "err": {},
              "uuid": "5a1e49b7-7bfd-4c8f-b596-49cc663d7fac",
              "parentUUID": "9be37dd8-26b5-4bba-9766-932e575e84a9",
              "isHook": false,
              "skipped": false
            },
            {
              "title": "testActualActualWithSchedule",
              "fullTitle": "QLNet.Tests.T_DayCounters",
              "duration": 1,
              "state": "passed",
              "speed": "fast",
              "pass": true,
              "fail": false,
              "pending": false,
              "context": null,
              "code": null,
              "err": {},
              "uuid": "00de704e-6eda-4b98-88a2-1f8bf4d4427e",
              "parentUUID": "9be37dd8-26b5-4bba-9766-932e575e84a9",
              "isHook": false,
              "skipped": false
            },
            {
              "title": "testIntraday",
              "fullTitle": "QLNet.Tests.T_DayCounters",
              "duration": 1,
              "state": "passed",
              "speed": "fast",
              "pass": true,
              "fail": false,
              "pending": false,
              "context": null,
              "code": null,
              "err": {},
              "uuid": "68c8099a-0f1d-44cc-98da-0d8eb62d4db7",
              "parentUUID": "9be37dd8-26b5-4bba-9766-932e575e84a9",
              "isHook": false,
              "skipped": false
            },
            {
              "title": "testAct36525",
              "fullTitle": "QLNet.Tests.T_DayCounters",
              "duration": 1,
              "state": "passed",
              "speed": "fast",
              "pass": true,
              "fail": false,
              "pending": false,
              "context": null,
              "code": null,
              "err": {},
              "uuid": "13043c7b-8aac-4d0d-b30b-28886ca5a60b",
              "parentUUID": "9be37dd8-26b5-4bba-9766-932e575e84a9",
              "isHook": false,
              "skipped": false
            },
            {
              "title": "testActualActualWithSemiannualSchedule",
              "fullTitle": "QLNet.Tests.T_DayCounters",
              "duration": 17,
              "state": "passed",
              "speed": "fast",
              "pass": true,
              "fail": false,
              "pending": false,
              "context": null,
              "code": null,
              "err": {},
              "uuid": "349193a9-30a5-4cb7-b003-41952f8f3dd0",
              "parentUUID": "9be37dd8-26b5-4bba-9766-932e575e84a9",
              "isHook": false,
              "skipped": false
            },
            {
              "title": "testAct366",
              "fullTitle": "QLNet.Tests.T_DayCounters",
              "duration": 1,
              "state": "passed",
              "speed": "fast",
              "pass": true,
              "fail": false,
              "pending": false,
              "context": null,
              "code": null,
              "err": {},
              "uuid": "9ec14710-f887-4fc4-8a8d-eef5e1ad5e07",
              "parentUUID": "9be37dd8-26b5-4bba-9766-932e575e84a9",
              "isHook": false,
              "skipped": false
            },
            {
              "title": "testActualActualWithAnnualSchedule",
              "fullTitle": "QLNet.Tests.T_DayCounters",
              "duration": 1,
              "state": "passed",
              "speed": "fast",
              "pass": true,
              "fail": false,
              "pending": false,
              "context": null,
              "code": null,
              "err": {},
              "uuid": "76f3895c-5e3c-44a5-8b1e-2d6744198d15",
              "parentUUID": "9be37dd8-26b5-4bba-9766-932e575e84a9",
              "isHook": false,
              "skipped": false
            },
            {
              "title": "testOne",
              "fullTitle": "QLNet.Tests.T_DayCounters",
              "duration": 1,
              "state": "passed",
              "speed": "fast",
              "pass": true,
              "fail": false,
              "pending": false,
              "context": null,
              "code": null,
              "err": {},
              "uuid": "0116a6b6-ae1c-41db-8ab9-988e46dd8342",
              "parentUUID": "9be37dd8-26b5-4bba-9766-932e575e84a9",
              "isHook": false,
              "skipped": false
            },
            {
              "title": "testActualActual",
              "fullTitle": "QLNet.Tests.T_DayCounters",
              "duration": 2,
              "state": "passed",
              "speed": "fast",
              "pass": true,
              "fail": false,
              "pending": false,
              "context": null,
              "code": null,
              "err": {},
              "uuid": "2cc75f2a-4acf-450c-844a-3901f394bc9d",
              "parentUUID": "9be37dd8-26b5-4bba-9766-932e575e84a9",
              "isHook": false,
              "skipped": false
            },
            {
              "title": "testSimple",
              "fullTitle": "QLNet.Tests.T_DayCounters",
              "duration": 1,
              "state": "passed",
              "speed": "fast",
              "pass": true,
              "fail": false,
              "pending": false,
              "context": null,
              "code": null,
              "err": {},
              "uuid": "ccc0c9a9-df94-47fb-9cb9-cc315657bbce",
              "parentUUID": "9be37dd8-26b5-4bba-9766-932e575e84a9",
              "isHook": false,
              "skipped": false
            },
            {
              "title": "testBusiness252",
              "fullTitle": "QLNet.Tests.T_DayCounters",
              "duration": 4,
              "state": "passed",
              "speed": "fast",
              "pass": true,
              "fail": false,
              "pending": false,
              "context": null,
              "code": null,
              "err": {},
              "uuid": "fdb0117d-3fca-4364-a5ab-357357199f5f",
              "parentUUID": "9be37dd8-26b5-4bba-9766-932e575e84a9",
              "isHook": false,
              "skipped": false
            },
            {
              "title": "testActual365_Canadian",
              "fullTitle": "QLNet.Tests.T_DayCounters",
              "duration": 1,
              "state": "passed",
              "speed": "fast",
              "pass": true,
              "fail": false,
              "pending": false,
              "context": null,
              "code": null,
              "err": {},
              "uuid": "150eb2c5-28df-4fd1-8152-f90566d287d1",
              "parentUUID": "9be37dd8-26b5-4bba-9766-932e575e84a9",
              "isHook": false,
              "skipped": false
            },
            {
              "title": "testThirty360_BondBasis",
              "fullTitle": "QLNet.Tests.T_DayCounters",
              "duration": 1,
              "state": "passed",
              "speed": "fast",
              "pass": true,
              "fail": false,
              "pending": false,
              "context": null,
              "code": null,
              "err": {},
              "uuid": "7a0b52e1-d139-4cba-a559-37c4189f6d9b",
              "parentUUID": "9be37dd8-26b5-4bba-9766-932e575e84a9",
              "isHook": false,
              "skipped": false
            }
          ],
          "suites": [],
          "passes": [
            "4fec5490-3737-4aa2-af6d-ac29a6596121",
            "cb36b1ee-4f38-4de1-857c-8e431f185c42",
            "a18f37a7-cd53-402d-8d3a-3471128b0fb3",
            "d7fe064c-6673-49c1-b239-97c4b4c34663",
            "5d7af9e9-6a1d-43a3-824a-ae06de321e23",
            "118e5b08-9ff7-47d8-922b-d16b08660d50",
            "253f35e1-b83f-4e64-ba1f-1960f4f0d934",
            "b84ba769-6006-45c8-9efd-80955c357f24",
            "902be8e9-2564-46b2-a6b9-5c532c242e5c",
            "c3284376-1c2d-46f2-99f1-dbfaa3d12ba3",
            "67ba1668-ee10-40b7-8755-76687b95d57e",
            "fca4725b-4f81-4f31-b0bd-792da031c978",
            "5a1e49b7-7bfd-4c8f-b596-49cc663d7fac",
            "00de704e-6eda-4b98-88a2-1f8bf4d4427e",
            "68c8099a-0f1d-44cc-98da-0d8eb62d4db7",
            "13043c7b-8aac-4d0d-b30b-28886ca5a60b",
            "349193a9-30a5-4cb7-b003-41952f8f3dd0",
            "9ec14710-f887-4fc4-8a8d-eef5e1ad5e07",
            "76f3895c-5e3c-44a5-8b1e-2d6744198d15",
            "0116a6b6-ae1c-41db-8ab9-988e46dd8342",
            "2cc75f2a-4acf-450c-844a-3901f394bc9d",
            "ccc0c9a9-df94-47fb-9cb9-cc315657bbce",
            "fdb0117d-3fca-4364-a5ab-357357199f5f",
            "150eb2c5-28df-4fd1-8152-f90566d287d1",
            "7a0b52e1-d139-4cba-a559-37c4189f6d9b"
          ],
          "failures": [],
          "pending": [],
          "skipped": [],
          "duration": 31,
          "root": false,
          "rootEmpty": false,
          "_timeout": 10000
        },
        {
          "uuid": "d7c4bad6-c38f-4698-8a57-06efbcc29a67",
          "title": "T_CapFlooredCoupon",
          "file": "",
          "beforeHooks": [],
          "afterHooks": [],
          "tests": [
            {
              "title": "testDecomposition",
              "fullTitle": "TestSuite.T_CapFlooredCoupon",
              "duration": 10,
              "state": "passed",
              "speed": "fast",
              "pass": true,
              "fail": false,
              "pending": false,
              "context": null,
              "code": null,
              "err": {},
              "uuid": "9bbb7019-c49c-47e1-9305-aa9f7e1e9edb",
              "parentUUID": "d7c4bad6-c38f-4698-8a57-06efbcc29a67",
              "isHook": false,
              "skipped": false
            },
            {
              "title": "testLargeRates",
              "fullTitle": "TestSuite.T_CapFlooredCoupon",
              "duration": 2,
              "state": "passed",
              "speed": "fast",
              "pass": true,
              "fail": false,
              "pending": false,
              "context": null,
              "code": null,
              "err": {},
              "uuid": "412d4944-c783-47bc-bf0d-81afb90be3be",
              "parentUUID": "d7c4bad6-c38f-4698-8a57-06efbcc29a67",
              "isHook": false,
              "skipped": false
            }
          ],
          "suites": [],
          "passes": [
            "9bbb7019-c49c-47e1-9305-aa9f7e1e9edb",
            "412d4944-c783-47bc-bf0d-81afb90be3be"
          ],
          "failures": [],
          "pending": [],
          "skipped": [],
          "duration": 11,
          "root": false,
          "rootEmpty": false,
          "_timeout": 10000
        },
        {
          "uuid": "7b0bb6e5-6c4f-4882-9576-81a8a5e489fc",
          "title": "T_CashFlows",
          "file": "",
          "beforeHooks": [],
          "afterHooks": [],
          "tests": [
            {
              "title": "testSettings",
              "fullTitle": "TestSuite.T_CashFlows",
              "duration": 1,
              "state": "passed",
              "speed": "fast",
              "pass": true,
              "fail": false,
              "pending": false,
              "context": null,
              "code": null,
              "err": {},
              "uuid": "44e45cd6-1784-44e3-9458-f7a3a5fe5a65",
              "parentUUID": "7b0bb6e5-6c4f-4882-9576-81a8a5e489fc",
              "isHook": false,
              "skipped": false
            },
            {
              "title": "testDefaultSettlementDate",
              "fullTitle": "TestSuite.T_CashFlows",
              "duration": 1,
              "state": "passed",
              "speed": "fast",
              "pass": true,
              "fail": false,
              "pending": false,
              "context": null,
              "code": null,
              "err": {},
              "uuid": "c6a0f1a3-dbd4-4245-b430-25498eeb9667",
              "parentUUID": "7b0bb6e5-6c4f-4882-9576-81a8a5e489fc",
              "isHook": false,
              "skipped": false
            },
            {
              "title": "testAccessViolation",
              "fullTitle": "TestSuite.T_CashFlows",
              "duration": 1,
              "state": "passed",
              "speed": "fast",
              "pass": true,
              "fail": false,
              "pending": false,
              "context": null,
              "code": null,
              "err": {},
              "uuid": "7d4c018a-7f47-48e0-ab9b-e9602e516e4c",
              "parentUUID": "7b0bb6e5-6c4f-4882-9576-81a8a5e489fc",
              "isHook": false,
              "skipped": false
            },
            {
              "title": "testNullFixingDays",
              "fullTitle": "TestSuite.T_CashFlows",
              "duration": 1,
              "state": "passed",
              "speed": "fast",
              "pass": true,
              "fail": false,
              "pending": false,
              "context": null,
              "code": null,
              "err": {},
              "uuid": "6c304acf-cb71-4fa0-8e53-390c0dbfddae",
              "parentUUID": "7b0bb6e5-6c4f-4882-9576-81a8a5e489fc",
              "isHook": false,
              "skipped": false
            }
          ],
          "suites": [],
          "passes": [
            "44e45cd6-1784-44e3-9458-f7a3a5fe5a65",
            "c6a0f1a3-dbd4-4245-b430-25498eeb9667",
            "7d4c018a-7f47-48e0-ab9b-e9602e516e4c",
            "6c304acf-cb71-4fa0-8e53-390c0dbfddae"
          ],
          "failures": [],
          "pending": [],
          "skipped": [],
          "duration": 2,
          "root": false,
          "rootEmpty": false,
          "_timeout": 10000
        },
        {
          "uuid": "1e63b7f5-cd77-4a59-89a3-58557dc1ff5e",
          "title": "T_CliquetOption",
          "file": "",
          "beforeHooks": [],
          "afterHooks": [],
          "tests": [
            {
              "title": "testPerformanceGreeks",
              "fullTitle": "TestSuite.T_CliquetOption",
              "duration": 224,
              "state": "passed",
              "speed": "medium",
              "pass": true,
              "fail": false,
              "pending": false,
              "context": null,
              "code": null,
              "err": {},
              "uuid": "70603917-4411-4e2e-a4e9-2c611d4b7e27",
              "parentUUID": "1e63b7f5-cd77-4a59-89a3-58557dc1ff5e",
              "isHook": false,
              "skipped": false
            },
            {
              "title": "testGreeks",
              "fullTitle": "TestSuite.T_CliquetOption",
              "duration": 213,
              "state": "passed",
              "speed": "medium",
              "pass": true,
              "fail": false,
              "pending": false,
              "context": null,
              "code": null,
              "err": {},
              "uuid": "d8f8f764-3302-4d18-8dab-e4b58575eb21",
              "parentUUID": "1e63b7f5-cd77-4a59-89a3-58557dc1ff5e",
              "isHook": false,
              "skipped": false
            },
            {
              "title": "testValues",
              "fullTitle": "TestSuite.T_CliquetOption",
              "duration": 1,
              "state": "passed",
              "speed": "fast",
              "pass": true,
              "fail": false,
              "pending": false,
              "context": null,
              "code": null,
              "err": {},
              "uuid": "744348c6-3a28-48b5-8a12-f8f822d2b2c1",
              "parentUUID": "1e63b7f5-cd77-4a59-89a3-58557dc1ff5e",
              "isHook": false,
              "skipped": false
            }
          ],
          "suites": [],
          "passes": [
            "70603917-4411-4e2e-a4e9-2c611d4b7e27",
            "d8f8f764-3302-4d18-8dab-e4b58575eb21",
            "744348c6-3a28-48b5-8a12-f8f822d2b2c1"
          ],
          "failures": [],
          "pending": [],
          "skipped": [],
          "duration": 437,
          "root": false,
          "rootEmpty": false,
          "_timeout": 10000
        },
        {
          "uuid": "2f71ad39-3886-47f9-bc54-026dcd5cf169",
          "title": "T_Cms",
          "file": "",
          "beforeHooks": [],
          "afterHooks": [],
          "tests": [
            {
              "title": "testCmsSwap",
              "fullTitle": "TestSuite.T_Cms",
              "duration": 322,
              "state": "passed",
              "speed": "slow",
              "pass": true,
              "fail": false,
              "pending": false,
              "context": null,
              "code": null,
              "err": {},
              "uuid": "b25bad28-9aa9-4867-89e6-916ee552369b",
              "parentUUID": "2f71ad39-3886-47f9-bc54-026dcd5cf169",
              "isHook": false,
              "skipped": false
            },
            {
              "title": "testParity",
              "fullTitle": "TestSuite.T_Cms",
              "duration": 218,
              "state": "passed",
              "speed": "medium",
              "pass": true,
              "fail": false,
              "pending": false,
              "context": null,
              "code": null,
              "err": {},
              "uuid": "af352eff-ca1f-41b5-9708-c323eb42db01",
              "parentUUID": "2f71ad39-3886-47f9-bc54-026dcd5cf169",
              "isHook": false,
              "skipped": false
            },
            {
              "title": "testFairRate",
              "fullTitle": "TestSuite.T_Cms",
              "duration": 5,
              "state": "passed",
              "speed": "fast",
              "pass": true,
              "fail": false,
              "pending": false,
              "context": null,
              "code": null,
              "err": {},
              "uuid": "2a4ef92b-b73d-4373-85b7-980725be3e22",
              "parentUUID": "2f71ad39-3886-47f9-bc54-026dcd5cf169",
              "isHook": false,
              "skipped": false
            }
          ],
          "suites": [],
          "passes": [
            "b25bad28-9aa9-4867-89e6-916ee552369b",
            "af352eff-ca1f-41b5-9708-c323eb42db01",
            "2a4ef92b-b73d-4373-85b7-980725be3e22"
          ],
          "failures": [],
          "pending": [],
          "skipped": [],
          "duration": 544,
          "root": false,
          "rootEmpty": false,
          "_timeout": 10000
        },
        {
          "uuid": "c6465af0-fe8c-46d5-8c36-9bbe8647da29",
          "title": "T_ConvertibleBond",
          "file": "",
          "beforeHooks": [],
          "afterHooks": [],
          "tests": [
            {
              "title": "testBond",
              "fullTitle": "TestSuite.T_ConvertibleBond",
              "duration": 295,
              "state": "passed",
              "speed": "slow",
              "pass": true,
              "fail": false,
              "pending": false,
              "context": null,
              "code": null,
              "err": {},
              "uuid": "c18043ca-4181-497e-83a2-f914c45f817e",
              "parentUUID": "c6465af0-fe8c-46d5-8c36-9bbe8647da29",
              "isHook": false,
              "skipped": false
            },
            {
              "title": "testRegression",
              "fullTitle": "TestSuite.T_ConvertibleBond",
              "duration": 12,
              "state": "passed",
              "speed": "fast",
              "pass": true,
              "fail": false,
              "pending": false,
              "context": null,
              "code": null,
              "err": {},
              "uuid": "1f651fa2-e7ef-4224-bd0c-1d0d9aea79dc",
              "parentUUID": "c6465af0-fe8c-46d5-8c36-9bbe8647da29",
              "isHook": false,
              "skipped": false
            },
            {
              "title": "testOption",
              "fullTitle": "TestSuite.T_ConvertibleBond",
              "duration": 122,
              "state": "passed",
              "speed": "medium",
              "pass": true,
              "fail": false,
              "pending": false,
              "context": null,
              "code": null,
              "err": {},
              "uuid": "760f9cbd-2976-4dca-a59f-67e97bca1ef2",
              "parentUUID": "c6465af0-fe8c-46d5-8c36-9bbe8647da29",
              "isHook": false,
              "skipped": false
            }
          ],
          "suites": [],
          "passes": [
            "c18043ca-4181-497e-83a2-f914c45f817e",
            "1f651fa2-e7ef-4224-bd0c-1d0d9aea79dc",
            "760f9cbd-2976-4dca-a59f-67e97bca1ef2"
          ],
          "failures": [],
          "pending": [],
          "skipped": [],
          "duration": 427,
          "root": false,
          "rootEmpty": false,
          "_timeout": 10000
        },
        {
          "uuid": "c09638b6-25b3-4745-8c4a-37fcf9588413",
          "title": "T_CPISwap",
          "file": "",
          "beforeHooks": [],
          "afterHooks": [],
          "tests": [
            {
              "title": "cpibondconsistency",
              "fullTitle": "TestSuite.T_CPISwap",
              "duration": 16,
              "state": "passed",
              "speed": "fast",
              "pass": true,
              "fail": false,
              "pending": false,
              "context": null,
              "code": null,
              "err": {},
              "uuid": "ff0c8e02-6f2e-4271-86e4-9420c5435fd6",
              "parentUUID": "c09638b6-25b3-4745-8c4a-37fcf9588413",
              "isHook": false,
              "skipped": false
            },
            {
              "title": "zciisconsistency",
              "fullTitle": "TestSuite.T_CPISwap",
              "duration": 3,
              "state": "passed",
              "speed": "fast",
              "pass": true,
              "fail": false,
              "pending": false,
              "context": null,
              "code": null,
              "err": {},
              "uuid": "b7fd6802-f8aa-4b8d-94b5-99bf234585d4",
              "parentUUID": "c09638b6-25b3-4745-8c4a-37fcf9588413",
              "isHook": false,
              "skipped": false
            },
            {
              "title": "consistency",
              "fullTitle": "TestSuite.T_CPISwap",
              "duration": 7,
              "state": "passed",
              "speed": "fast",
              "pass": true,
              "fail": false,
              "pending": false,
              "context": null,
              "code": null,
              "err": {},
              "uuid": "c37c086f-80c1-43ce-a952-a15f7aa56aea",
              "parentUUID": "c09638b6-25b3-4745-8c4a-37fcf9588413",
              "isHook": false,
              "skipped": false
            }
          ],
          "suites": [],
          "passes": [
            "ff0c8e02-6f2e-4271-86e4-9420c5435fd6",
            "b7fd6802-f8aa-4b8d-94b5-99bf234585d4",
            "c37c086f-80c1-43ce-a952-a15f7aa56aea"
          ],
          "failures": [],
          "pending": [],
          "skipped": [],
          "duration": 25,
          "root": false,
          "rootEmpty": false,
          "_timeout": 10000
        },
        {
          "uuid": "e6c06f12-174c-43e0-9dec-46159f8160aa",
          "title": "T_CreditDefaultSwap",
          "file": "",
          "beforeHooks": [],
          "afterHooks": [],
          "tests": [
            {
              "title": "testIsdaEngine",
              "fullTitle": "TestSuite.T_CreditDefaultSwap",
              "duration": 42,
              "state": "passed",
              "speed": "fast",
              "pass": true,
              "fail": false,
              "pending": false,
              "context": null,
              "code": null,
              "err": {},
              "uuid": "84a4c5f3-34cf-4ec9-8a60-2441564ed710",
              "parentUUID": "e6c06f12-174c-43e0-9dec-46159f8160aa",
              "isHook": false,
              "skipped": false
            },
            {
              "title": "testFairUpfront",
              "fullTitle": "TestSuite.T_CreditDefaultSwap",
              "duration": 15,
              "state": "passed",
              "speed": "fast",
              "pass": true,
              "fail": false,
              "pending": false,
              "context": null,
              "code": null,
              "err": {},
              "uuid": "12fca5f8-cc9c-4cd8-8418-d8644bc1ecaa",
              "parentUUID": "e6c06f12-174c-43e0-9dec-46159f8160aa",
              "isHook": false,
              "skipped": false
            },
            {
              "title": "testCachedValue",
              "fullTitle": "TestSuite.T_CreditDefaultSwap",
              "duration": 18,
              "state": "passed",
              "speed": "fast",
              "pass": true,
              "fail": false,
              "pending": false,
              "context": null,
              "code": null,
              "err": {},
              "uuid": "6e70da08-9083-479e-8431-e658cd7c43c7",
              "parentUUID": "e6c06f12-174c-43e0-9dec-46159f8160aa",
              "isHook": false,
              "skipped": false
            },
            {
              "title": "testCachedMarketValue",
              "fullTitle": "TestSuite.T_CreditDefaultSwap",
              "duration": 12,
              "state": "passed",
              "speed": "fast",
              "pass": true,
              "fail": false,
              "pending": false,
              "context": null,
              "code": null,
              "err": {},
              "uuid": "d54903fc-e41a-4516-889d-6dc7ba345204",
              "parentUUID": "e6c06f12-174c-43e0-9dec-46159f8160aa",
              "isHook": false,
              "skipped": false
            },
            {
              "title": "testImpliedHazardRate",
              "fullTitle": "TestSuite.T_CreditDefaultSwap",
              "duration": 14,
              "state": "passed",
              "speed": "fast",
              "pass": true,
              "fail": false,
              "pending": false,
              "context": null,
              "code": null,
              "err": {},
              "uuid": "59bb2e00-2c50-4145-ab0c-27b44a6e630c",
              "parentUUID": "e6c06f12-174c-43e0-9dec-46159f8160aa",
              "isHook": false,
              "skipped": false
            },
            {
              "title": "testFairSpread",
              "fullTitle": "TestSuite.T_CreditDefaultSwap",
              "duration": 9,
              "state": "passed",
              "speed": "fast",
              "pass": true,
              "fail": false,
              "pending": false,
              "context": null,
              "code": null,
              "err": {},
              "uuid": "562eac8f-32dc-4934-80ec-02beea073e12",
              "parentUUID": "e6c06f12-174c-43e0-9dec-46159f8160aa",
              "isHook": false,
              "skipped": false
            }
          ],
          "suites": [],
          "passes": [
            "84a4c5f3-34cf-4ec9-8a60-2441564ed710",
            "12fca5f8-cc9c-4cd8-8418-d8644bc1ecaa",
            "6e70da08-9083-479e-8431-e658cd7c43c7",
            "d54903fc-e41a-4516-889d-6dc7ba345204",
            "59bb2e00-2c50-4145-ab0c-27b44a6e630c",
            "562eac8f-32dc-4934-80ec-02beea073e12"
          ],
          "failures": [],
          "pending": [],
          "skipped": [],
          "duration": 106,
          "root": false,
          "rootEmpty": false,
          "_timeout": 10000
        }
      ],
      "passes": [],
      "failures": [],
      "pending": [],
      "skipped": [],
      "duration": 0,
      "root": true,
      "rootEmpty": true,
      "_timeout": 10000
    }
  ]
}