{
  "stats": {
    "suites": 9,
    "tests": 476,
    "passes": 462,
    "pending": 13,
    "failures": 1,
    "testsRegistered": 476,
    "passPercent": 97.05882352941177,
    "pendingPercent": 2.73109243697479,
    "other": 0,
    "hasOther": false,
    "skipped": 0,
    "hasSkipped": false,
    "duration": 112827
  },
  "results": [
    {
      "uuid": "3dcef65b-41ea-43f9-8d63-8469ee3a8594",
      "title": "C:\\projecrs\\QLNet\\tests\\QLNet.Tests\\bin\\Debug\\net8.0\\QLNet.Tests.dll",
      "fullFile": "",
      "file": "",
      "beforeHooks": [],
      "afterHooks": [],
      "tests": [],
      "suites": [
        {
          "uuid": "ac3ef979-73e8-4316-b15f-a5ea26b401d9",
          "title": "QLNet.Tests.T_DayCounters",
          "file": "",
          "beforeHooks": [],
          "afterHooks": [],
          "tests": [
            {
              "title": "testThirty365",
              "fullTitle": "QLNet.Tests.T_DayCounters",
              "duration": 1,
              "state": "passed",
              "speed": "fast",
              "pass": true,
              "fail": false,
              "pending": false,
              "context": null,
              "code": null,
              "err": {},
              "uuid": "74776f13-993e-4614-8b1a-11fc86777d4d",
              "parentUUID": "ac3ef979-73e8-4316-b15f-a5ea26b401d9",
              "isHook": false,
              "skipped": false
            },
            {
              "title": "testActualActualIsma(isEndOfMonth: False, frequency: Semiannual, interestAccrualDateAsString: \"1999-01-30\", maturityDateAsString: \"2000-06-30\", firstCouponDateAsString: \"1999-07-30\", penultimateCouponDateAsString: \"2000-01-30\", d1AsString: \"1999-07-30\", d2AsString: \"2000-01-30\", expectedYearFraction: 0.5)",
              "fullTitle": "QLNet.Tests.T_DayCounters",
              "duration": 2,
              "state": "passed",
              "speed": "fast",
              "pass": true,
              "fail": false,
              "pending": false,
              "context": null,
              "code": null,
              "err": {},
              "uuid": "ca545588-9c72-455f-b328-513af95f8a83",
              "parentUUID": "ac3ef979-73e8-4316-b15f-a5ea26b401d9",
              "isHook": false,
              "skipped": false
            },
            {
              "title": "testActualActualIsma(isEndOfMonth: False, frequency: Semiannual, interestAccrualDateAsString: \"2003-05-01\", maturityDateAsString: \"2005-05-01\", firstCouponDateAsString: \"2003-11-01\", penultimateCouponDateAsString: \"2004-11-01\", d1AsString: \"2003-11-01\", d2AsString: \"2004-05-01\", expectedYearFraction: 0.5)",
              "fullTitle": "QLNet.Tests.T_DayCounters",
              "duration": 1,
              "state": "passed",
              "speed": "fast",
              "pass": true,
              "fail": false,
              "pending": false,
              "context": null,
              "code": null,
              "err": {},
              "uuid": "56079997-9620-4736-acb5-2d40cd55bd91",
              "parentUUID": "ac3ef979-73e8-4316-b15f-a5ea26b401d9",
              "isHook": false,
              "skipped": false
            },
            {
              "title": "testActualActualIsma(isEndOfMonth: False, frequency: Quarterly, interestAccrualDateAsString: \"1999-05-31\", maturityDateAsString: \"2000-04-30\", firstCouponDateAsString: \"1999-08-31\", penultimateCouponDateAsString: \"1999-11-30\", d1AsString: \"1999-11-30\", d2AsString: \"2000-04-30\", expectedYearFraction: 0.41944444444444445)",
              "fullTitle": "QLNet.Tests.T_DayCounters",
              "duration": 1,
              "state": "passed",
              "speed": "fast",
              "pass": true,
              "fail": false,
              "pending": false,
              "context": null,
              "code": null,
              "err": {},
              "uuid": "1076ebb9-cc90-4016-b564-5395e3366e82",
              "parentUUID": "ac3ef979-73e8-4316-b15f-a5ea26b401d9",
              "isHook": false,
              "skipped": false
            },
            {
              "title": "testActualActualIsma(isEndOfMonth: True, frequency: Quarterly, interestAccrualDateAsString: \"1999-05-31\", maturityDateAsString: \"2000-04-30\", firstCouponDateAsString: \"1999-08-31\", penultimateCouponDateAsString: \"1999-11-30\", d1AsString: \"1999-11-30\", d2AsString: \"2000-04-30\", expectedYearFraction: 0.41576086956521741)",
              "fullTitle": "QLNet.Tests.T_DayCounters",
              "duration": 1,
              "state": "passed",
              "speed": "fast",
              "pass": true,
              "fail": false,
              "pending": false,
              "context": null,
              "code": null,
              "err": {},
              "uuid": "67d5dff1-3b55-4723-b6eb-52d8f2edbb0f",
              "parentUUID": "ac3ef979-73e8-4316-b15f-a5ea26b401d9",
              "isHook": false,
              "skipped": false
            },
            {
              "title": "testActualActualIsma(isEndOfMonth: False, frequency: Semiannual, interestAccrualDateAsString: \"2002-08-15\", maturityDateAsString: \"2005-07-15\", firstCouponDateAsString: \"2003-07-15\", penultimateCouponDateAsString: \"2004-07-15\", d1AsString: \"2002-08-15\", d2AsString: \"2003-07-15\", expectedYearFraction: 0.91576086956521741)",
              "fullTitle": "QLNet.Tests.T_DayCounters",
              "duration": 1,
              "state": "passed",
              "speed": "fast",
              "pass": true,
              "fail": false,
              "pending": false,
              "context": null,
              "code": null,
              "err": {},
              "uuid": "53999911-0471-4053-9c8c-bed4632e9af2",
              "parentUUID": "ac3ef979-73e8-4316-b15f-a5ea26b401d9",
              "isHook": false,
              "skipped": false
            },
            {
              "title": "testActualActualIsma(isEndOfMonth: False, frequency: Annual, interestAccrualDateAsString: \"1999-02-01\", maturityDateAsString: \"2002-07-01\", firstCouponDateAsString: \"1999-07-01\", penultimateCouponDateAsString: \"2001-07-01\", d1AsString: \"1999-07-01\", d2AsString: \"2000-07-01\", expectedYearFraction: 1)",
              "fullTitle": "QLNet.Tests.T_DayCounters",
              "duration": 1,
              "state": "passed",
              "speed": "fast",
              "pass": true,
              "fail": false,
              "pending": false,
              "context": null,
              "code": null,
              "err": {},
              "uuid": "1457f18f-1ada-4919-b270-e6b5706b6c15",
              "parentUUID": "ac3ef979-73e8-4316-b15f-a5ea26b401d9",
              "isHook": false,
              "skipped": false
            },
            {
              "title": "testActualActualIsma(isEndOfMonth: False, frequency: Semiannual, interestAccrualDateAsString: \"1999-01-30\", maturityDateAsString: \"2000-06-30\", firstCouponDateAsString: \"1999-07-30\", penultimateCouponDateAsString: \"2000-01-30\", d1AsString: \"2000-01-30\", d2AsString: \"2000-06-30\", expectedYearFraction: 0.4175824175824176)",
              "fullTitle": "QLNet.Tests.T_DayCounters",
              "duration": 1,
              "state": "passed",
              "speed": "fast",
              "pass": true,
              "fail": false,
              "pending": false,
              "context": null,
              "code": null,
              "err": {},
              "uuid": "1ee7bbb4-8b5f-4163-b93c-48fd899f370d",
              "parentUUID": "ac3ef979-73e8-4316-b15f-a5ea26b401d9",
              "isHook": false,
              "skipped": false
            },
            {
              "title": "testActualActualIsma(isEndOfMonth: False, frequency: Annual, interestAccrualDateAsString: \"1999-02-01\", maturityDateAsString: \"2002-07-01\", firstCouponDateAsString: \"1999-07-01\", penultimateCouponDateAsString: \"2001-07-01\", d1AsString: \"1999-02-01\", d2AsString: \"1999-07-01\", expectedYearFraction: 0.41095890410958902)",
              "fullTitle": "QLNet.Tests.T_DayCounters",
              "duration": 1,
              "state": "passed",
              "speed": "fast",
              "pass": true,
              "fail": false,
              "pending": false,
              "context": null,
              "code": null,
              "err": {},
              "uuid": "5339a022-e19a-42ec-93b3-97b47fc1bbe8",
              "parentUUID": "ac3ef979-73e8-4316-b15f-a5ea26b401d9",
              "isHook": false,
              "skipped": false
            },
            {
              "title": "testActualActualIsma(isEndOfMonth: False, frequency: Semiannual, interestAccrualDateAsString: \"2002-08-15\", maturityDateAsString: \"2005-07-15\", firstCouponDateAsString: \"2003-07-15\", penultimateCouponDateAsString: \"2004-07-15\", d1AsString: \"2003-07-15\", d2AsString: \"2004-01-15\", expectedYearFraction: 0.5)",
              "fullTitle": "QLNet.Tests.T_DayCounters",
              "duration": 1,
              "state": "passed",
              "speed": "fast",
              "pass": true,
              "fail": false,
              "pending": false,
              "context": null,
              "code": null,
              "err": {},
              "uuid": "f8b163da-e0ec-44c0-9d24-8432ef0a2bd8",
              "parentUUID": "ac3ef979-73e8-4316-b15f-a5ea26b401d9",
              "isHook": false,
              "skipped": false
            },
            {
              "title": "testActualActualOutOfScheduleRange",
              "fullTitle": "QLNet.Tests.T_DayCounters",
              "duration": 2,
              "state": "passed",
              "speed": "fast",
              "pass": true,
              "fail": false,
              "pending": false,
              "context": null,
              "code": null,
              "err": {},
              "uuid": "ff399857-375a-4d53-8b88-5c2d4e89c3e8",
              "parentUUID": "ac3ef979-73e8-4316-b15f-a5ea26b401d9",
              "isHook": false,
              "skipped": false
            },
            {
              "title": "testThirty360_ISDA",
              "fullTitle": "QLNet.Tests.T_DayCounters",
              "duration": 2,
              "state": "passed",
              "speed": "fast",
              "pass": true,
              "fail": false,
              "pending": false,
              "context": null,
              "code": null,
              "err": {},
              "uuid": "319888d2-9ecd-47bb-acc3-ef4a82414f11",
              "parentUUID": "ac3ef979-73e8-4316-b15f-a5ea26b401d9",
              "isHook": false,
              "skipped": false
            },
            {
              "title": "testThirty360_EurobondBasis",
              "fullTitle": "QLNet.Tests.T_DayCounters",
              "duration": 1,
              "state": "passed",
              "speed": "fast",
              "pass": true,
              "fail": false,
              "pending": false,
              "context": null,
              "code": null,
              "err": {},
              "uuid": "1015571f-3783-4502-90b5-1e98f63db753",
              "parentUUID": "ac3ef979-73e8-4316-b15f-a5ea26b401d9",
              "isHook": false,
              "skipped": false
            },
            {
              "title": "testActualActualWithSchedule",
              "fullTitle": "QLNet.Tests.T_DayCounters",
              "duration": 1,
              "state": "passed",
              "speed": "fast",
              "pass": true,
              "fail": false,
              "pending": false,
              "context": null,
              "code": null,
              "err": {},
              "uuid": "f4c7c18a-ef04-43b6-8c62-9a5032dc97cc",
              "parentUUID": "ac3ef979-73e8-4316-b15f-a5ea26b401d9",
              "isHook": false,
              "skipped": false
            },
            {
              "title": "testIntraday",
              "fullTitle": "QLNet.Tests.T_DayCounters",
              "duration": 1,
              "state": "passed",
              "speed": "fast",
              "pass": true,
              "fail": false,
              "pending": false,
              "context": null,
              "code": null,
              "err": {},
              "uuid": "56d29994-9d0e-41b9-9016-9b558b291bc4",
              "parentUUID": "ac3ef979-73e8-4316-b15f-a5ea26b401d9",
              "isHook": false,
              "skipped": false
            },
            {
              "title": "testAct36525",
              "fullTitle": "QLNet.Tests.T_DayCounters",
              "duration": 1,
              "state": "passed",
              "speed": "fast",
              "pass": true,
              "fail": false,
              "pending": false,
              "context": null,
              "code": null,
              "err": {},
              "uuid": "c07baeae-e477-4ce8-a7b4-0ad734c2fade",
              "parentUUID": "ac3ef979-73e8-4316-b15f-a5ea26b401d9",
              "isHook": false,
              "skipped": false
            },
            {
              "title": "testActualActualWithSemiannualSchedule",
              "fullTitle": "QLNet.Tests.T_DayCounters",
              "duration": 17,
              "state": "passed",
              "speed": "fast",
              "pass": true,
              "fail": false,
              "pending": false,
              "context": null,
              "code": null,
              "err": {},
              "uuid": "a5b8a26e-19bf-4538-9eb4-897644c3b9eb",
              "parentUUID": "ac3ef979-73e8-4316-b15f-a5ea26b401d9",
              "isHook": false,
              "skipped": false
            },
            {
              "title": "testAct366",
              "fullTitle": "QLNet.Tests.T_DayCounters",
              "duration": 1,
              "state": "passed",
              "speed": "fast",
              "pass": true,
              "fail": false,
              "pending": false,
              "context": null,
              "code": null,
              "err": {},
              "uuid": "5d8dc13d-0702-45a7-8c30-40d0b1a6a148",
              "parentUUID": "ac3ef979-73e8-4316-b15f-a5ea26b401d9",
              "isHook": false,
              "skipped": false
            },
            {
              "title": "testActualActualWithAnnualSchedule",
              "fullTitle": "QLNet.Tests.T_DayCounters",
              "duration": 1,
              "state": "passed",
              "speed": "fast",
              "pass": true,
              "fail": false,
              "pending": false,
              "context": null,
              "code": null,
              "err": {},
              "uuid": "10f88cd2-b27e-45c3-ab19-58f0b886a417",
              "parentUUID": "ac3ef979-73e8-4316-b15f-a5ea26b401d9",
              "isHook": false,
              "skipped": false
            },
            {
              "title": "testOne",
              "fullTitle": "QLNet.Tests.T_DayCounters",
              "duration": 1,
              "state": "passed",
              "speed": "fast",
              "pass": true,
              "fail": false,
              "pending": false,
              "context": null,
              "code": null,
              "err": {},
              "uuid": "d0f04de3-0c5c-42f5-a7d2-96a52aaff3e9",
              "parentUUID": "ac3ef979-73e8-4316-b15f-a5ea26b401d9",
              "isHook": false,
              "skipped": false
            },
            {
              "title": "testActualActual",
              "fullTitle": "QLNet.Tests.T_DayCounters",
              "duration": 2,
              "state": "passed",
              "speed": "fast",
              "pass": true,
              "fail": false,
              "pending": false,
              "context": null,
              "code": null,
              "err": {},
              "uuid": "1d9fb19f-9e1f-4a06-83be-fe9f72b2a7d5",
              "parentUUID": "ac3ef979-73e8-4316-b15f-a5ea26b401d9",
              "isHook": false,
              "skipped": false
            },
            {
              "title": "testSimple",
              "fullTitle": "QLNet.Tests.T_DayCounters",
              "duration": 1,
              "state": "passed",
              "speed": "fast",
              "pass": true,
              "fail": false,
              "pending": false,
              "context": null,
              "code": null,
              "err": {},
              "uuid": "d580ca68-c575-4529-a84c-bf8841941540",
              "parentUUID": "ac3ef979-73e8-4316-b15f-a5ea26b401d9",
              "isHook": false,
              "skipped": false
            },
            {
              "title": "testBusiness252",
              "fullTitle": "QLNet.Tests.T_DayCounters",
              "duration": 4,
              "state": "passed",
              "speed": "fast",
              "pass": true,
              "fail": false,
              "pending": false,
              "context": null,
              "code": null,
              "err": {},
              "uuid": "aeb7b06c-3146-403c-9b5c-08de5a66e454",
              "parentUUID": "ac3ef979-73e8-4316-b15f-a5ea26b401d9",
              "isHook": false,
              "skipped": false
            },
            {
              "title": "testActual365_Canadian",
              "fullTitle": "QLNet.Tests.T_DayCounters",
              "duration": 1,
              "state": "passed",
              "speed": "fast",
              "pass": true,
              "fail": false,
              "pending": false,
              "context": null,
              "code": null,
              "err": {},
              "uuid": "81613f1f-c2a7-4419-b762-fbcfa98bb50e",
              "parentUUID": "ac3ef979-73e8-4316-b15f-a5ea26b401d9",
              "isHook": false,
              "skipped": false
            },
            {
              "title": "testThirty360_BondBasis",
              "fullTitle": "QLNet.Tests.T_DayCounters",
              "duration": 1,
              "state": "passed",
              "speed": "fast",
              "pass": true,
              "fail": false,
              "pending": false,
              "context": null,
              "code": null,
              "err": {},
              "uuid": "4054d2c6-7728-467f-b28f-0a752662ead3",
              "parentUUID": "ac3ef979-73e8-4316-b15f-a5ea26b401d9",
              "isHook": false,
              "skipped": false
            }
          ],
          "suites": [],
          "passes": [
            "74776f13-993e-4614-8b1a-11fc86777d4d",
            "ca545588-9c72-455f-b328-513af95f8a83",
            "56079997-9620-4736-acb5-2d40cd55bd91",
            "1076ebb9-cc90-4016-b564-5395e3366e82",
            "67d5dff1-3b55-4723-b6eb-52d8f2edbb0f",
            "53999911-0471-4053-9c8c-bed4632e9af2",
            "1457f18f-1ada-4919-b270-e6b5706b6c15",
            "1ee7bbb4-8b5f-4163-b93c-48fd899f370d",
            "5339a022-e19a-42ec-93b3-97b47fc1bbe8",
            "f8b163da-e0ec-44c0-9d24-8432ef0a2bd8",
            "ff399857-375a-4d53-8b88-5c2d4e89c3e8",
            "319888d2-9ecd-47bb-acc3-ef4a82414f11",
            "1015571f-3783-4502-90b5-1e98f63db753",
            "f4c7c18a-ef04-43b6-8c62-9a5032dc97cc",
            "56d29994-9d0e-41b9-9016-9b558b291bc4",
            "c07baeae-e477-4ce8-a7b4-0ad734c2fade",
            "a5b8a26e-19bf-4538-9eb4-897644c3b9eb",
            "5d8dc13d-0702-45a7-8c30-40d0b1a6a148",
            "10f88cd2-b27e-45c3-ab19-58f0b886a417",
            "d0f04de3-0c5c-42f5-a7d2-96a52aaff3e9",
            "1d9fb19f-9e1f-4a06-83be-fe9f72b2a7d5",
            "d580ca68-c575-4529-a84c-bf8841941540",
            "aeb7b06c-3146-403c-9b5c-08de5a66e454",
            "81613f1f-c2a7-4419-b762-fbcfa98bb50e",
            "4054d2c6-7728-467f-b28f-0a752662ead3"
          ],
          "failures": [],
          "pending": [],
          "skipped": [],
          "duration": 31,
          "root": false,
          "rootEmpty": false,
          "_timeout": 10000
        },
        {
          "uuid": "5e0c397b-e0ed-490c-a638-72e17f9c7eba",
          "title": "T_AsianOptions",
          "file": "",
          "beforeHooks": [],
          "afterHooks": [],
          "tests": [
            {
              "title": "testAnalyticContinuousGeometricAveragePriceGreeks",
              "fullTitle": "TestSuite.T_AsianOptions",
              "duration": 27,
              "state": "passed",
              "speed": "fast",
              "pass": true,
              "fail": false,
              "pending": false,
              "context": null,
              "code": null,
              "err": {},
              "uuid": "b2bb59ef-c9d7-40dd-9cbf-4d4901eb7d0e",
              "parentUUID": "5e0c397b-e0ed-490c-a638-72e17f9c7eba",
              "isHook": false,
              "skipped": false
            },
            {
              "title": "testMCDiscreteGeometricAveragePrice",
              "fullTitle": "TestSuite.T_AsianOptions",
              "duration": 1,
              "state": "pending",
              "speed": "fast",
              "pass": false,
              "fail": false,
              "pending": true,
              "context": "[\"skipped: Incomplete\"]",
              "code": null,
              "err": {},
              "uuid": "52f4cefa-fcd9-47e2-b2cf-c2893a73a2a9",
              "parentUUID": "5e0c397b-e0ed-490c-a638-72e17f9c7eba",
              "isHook": false,
              "skipped": false
            },
            {
              "title": "testAnalyticDiscreteGeometricAveragePrice",
              "fullTitle": "TestSuite.T_AsianOptions",
              "duration": 4,
              "state": "passed",
              "speed": "fast",
              "pass": true,
              "fail": false,
              "pending": false,
              "context": null,
              "code": null,
              "err": {},
              "uuid": "7ec89206-32b8-4c54-9b4b-0c959e75d6a4",
              "parentUUID": "5e0c397b-e0ed-490c-a638-72e17f9c7eba",
              "isHook": false,
              "skipped": false
            },
            {
              "title": "testIssue115",
              "fullTitle": "TestSuite.T_AsianOptions",
              "duration": 12,
              "state": "passed",
              "speed": "fast",
              "pass": true,
              "fail": false,
              "pending": false,
              "context": null,
              "code": null,
              "err": {},
              "uuid": "9633c2f0-5546-4914-89bb-b2c2435d1c6a",
              "parentUUID": "5e0c397b-e0ed-490c-a638-72e17f9c7eba",
              "isHook": false,
              "skipped": false
            },
            {
              "title": "testAnalyticDiscreteGeometricAveragePriceGreeks",
              "fullTitle": "TestSuite.T_AsianOptions",
              "duration": 38,
              "state": "passed",
              "speed": "fast",
              "pass": true,
              "fail": false,
              "pending": false,
              "context": null,
              "code": null,
              "err": {},
              "uuid": "71a543d6-4203-4396-8043-f3b918a51998",
              "parentUUID": "5e0c397b-e0ed-490c-a638-72e17f9c7eba",
              "isHook": false,
              "skipped": false
            },
            {
              "title": "testAnalyticDiscreteGeometricAverageStrike",
              "fullTitle": "TestSuite.T_AsianOptions",
              "duration": 2,
              "state": "passed",
              "speed": "fast",
              "pass": true,
              "fail": false,
              "pending": false,
              "context": null,
              "code": null,
              "err": {},
              "uuid": "f835120c-a075-48b9-a66e-7ae4cd83b880",
              "parentUUID": "5e0c397b-e0ed-490c-a638-72e17f9c7eba",
              "isHook": false,
              "skipped": false
            },
            {
              "title": "testAnalyticContinuousGeometricAveragePrice",
              "fullTitle": "TestSuite.T_AsianOptions",
              "duration": 3,
              "state": "failed",
              "speed": "fast",
              "pass": false,
              "fail": true,
              "pending": false,
              "context": null,
              "code": null,
              "err": {
                "message": "exception-type asfafgasg: QLNet.EuropeanExercise QLNet.EuropeanExercise Asian option with Geometric and QLNet.PlainVanillaPayoff payoff:             running variable:             past fixings:             future fixings:   0             underlying value: 80             strike:           85             dividend yield:   -0.03             risk-free rate:   0.055             reference date:   27/09/2024             maturity:         26/12/2024             volatility:       0.2              expected   value: 4.6922             calculated value: 4.64631729808559             error:            0.04588270191440991             tolerance:        0.0001             Expected: True             Actual:   False           ",
                "estack": "at TestSuite.QAssert.Fail(String message) in C:\\projects\\QLNet\\tests\\QLNet.Tests\\Utilities.cs:line 187\n            at TestSuite.T_AsianOptions.REPORT_FAILURE(String greekName, Type averageType, Nullable`1 runningAccumulator, Nullable`1 pastFixings, List`1 fixingDates, StrikedTypePayoff payoff, Exercise exercise, Double s, Double q, Double r, Date today, Double v, Double expected, Double calculated, Double tolerance) in C:\\projects\\Dev\\QLNet\\tests\\QLNet.Tests\\T_AsianOptions.cs:line 39\n            at TestSuite.T_AsianOptions.testAnalyticContinuousGeometricAveragePrice() in C:\\projects\\QLNet\\tests\\QLNet.Tests\\T_AsianOptions.cs:line 122\n            at System.RuntimeMethodHandle.InvokeMethod(Object target, Void** arguments, Signature sig, Boolean isConstructor)\n            at System.Reflection.MethodBaseInvoker.InvokeWithNoArgs(Object obj, BindingFlags invokeAttr)",
                "diff": null
              },
              "uuid": "28f529d6-1a8b-4f3c-8a75-ffc7c1fd354b",
              "parentUUID": "5e0c397b-e0ed-490c-a638-72e17f9c7eba",
              "isHook": false,
              "skipped": false
            }
          ],
          "suites": [],
          "passes": [
            "b2bb59ef-c9d7-40dd-9cbf-4d4901eb7d0e",
            "7ec89206-32b8-4c54-9b4b-0c959e75d6a4",
            "9633c2f0-5546-4914-89bb-b2c2435d1c6a",
            "71a543d6-4203-4396-8043-f3b918a51998",
            "f835120c-a075-48b9-a66e-7ae4cd83b880"
          ],
          "failures": [
            "28f529d6-1a8b-4f3c-8a75-ffc7c1fd354b"
          ],
          "pending": [
            "52f4cefa-fcd9-47e2-b2cf-c2893a73a2a9"
          ],
          "skipped": [],
          "duration": 83,
          "root": false,
          "rootEmpty": false,
          "_timeout": 10000
        },
        {
          "uuid": "b0ae8eee-21ee-41d5-8087-a6a0e90c81f6",
          "title": "T_CapFlooredCoupon",
          "file": "",
          "beforeHooks": [],
          "afterHooks": [],
          "tests": [
            {
              "title": "testDecomposition",
              "fullTitle": "TestSuite.T_CapFlooredCoupon",
              "duration": 10,
              "state": "passed",
              "speed": "fast",
              "pass": true,
              "fail": false,
              "pending": false,
              "context": null,
              "code": null,
              "err": {},
              "uuid": "915be4b0-b9ee-41fc-9c02-50b0178c0649",
              "parentUUID": "b0ae8eee-21ee-41d5-8087-a6a0e90c81f6",
              "isHook": false,
              "skipped": false
            },
            {
              "title": "testLargeRates",
              "fullTitle": "TestSuite.T_CapFlooredCoupon",
              "duration": 2,
              "state": "passed",
              "speed": "fast",
              "pass": true,
              "fail": false,
              "pending": false,
              "context": null,
              "code": null,
              "err": {},
              "uuid": "3b0da162-ff18-43ca-81ff-a60f435b9eea",
              "parentUUID": "b0ae8eee-21ee-41d5-8087-a6a0e90c81f6",
              "isHook": false,
              "skipped": false
            }
          ],
          "suites": [],
          "passes": [
            "915be4b0-b9ee-41fc-9c02-50b0178c0649",
            "3b0da162-ff18-43ca-81ff-a60f435b9eea"
          ],
          "failures": [],
          "pending": [],
          "skipped": [],
          "duration": 11,
          "root": false,
          "rootEmpty": false,
          "_timeout": 10000
        },
        {
          "uuid": "267a8a75-7586-47ec-9448-1181a24ffa6b",
          "title": "T_CashFlows",
          "file": "",
          "beforeHooks": [],
          "afterHooks": [],
          "tests": [
            {
              "title": "testSettings",
              "fullTitle": "TestSuite.T_CashFlows",
              "duration": 1,
              "state": "passed",
              "speed": "fast",
              "pass": true,
              "fail": false,
              "pending": false,
              "context": null,
              "code": null,
              "err": {},
              "uuid": "f5940ea6-db8e-4297-af04-57976c96faf3",
              "parentUUID": "267a8a75-7586-47ec-9448-1181a24ffa6b",
              "isHook": false,
              "skipped": false
            },
            {
              "title": "testDefaultSettlementDate",
              "fullTitle": "TestSuite.T_CashFlows",
              "duration": 1,
              "state": "passed",
              "speed": "fast",
              "pass": true,
              "fail": false,
              "pending": false,
              "context": null,
              "code": null,
              "err": {},
              "uuid": "dafa6384-2298-42e3-9c38-aceeb94a9376",
              "parentUUID": "267a8a75-7586-47ec-9448-1181a24ffa6b",
              "isHook": false,
              "skipped": false
            },
            {
              "title": "testAccessViolation",
              "fullTitle": "TestSuite.T_CashFlows",
              "duration": 1,
              "state": "passed",
              "speed": "fast",
              "pass": true,
              "fail": false,
              "pending": false,
              "context": null,
              "code": null,
              "err": {},
              "uuid": "844c798c-e3b8-464e-87a7-cab79e9d809d",
              "parentUUID": "267a8a75-7586-47ec-9448-1181a24ffa6b",
              "isHook": false,
              "skipped": false
            },
            {
              "title": "testNullFixingDays",
              "fullTitle": "TestSuite.T_CashFlows",
              "duration": 1,
              "state": "passed",
              "speed": "fast",
              "pass": true,
              "fail": false,
              "pending": false,
              "context": null,
              "code": null,
              "err": {},
              "uuid": "8df6dc17-7fee-48ce-b571-894efb61134c",
              "parentUUID": "267a8a75-7586-47ec-9448-1181a24ffa6b",
              "isHook": false,
              "skipped": false
            }
          ],
          "suites": [],
          "passes": [
            "f5940ea6-db8e-4297-af04-57976c96faf3",
            "dafa6384-2298-42e3-9c38-aceeb94a9376",
            "844c798c-e3b8-464e-87a7-cab79e9d809d",
            "8df6dc17-7fee-48ce-b571-894efb61134c"
          ],
          "failures": [],
          "pending": [],
          "skipped": [],
          "duration": 2,
          "root": false,
          "rootEmpty": false,
          "_timeout": 10000
        },
        {
          "uuid": "8527f0bd-b73a-423a-a715-5a183fc56025",
          "title": "T_CliquetOption",
          "file": "",
          "beforeHooks": [],
          "afterHooks": [],
          "tests": [
            {
              "title": "testPerformanceGreeks",
              "fullTitle": "TestSuite.T_CliquetOption",
              "duration": 224,
              "state": "passed",
              "speed": "medium",
              "pass": true,
              "fail": false,
              "pending": false,
              "context": null,
              "code": null,
              "err": {},
              "uuid": "c80e6c48-5efa-4141-9366-d4009ff519dc",
              "parentUUID": "8527f0bd-b73a-423a-a715-5a183fc56025",
              "isHook": false,
              "skipped": false
            },
            {
              "title": "testGreeks",
              "fullTitle": "TestSuite.T_CliquetOption",
              "duration": 213,
              "state": "passed",
              "speed": "medium",
              "pass": true,
              "fail": false,
              "pending": false,
              "context": null,
              "code": null,
              "err": {},
              "uuid": "04185c9a-5f79-4b49-9ad7-df31b1d31222",
              "parentUUID": "8527f0bd-b73a-423a-a715-5a183fc56025",
              "isHook": false,
              "skipped": false
            },
            {
              "title": "testValues",
              "fullTitle": "TestSuite.T_CliquetOption",
              "duration": 1,
              "state": "passed",
              "speed": "fast",
              "pass": true,
              "fail": false,
              "pending": false,
              "context": null,
              "code": null,
              "err": {},
              "uuid": "913afe8b-80e5-4051-8aa2-9ab99499bb17",
              "parentUUID": "8527f0bd-b73a-423a-a715-5a183fc56025",
              "isHook": false,
              "skipped": false
            }
          ],
          "suites": [],
          "passes": [
            "c80e6c48-5efa-4141-9366-d4009ff519dc",
            "04185c9a-5f79-4b49-9ad7-df31b1d31222",
            "913afe8b-80e5-4051-8aa2-9ab99499bb17"
          ],
          "failures": [],
          "pending": [],
          "skipped": [],
          "duration": 437,
          "root": false,
          "rootEmpty": false,
          "_timeout": 10000
        },
        {
          "uuid": "e857962d-af1e-4398-903d-97d8da43e518",
          "title": "T_Cms",
          "file": "",
          "beforeHooks": [],
          "afterHooks": [],
          "tests": [
            {
              "title": "testCmsSwap",
              "fullTitle": "TestSuite.T_Cms",
              "duration": 322,
              "state": "passed",
              "speed": "slow",
              "pass": true,
              "fail": false,
              "pending": false,
              "context": null,
              "code": null,
              "err": {},
              "uuid": "8552a8f0-f260-44db-848c-f3b4370de7db",
              "parentUUID": "e857962d-af1e-4398-903d-97d8da43e518",
              "isHook": false,
              "skipped": false
            },
            {
              "title": "testParity",
              "fullTitle": "TestSuite.T_Cms",
              "duration": 218,
              "state": "passed",
              "speed": "medium",
              "pass": true,
              "fail": false,
              "pending": false,
              "context": null,
              "code": null,
              "err": {},
              "uuid": "a497282a-cac9-456a-bac5-d68147b5d5e9",
              "parentUUID": "e857962d-af1e-4398-903d-97d8da43e518",
              "isHook": false,
              "skipped": false
            },
            {
              "title": "testFairRate",
              "fullTitle": "TestSuite.T_Cms",
              "duration": 5,
              "state": "passed",
              "speed": "fast",
              "pass": true,
              "fail": false,
              "pending": false,
              "context": null,
              "code": null,
              "err": {},
              "uuid": "38733abe-daa2-40c6-97a3-e9255d1c50d2",
              "parentUUID": "e857962d-af1e-4398-903d-97d8da43e518",
              "isHook": false,
              "skipped": false
            }
          ],
          "suites": [],
          "passes": [
            "8552a8f0-f260-44db-848c-f3b4370de7db",
            "a497282a-cac9-456a-bac5-d68147b5d5e9",
            "38733abe-daa2-40c6-97a3-e9255d1c50d2"
          ],
          "failures": [],
          "pending": [],
          "skipped": [],
          "duration": 544,
          "root": false,
          "rootEmpty": false,
          "_timeout": 10000
        },
        {
          "uuid": "107553ba-e2df-4b9c-bae4-0d0b94f7b1ad",
          "title": "T_ConvertibleBond",
          "file": "",
          "beforeHooks": [],
          "afterHooks": [],
          "tests": [
            {
              "title": "testBond",
              "fullTitle": "TestSuite.T_ConvertibleBond",
              "duration": 295,
              "state": "passed",
              "speed": "slow",
              "pass": true,
              "fail": false,
              "pending": false,
              "context": null,
              "code": null,
              "err": {},
              "uuid": "aab4e68a-e772-4f26-825a-63a4e1e4994f",
              "parentUUID": "107553ba-e2df-4b9c-bae4-0d0b94f7b1ad",
              "isHook": false,
              "skipped": false
            },
            {
              "title": "testRegression",
              "fullTitle": "TestSuite.T_ConvertibleBond",
              "duration": 12,
              "state": "passed",
              "speed": "fast",
              "pass": true,
              "fail": false,
              "pending": false,
              "context": null,
              "code": null,
              "err": {},
              "uuid": "1f3d9ce0-8a3a-4231-883f-c2c6b3afb74f",
              "parentUUID": "107553ba-e2df-4b9c-bae4-0d0b94f7b1ad",
              "isHook": false,
              "skipped": false
            },
            {
              "title": "testOption",
              "fullTitle": "TestSuite.T_ConvertibleBond",
              "duration": 122,
              "state": "passed",
              "speed": "medium",
              "pass": true,
              "fail": false,
              "pending": false,
              "context": null,
              "code": null,
              "err": {},
              "uuid": "11047f5a-a3eb-4bb7-8b45-ca3a4c722afa",
              "parentUUID": "107553ba-e2df-4b9c-bae4-0d0b94f7b1ad",
              "isHook": false,
              "skipped": false
            }
          ],
          "suites": [],
          "passes": [
            "aab4e68a-e772-4f26-825a-63a4e1e4994f",
            "1f3d9ce0-8a3a-4231-883f-c2c6b3afb74f",
            "11047f5a-a3eb-4bb7-8b45-ca3a4c722afa"
          ],
          "failures": [],
          "pending": [],
          "skipped": [],
          "duration": 427,
          "root": false,
          "rootEmpty": false,
          "_timeout": 10000
        },
        {
          "uuid": "ac7e4e5e-f2a7-4311-965c-27e98e3a63ba",
          "title": "T_CPISwap",
          "file": "",
          "beforeHooks": [],
          "afterHooks": [],
          "tests": [
            {
              "title": "cpibondconsistency",
              "fullTitle": "TestSuite.T_CPISwap",
              "duration": 16,
              "state": "passed",
              "speed": "fast",
              "pass": true,
              "fail": false,
              "pending": false,
              "context": null,
              "code": null,
              "err": {},
              "uuid": "9d8727e8-e70a-4c47-b13f-242725606483",
              "parentUUID": "ac7e4e5e-f2a7-4311-965c-27e98e3a63ba",
              "isHook": false,
              "skipped": false
            },
            {
              "title": "zciisconsistency",
              "fullTitle": "TestSuite.T_CPISwap",
              "duration": 3,
              "state": "passed",
              "speed": "fast",
              "pass": true,
              "fail": false,
              "pending": false,
              "context": null,
              "code": null,
              "err": {},
              "uuid": "7e4db3b6-3645-4d51-9983-8f170541d32f",
              "parentUUID": "ac7e4e5e-f2a7-4311-965c-27e98e3a63ba",
              "isHook": false,
              "skipped": false
            },
            {
              "title": "consistency",
              "fullTitle": "TestSuite.T_CPISwap",
              "duration": 7,
              "state": "passed",
              "speed": "fast",
              "pass": true,
              "fail": false,
              "pending": false,
              "context": null,
              "code": null,
              "err": {},
              "uuid": "7f735e18-fe04-49b8-9f52-1cc7c2303f8d",
              "parentUUID": "ac7e4e5e-f2a7-4311-965c-27e98e3a63ba",
              "isHook": false,
              "skipped": false
            }
          ],
          "suites": [],
          "passes": [
            "9d8727e8-e70a-4c47-b13f-242725606483",
            "7e4db3b6-3645-4d51-9983-8f170541d32f",
            "7f735e18-fe04-49b8-9f52-1cc7c2303f8d"
          ],
          "failures": [],
          "pending": [],
          "skipped": [],
          "duration": 25,
          "root": false,
          "rootEmpty": false,
          "_timeout": 10000
        },
        {
          "uuid": "cbafb390-09d1-41d3-9ec2-92cd1ef90046",
          "title": "T_CreditDefaultSwap",
          "file": "",
          "beforeHooks": [],
          "afterHooks": [],
          "tests": [
            {
              "title": "testIsdaEngine",
              "fullTitle": "TestSuite.T_CreditDefaultSwap",
              "duration": 42,
              "state": "passed",
              "speed": "fast",
              "pass": true,
              "fail": false,
              "pending": false,
              "context": null,
              "code": null,
              "err": {},
              "uuid": "e98d17ab-61ae-4375-9593-4210e9bdd39d",
              "parentUUID": "cbafb390-09d1-41d3-9ec2-92cd1ef90046",
              "isHook": false,
              "skipped": false
            },
            {
              "title": "testFairUpfront",
              "fullTitle": "TestSuite.T_CreditDefaultSwap",
              "duration": 15,
              "state": "passed",
              "speed": "fast",
              "pass": true,
              "fail": false,
              "pending": false,
              "context": null,
              "code": null,
              "err": {},
              "uuid": "3da524eb-d4ee-48da-99cf-b53e5282e716",
              "parentUUID": "cbafb390-09d1-41d3-9ec2-92cd1ef90046",
              "isHook": false,
              "skipped": false
            },
            {
              "title": "testCachedValue",
              "fullTitle": "TestSuite.T_CreditDefaultSwap",
              "duration": 18,
              "state": "passed",
              "speed": "fast",
              "pass": true,
              "fail": false,
              "pending": false,
              "context": null,
              "code": null,
              "err": {},
              "uuid": "dcb84c66-e28d-4c6c-a2b3-e8de78719958",
              "parentUUID": "cbafb390-09d1-41d3-9ec2-92cd1ef90046",
              "isHook": false,
              "skipped": false
            },
            {
              "title": "testCachedMarketValue",
              "fullTitle": "TestSuite.T_CreditDefaultSwap",
              "duration": 12,
              "state": "passed",
              "speed": "fast",
              "pass": true,
              "fail": false,
              "pending": false,
              "context": null,
              "code": null,
              "err": {},
              "uuid": "60260214-16c8-4003-a26d-0e45f39bde3d",
              "parentUUID": "cbafb390-09d1-41d3-9ec2-92cd1ef90046",
              "isHook": false,
              "skipped": false
            },
            {
              "title": "testImpliedHazardRate",
              "fullTitle": "TestSuite.T_CreditDefaultSwap",
              "duration": 14,
              "state": "passed",
              "speed": "fast",
              "pass": true,
              "fail": false,
              "pending": false,
              "context": null,
              "code": null,
              "err": {},
              "uuid": "dbb4ada7-138c-4898-b39b-d15b3519ae64",
              "parentUUID": "cbafb390-09d1-41d3-9ec2-92cd1ef90046",
              "isHook": false,
              "skipped": false
            },
            {
              "title": "testFairSpread",
              "fullTitle": "TestSuite.T_CreditDefaultSwap",
              "duration": 9,
              "state": "passed",
              "speed": "fast",
              "pass": true,
              "fail": false,
              "pending": false,
              "context": null,
              "code": null,
              "err": {},
              "uuid": "5ab6ecbd-8949-4fe8-bf0e-1978d4bfe99b",
              "parentUUID": "cbafb390-09d1-41d3-9ec2-92cd1ef90046",
              "isHook": false,
              "skipped": false
            }
          ],
          "suites": [],
          "passes": [
            "e98d17ab-61ae-4375-9593-4210e9bdd39d",
            "3da524eb-d4ee-48da-99cf-b53e5282e716",
            "dcb84c66-e28d-4c6c-a2b3-e8de78719958",
            "60260214-16c8-4003-a26d-0e45f39bde3d",
            "dbb4ada7-138c-4898-b39b-d15b3519ae64",
            "5ab6ecbd-8949-4fe8-bf0e-1978d4bfe99b"
          ],
          "failures": [],
          "pending": [],
          "skipped": [],
          "duration": 106,
          "root": false,
          "rootEmpty": false,
          "_timeout": 10000
        }
      ],
      "passes": [],
      "failures": [],
      "pending": [],
      "skipped": [],
      "duration": 0,
      "root": true,
      "rootEmpty": true,
      "_timeout": 10000
    }
  ]
}