{
  "stats": {
    "suites": 4,
    "tests": 329,
    "passes": 316,
    "pending": 0,
    "failures": 13,
    "testsRegistered": 329,
    "passPercent": 96.04863221884499,
    "pendingPercent": 0,
    "other": 0,
    "hasOther": false,
    "skipped": 0,
    "hasSkipped": false,
    "duration": 8004
  },
  "results": [
    {
      "uuid": "c7be7fdd-55d3-46f3-a8f9-17b97ce28948",
      "title": "C:\\Users\\calliopeuser\\projects\\LiveResults\\MWM2.LiveResults.Tests\\bin\\Debug\\MWM2.LiveResults.Tests.dll",
      "fullFile": "",
      "file": "",
      "beforeHooks": [],
      "afterHooks": [],
      "tests": [],
      "suites": [
        {
          "uuid": "ca3cedab-d91d-4af2-9484-9e332d748d54",
          "title": "MWM2.LiveResults.Tests.Schema.Export.OpenQuestionExportColumnTests",
          "file": "",
          "beforeHooks": [],
          "afterHooks": [],
          "tests": [
            {
              "title": "OpenQuestion_WithoutLabel_NullValue_MissingValueReturned",
              "fullTitle": "MWM2.LiveResults.Tests.Schema.Export.OpenQuestionExportColumnTests",
              "duration": 1,
              "state": "passed",
              "speed": "fast",
              "pass": true,
              "fail": false,
              "pending": false,
              "context": null,
              "code": null,
              "err": {},
              "uuid": "2e8b35b2-34fb-4caf-b462-bc2a64f4ccd1",
              "parentUUID": "ca3cedab-d91d-4af2-9484-9e332d748d54",
              "isHook": false,
              "skipped": false
            },
            {
              "title": "OpenQuestion_WithoutLabel_OpenValueReturned",
              "fullTitle": "MWM2.LiveResults.Tests.Schema.Export.OpenQuestionExportColumnTests",
              "duration": 48,
              "state": "passed",
              "speed": "slow",
              "pass": true,
              "fail": false,
              "pending": false,
              "context": null,
              "code": null,
              "err": {},
              "uuid": "37f0b1c8-8981-4c1b-80f6-65202880c34c",
              "parentUUID": "ca3cedab-d91d-4af2-9484-9e332d748d54",
              "isHook": false,
              "skipped": false
            },
            {
              "title": "OpenQuestion_WithAnswerLabel_AnswerLabelReturned",
              "fullTitle": "MWM2.LiveResults.Tests.Schema.Export.OpenQuestionExportColumnTests",
              "duration": 1,
              "state": "passed",
              "speed": "fast",
              "pass": true,
              "fail": false,
              "pending": false,
              "context": null,
              "code": null,
              "err": {},
              "uuid": "15491049-4dda-4024-bba3-a5f00781b544",
              "parentUUID": "ca3cedab-d91d-4af2-9484-9e332d748d54",
              "isHook": false,
              "skipped": false
            },
            {
              "title": "OpenQuestion_GivenEmptyValue_EmptySettingReturned",
              "fullTitle": "MWM2.LiveResults.Tests.Schema.Export.OpenQuestionExportColumnTests",
              "duration": 1,
              "state": "passed",
              "speed": "fast",
              "pass": true,
              "fail": false,
              "pending": false,
              "context": null,
              "code": null,
              "err": {},
              "uuid": "486de13b-d96f-4878-a9c3-71dd8f8d44d8",
              "parentUUID": "ca3cedab-d91d-4af2-9484-9e332d748d54",
              "isHook": false,
              "skipped": false
            },
            {
              "title": "OpenQuestion_WithLabel_ColumnNameIsLabel",
              "fullTitle": "MWM2.LiveResults.Tests.Schema.Export.OpenQuestionExportColumnTests",
              "duration": 1,
              "state": "passed",
              "speed": "fast",
              "pass": true,
              "fail": false,
              "pending": false,
              "context": null,
              "code": null,
              "err": {},
              "uuid": "2de2469d-7133-40a9-b934-4a41fb26bb83",
              "parentUUID": "ca3cedab-d91d-4af2-9484-9e332d748d54",
              "isHook": false,
              "skipped": false
            },
            {
              "title": "OpenQuestion_NotGiven_MissingValueReturned",
              "fullTitle": "MWM2.LiveResults.Tests.Schema.Export.OpenQuestionExportColumnTests",
              "duration": 1,
              "state": "passed",
              "speed": "fast",
              "pass": true,
              "fail": false,
              "pending": false,
              "context": null,
              "code": null,
              "err": {},
              "uuid": "36efd98d-3f70-4362-b62e-8262c0aff814",
              "parentUUID": "ca3cedab-d91d-4af2-9484-9e332d748d54",
              "isHook": false,
              "skipped": false
            },
            {
              "title": "OpenQuestion_WithoutLabel_CorrectColumnName",
              "fullTitle": "MWM2.LiveResults.Tests.Schema.Export.OpenQuestionExportColumnTests",
              "duration": 1,
              "state": "passed",
              "speed": "fast",
              "pass": true,
              "fail": false,
              "pending": false,
              "context": null,
              "code": null,
              "err": {},
              "uuid": "0eae3bb0-7e3d-426c-8d7f-87925df1960c",
              "parentUUID": "ca3cedab-d91d-4af2-9484-9e332d748d54",
              "isHook": false,
              "skipped": false
            }
          ],
          "suites": [],
          "passes": [
            "2e8b35b2-34fb-4caf-b462-bc2a64f4ccd1",
            "37f0b1c8-8981-4c1b-80f6-65202880c34c",
            "15491049-4dda-4024-bba3-a5f00781b544",
            "486de13b-d96f-4878-a9c3-71dd8f8d44d8",
            "2de2469d-7133-40a9-b934-4a41fb26bb83",
            "36efd98d-3f70-4362-b62e-8262c0aff814",
            "0eae3bb0-7e3d-426c-8d7f-87925df1960c"
          ],
          "failures": [],
          "pending": [],
          "skipped": [],
          "duration": 54,
          "root": false,
          "rootEmpty": false,
          "_timeout": 10000
        },
        {
          "uuid": "c450d259-e707-4cc2-a4d2-8a4a0f0ec113",
          "title": "MWM2.LiveResults.Tests.Schema.Export.PointDistributionExportTests",
          "file": "",
          "beforeHooks": [],
          "afterHooks": [],
          "tests": [
            {
              "title": "PointDistributionQuestion_WithAnswerLabels_GetValues",
              "fullTitle": "MWM2.LiveResults.Tests.Schema.Export.PointDistributionExportTests",
              "duration": 26,
              "state": "passed",
              "speed": "slow",
              "pass": true,
              "fail": false,
              "pending": false,
              "context": null,
              "code": null,
              "err": {},
              "uuid": "30f06a67-638c-4005-8333-5f768bc39eaa",
              "parentUUID": "c450d259-e707-4cc2-a4d2-8a4a0f0ec113",
              "isHook": false,
              "skipped": false
            },
            {
              "title": "PointDistributionQuestion_GetColumnNames",
              "fullTitle": "MWM2.LiveResults.Tests.Schema.Export.PointDistributionExportTests",
              "duration": 1,
              "state": "passed",
              "speed": "fast",
              "pass": true,
              "fail": false,
              "pending": false,
              "context": null,
              "code": null,
              "err": {},
              "uuid": "7535f52c-ff60-4154-9d45-915ec57d41f2",
              "parentUUID": "c450d259-e707-4cc2-a4d2-8a4a0f0ec113",
              "isHook": false,
              "skipped": false
            },
            {
              "title": "PointDistributionQuestion_GetValues",
              "fullTitle": "MWM2.LiveResults.Tests.Schema.Export.PointDistributionExportTests",
              "duration": 185,
              "state": "passed",
              "speed": "slow",
              "pass": true,
              "fail": false,
              "pending": false,
              "context": null,
              "code": null,
              "err": {},
              "uuid": "c29c92b4-117f-40da-b52b-cf67065a5551",
              "parentUUID": "c450d259-e707-4cc2-a4d2-8a4a0f0ec113",
              "isHook": false,
              "skipped": false
            },
            {
              "title": "PointDistributionQuestion_WithQuestionLabel_GetColumnNames",
              "fullTitle": "MWM2.LiveResults.Tests.Schema.Export.PointDistributionExportTests",
              "duration": 1,
              "state": "passed",
              "speed": "fast",
              "pass": true,
              "fail": false,
              "pending": false,
              "context": null,
              "code": null,
              "err": {},
              "uuid": "1e607df5-4acc-4298-96ac-bb6f16edef0e",
              "parentUUID": "c450d259-e707-4cc2-a4d2-8a4a0f0ec113",
              "isHook": false,
              "skipped": false
            }
          ],
          "suites": [],
          "passes": [
            "30f06a67-638c-4005-8333-5f768bc39eaa",
            "7535f52c-ff60-4154-9d45-915ec57d41f2",
            "c29c92b4-117f-40da-b52b-cf67065a5551",
            "1e607df5-4acc-4298-96ac-bb6f16edef0e"
          ],
          "failures": [],
          "pending": [],
          "skipped": [],
          "duration": 213,
          "root": false,
          "rootEmpty": false,
          "_timeout": 10000
        },
        {
          "uuid": "bd99f233-7ae1-45d4-973a-daa060aeffbc",
          "title": "MWM2.LiveResults.Tests.Schema.Export.RankingQuestionExportColumnTests",
          "file": "",
          "beforeHooks": [],
          "afterHooks": [],
          "tests": [
            {
              "title": "RankingQuestionWithoutLabels_GetColumnNames",
              "fullTitle": "MWM2.LiveResults.Tests.Schema.Export.RankingQuestionExportColumnTests",
              "duration": 25,
              "state": "passed",
              "speed": "slow",
              "pass": true,
              "fail": false,
              "pending": false,
              "context": null,
              "code": null,
              "err": {},
              "uuid": "45371643-f0d2-4502-81f1-0cbf099609c5",
              "parentUUID": "bd99f233-7ae1-45d4-973a-daa060aeffbc",
              "isHook": false,
              "skipped": false
            },
            {
              "title": "RankingQuestionWithLabels_GetColumnNames",
              "fullTitle": "MWM2.LiveResults.Tests.Schema.Export.RankingQuestionExportColumnTests",
              "duration": 1,
              "state": "passed",
              "speed": "fast",
              "pass": true,
              "fail": false,
              "pending": false,
              "context": null,
              "code": null,
              "err": {},
              "uuid": "447b7553-55f1-41c6-8f59-77ec923e9807",
              "parentUUID": "bd99f233-7ae1-45d4-973a-daa060aeffbc",
              "isHook": false,
              "skipped": false
            },
            {
              "title": "RankingQuestion_WithAnswerLabels_GetValues",
              "fullTitle": "MWM2.LiveResults.Tests.Schema.Export.RankingQuestionExportColumnTests",
              "duration": 1,
              "state": "passed",
              "speed": "fast",
              "pass": true,
              "fail": false,
              "pending": false,
              "context": null,
              "code": null,
              "err": {},
              "uuid": "f836567a-8a6b-4aee-b289-b22683273e61",
              "parentUUID": "bd99f233-7ae1-45d4-973a-daa060aeffbc",
              "isHook": false,
              "skipped": false
            },
            {
              "title": "RankingQuestion_GetValues",
              "fullTitle": "MWM2.LiveResults.Tests.Schema.Export.RankingQuestionExportColumnTests",
              "duration": 183,
              "state": "passed",
              "speed": "slow",
              "pass": true,
              "fail": false,
              "pending": false,
              "context": null,
              "code": null,
              "err": {},
              "uuid": "f24b6741-4198-480a-8cc7-defe3f991b2c",
              "parentUUID": "bd99f233-7ae1-45d4-973a-daa060aeffbc",
              "isHook": false,
              "skipped": false
            }
          ],
          "suites": [],
          "passes": [
            "45371643-f0d2-4502-81f1-0cbf099609c5",
            "447b7553-55f1-41c6-8f59-77ec923e9807",
            "f836567a-8a6b-4aee-b289-b22683273e61",
            "f24b6741-4198-480a-8cc7-defe3f991b2c"
          ],
          "failures": [],
          "pending": [],
          "skipped": [],
          "duration": 210,
          "root": false,
          "rootEmpty": false,
          "_timeout": 10000
        },
        {
          "uuid": "403feb42-f6e3-4653-aa7c-468a599bd8f6",
          "title": "MWM2.LiveResults.Tests.Schema.Export.ResultColumnTests",
          "file": "",
          "beforeHooks": [],
          "afterHooks": [],
          "tests": [
            {
              "title": "GetRuntimeType(dbType: \"nvarchar(max)\", type: typeof(string))",
              "fullTitle": "MWM2.LiveResults.Tests.Schema.Export.ResultColumnTests",
              "duration": 1,
              "state": "passed",
              "speed": "fast",
              "pass": true,
              "fail": false,
              "pending": false,
              "context": null,
              "code": null,
              "err": {},
              "uuid": "b80897ee-d3c1-4f44-a825-50fd9ff9da01",
              "parentUUID": "403feb42-f6e3-4653-aa7c-468a599bd8f6",
              "isHook": false,
              "skipped": false
            },
            {
              "title": "GetRuntimeType(dbType: \"datetime\", type: typeof(System.DateTime))",
              "fullTitle": "MWM2.LiveResults.Tests.Schema.Export.ResultColumnTests",
              "duration": 1,
              "state": "passed",
              "speed": "fast",
              "pass": true,
              "fail": false,
              "pending": false,
              "context": null,
              "code": null,
              "err": {},
              "uuid": "1b2ac73a-02ce-4165-b9b3-6020ecf9e4c7",
              "parentUUID": "403feb42-f6e3-4653-aa7c-468a599bd8f6",
              "isHook": false,
              "skipped": false
            },
            {
              "title": "GetRuntimeType(dbType: \"varchar(50)\", type: typeof(string))",
              "fullTitle": "MWM2.LiveResults.Tests.Schema.Export.ResultColumnTests",
              "duration": 1,
              "state": "passed",
              "speed": "fast",
              "pass": true,
              "fail": false,
              "pending": false,
              "context": null,
              "code": null,
              "err": {},
              "uuid": "b7ac2879-1b0d-4c1b-8b99-e6469e281283",
              "parentUUID": "403feb42-f6e3-4653-aa7c-468a599bd8f6",
              "isHook": false,
              "skipped": false
            },
            {
              "title": "GetRuntimeType(dbType: \"int\", type: typeof(int))",
              "fullTitle": "MWM2.LiveResults.Tests.Schema.Export.ResultColumnTests",
              "duration": 1,
              "state": "passed",
              "speed": "fast",
              "pass": true,
              "fail": false,
              "pending": false,
              "context": null,
              "code": null,
              "err": {},
              "uuid": "72819b8e-3567-440c-aae3-3194ff5a5366",
              "parentUUID": "403feb42-f6e3-4653-aa7c-468a599bd8f6",
              "isHook": false,
              "skipped": false
            },
            {
              "title": "CreateColumnDefinition",
              "fullTitle": "MWM2.LiveResults.Tests.Schema.Export.ResultColumnTests",
              "duration": 1,
              "state": "passed",
              "speed": "fast",
              "pass": true,
              "fail": false,
              "pending": false,
              "context": null,
              "code": null,
              "err": {},
              "uuid": "d7aff579-d429-484a-ad79-18d589266c03",
              "parentUUID": "403feb42-f6e3-4653-aa7c-468a599bd8f6",
              "isHook": false,
              "skipped": false
            },
            {
              "title": "ResultColumnIsSameAs",
              "fullTitle": "MWM2.LiveResults.Tests.Schema.Export.ResultColumnTests",
              "duration": 1,
              "state": "passed",
              "speed": "fast",
              "pass": true,
              "fail": false,
              "pending": false,
              "context": null,
              "code": null,
              "err": {},
              "uuid": "02fdb277-f471-436e-b79e-ba39c8785d88",
              "parentUUID": "403feb42-f6e3-4653-aa7c-468a599bd8f6",
              "isHook": false,
              "skipped": false
            }
          ],
          "suites": [],
          "passes": [
            "b80897ee-d3c1-4f44-a825-50fd9ff9da01",
            "1b2ac73a-02ce-4165-b9b3-6020ecf9e4c7",
            "b7ac2879-1b0d-4c1b-8b99-e6469e281283",
            "72819b8e-3567-440c-aae3-3194ff5a5366",
            "d7aff579-d429-484a-ad79-18d589266c03",
            "02fdb277-f471-436e-b79e-ba39c8785d88"
          ],
          "failures": [],
          "pending": [],
          "skipped": [],
          "duration": 6,
          "root": false,
          "rootEmpty": false,
          "_timeout": 10000
        }
      ],
      "passes": [],
      "failures": [],
      "pending": [],
      "skipped": [],
      "duration": 0,
      "root": true,
      "rootEmpty": true,
      "_timeout": 10000
    }
  ]
}