<?xml version="1.0" encoding="utf-8" standalone="no"?>
<test-run id="0" runstate="Runnable" testcasecount="187" result="Skipped" label="Ignored" total="187" passed="187" failed="0" warnings="0" inconclusive="0" skipped="0" asserts="80" engine-version="3.18.3.0" clr-version="8.0.8" start-time="2024-11-06 18:57:59Z" end-time="2024-11-06 18:59:56Z" duration="116.830957">
    <command-line><![CDATA[C:\project\nunit3-console\bin\net8.0\nunit3-console.dll C:\project\MudBlazor\src\MudBlazor.UnitTests\bin\Debug\net8.0\MudBlazor.UnitTests.dll]]></command-line>
    <test-suite type="Assembly" id="1-5711" name="MudBlazor.UnitTests.dll" fullname="C:\project\MudBlazor\src\MudBlazor.UnitTests\bin\Debug\net8.0\MudBlazor.UnitTests.dll" runstate="Runnable" testcasecount="4338" result="Skipped" label="Ignored" site="Child" start-time="2024-11-06T18:58:00.8222618Z" end-time="2024-11-06T18:59:56.4958713Z" duration="115.673594" total="4338" passed="4334" failed="0" warnings="0" inconclusive="0" skipped="4" asserts="80">
        <environment framework-version="4.2.2.0" clr-version="8.0.8" os-version="Microsoft Windows 10.0.19045" platform="Win32NT" cwd="C:\project\nunit3-console\bin\net8.0" machine-name="DEV-DESKTOP" user="dev" user-domain="DEV-DESKTOP" culture="en-GB" uiculture="en-GB" os-architecture="x64" />
        <settings>
            <setting name="DisposeRunners" value="True" />
            <setting name="WorkDirectory" value="C:\project\nunit3-console\bin\net8.0" />
            <setting name="NumberOfTestWorkers" value="24" />
        </settings>
        <properties>
            <property name="_PID" value="64488" />
            <property name="_APPDOMAIN" value="nunit3-console" />
        </properties>
        <reason>
            <message><![CDATA[One or more child tests were ignored]]></message>
        </reason>
        <test-suite type="TestSuite" id="1-5713" name="MudBlazor" fullname="MudBlazor" runstate="Runnable" testcasecount="4296" result="Skipped" label="Ignored" site="Child" start-time="2024-11-06T18:58:00.8246459Z" end-time="2024-11-06T18:59:56.4896960Z" duration="115.665050" total="4296" passed="4292" failed="0" warnings="0" inconclusive="0" skipped="4" asserts="80">
            <reason>
                <message><![CDATA[One or more child tests were ignored]]></message>
            </reason>
            <test-suite type="TestSuite" id="1-5714" name="UnitTests" fullname="MudBlazor.UnitTests" runstate="Runnable" testcasecount="4296" result="Skipped" label="Ignored" site="Child" start-time="2024-11-06T18:58:00.8248241Z" end-time="2024-11-06T18:59:56.4896939Z" duration="115.664870" total="4296" passed="4292" failed="0" warnings="0" inconclusive="0" skipped="4" asserts="80">
                <reason>
                    <message><![CDATA[One or more child tests were ignored]]></message>
                </reason>
                <test-suite type="TestSuite" id="1-5737" name="Charts" fullname="MudBlazor.UnitTests.Charts" runstate="Runnable" testcasecount="37" result="Passed" start-time="2024-11-06T18:58:00.8248309Z" end-time="2024-11-06T18:58:02.1131880Z" duration="1.288357" total="37" passed="37" failed="0" warnings="0" inconclusive="0" skipped="0" asserts="0">
                    <test-suite type="TestFixture" id="1-2048" name="BarChartTests" fullname="MudBlazor.UnitTests.Charts.BarChartTests" classname="MudBlazor.UnitTests.Charts.BarChartTests" runstate="Runnable" testcasecount="4" result="Passed" start-time="2024-11-06T18:58:00.8256603Z" end-time="2024-11-06T18:58:01.8173032Z" duration="0.991643" total="4" passed="4" failed="0" warnings="0" inconclusive="0" skipped="0" asserts="0">
                        <test-case id="1-2052" name="BarChartColoring" fullname="MudBlazor.UnitTests.Charts.BarChartTests.BarChartColoring" methodname="BarChartColoring" classname="MudBlazor.UnitTests.Charts.BarChartTests" runstate="Runnable" seed="877517506" result="Passed" start-time="2024-11-06T18:58:00.8275298Z" end-time="2024-11-06T18:58:01.7950338Z" duration="0.967536" asserts="0" />
                        <test-case id="1-2049" name="BarChartEmptyData" fullname="MudBlazor.UnitTests.Charts.BarChartTests.BarChartEmptyData" methodname="BarChartEmptyData" classname="MudBlazor.UnitTests.Charts.BarChartTests" runstate="Runnable" seed="2105876048" result="Passed" start-time="2024-11-06T18:58:01.7958195Z" end-time="2024-11-06T18:58:01.7987985Z" duration="0.002979" asserts="0" />
                        <test-case id="1-2050" name="BarChartExampleData" fullname="MudBlazor.UnitTests.Charts.BarChartTests.BarChartExampleData" methodname="BarChartExampleData" classname="MudBlazor.UnitTests.Charts.BarChartTests" runstate="Runnable" seed="550280106" result="Passed" start-time="2024-11-06T18:58:01.7988186Z" end-time="2024-11-06T18:58:01.8133898Z" duration="0.014572" asserts="0" />
                        <test-case id="1-2051" name="BarChartExampleSingleXAxis" fullname="MudBlazor.UnitTests.Charts.BarChartTests.BarChartExampleSingleXAxis" methodname="BarChartExampleSingleXAxis" classname="MudBlazor.UnitTests.Charts.BarChartTests" runstate="Runnable" seed="284806585" result="Passed" start-time="2024-11-06T18:58:01.8134093Z" end-time="2024-11-06T18:58:01.8167537Z" duration="0.003345" asserts="0" />
                    </test-suite>
                    <test-suite type="TestFixture" id="1-2053" name="DonutChartTests" fullname="MudBlazor.UnitTests.Charts.DonutChartTests" classname="MudBlazor.UnitTests.Charts.DonutChartTests" runstate="Runnable" testcasecount="6" result="Passed" start-time="2024-11-06T18:58:01.8180983Z" end-time="2024-11-06T18:58:01.8716920Z" duration="0.053594" total="6" passed="6" failed="0" warnings="0" inconclusive="0" skipped="0" asserts="0">
                        <test-case id="1-2061" name="DonutChartColoring" fullname="MudBlazor.UnitTests.Charts.DonutChartTests.DonutChartColoring" methodname="DonutChartColoring" classname="MudBlazor.UnitTests.Charts.DonutChartTests" runstate="Runnable" seed="1537828570" result="Passed" start-time="2024-11-06T18:58:01.8183214Z" end-time="2024-11-06T18:58:01.8375067Z" duration="0.019186" asserts="0" />
                        <test-case id="1-2054" name="DonutChartEmptyData" fullname="MudBlazor.UnitTests.Charts.DonutChartTests.DonutChartEmptyData" methodname="DonutChartEmptyData" classname="MudBlazor.UnitTests.Charts.DonutChartTests" runstate="Runnable" seed="1319017279" result="Passed" start-time="2024-11-06T18:58:01.8375295Z" end-time="2024-11-06T18:58:01.8389902Z" duration="0.001461" asserts="0" />
                        <test-suite type="ParameterizedMethod" id="1-2057" name="DonutChartExampleData" fullname="MudBlazor.UnitTests.Charts.DonutChartTests.DonutChartExampleData" classname="MudBlazor.UnitTests.Charts.DonutChartTests" runstate="Runnable" testcasecount="2" result="Passed" start-time="2024-11-06T18:58:01.8390049Z" end-time="2024-11-06T18:58:01.8427517Z" duration="0.003747" total="2" passed="2" failed="0" warnings="0" inconclusive="0" skipped="0" asserts="0">
                            <test-case id="1-2055" name="DonutChartExampleData([50.0d, 25.0d, 20.0d, 5.0d])" fullname="MudBlazor.UnitTests.Charts.DonutChartTests.DonutChartExampleData([50.0d, 25.0d, 20.0d, 5.0d])" methodname="DonutChartExampleData" classname="MudBlazor.UnitTests.Charts.DonutChartTests" runstate="Runnable" seed="1804700106" result="Passed" start-time="2024-11-06T18:58:01.8391015Z" end-time="2024-11-06T18:58:01.8413816Z" duration="0.002280" asserts="0" />
                            <test-case id="1-2056" name="DonutChartExampleData([50.0d, 25.0d, 20.0d, 5.0d, 12.0d])" fullname="MudBlazor.UnitTests.Charts.DonutChartTests.DonutChartExampleData([50.0d, 25.0d, 20.0d, 5.0d, 12.0d])" methodname="DonutChartExampleData" classname="MudBlazor.UnitTests.Charts.DonutChartTests" runstate="Runnable" seed="1246414027" result="Passed" start-time="2024-11-06T18:58:01.8413950Z" end-time="2024-11-06T18:58:01.8427162Z" duration="0.001321" asserts="0" />
                        </test-suite>
                        <test-suite type="ParameterizedMethod" id="1-2060" name="DonutCirclePosition" fullname="MudBlazor.UnitTests.Charts.DonutChartTests.DonutCirclePosition" classname="MudBlazor.UnitTests.Charts.DonutChartTests" runstate="Runnable" testcasecount="2" result="Passed" start-time="2024-11-06T18:58:01.8427667Z" end-time="2024-11-06T18:58:01.8716494Z" duration="0.028883" total="2" passed="2" failed="0" warnings="0" inconclusive="0" skipped="0" asserts="0">
                            <test-case id="1-2058" name="DonutCirclePosition([50.0d, 25.0d, 20.0d, 5.0d])" fullname="MudBlazor.UnitTests.Charts.DonutChartTests.DonutCirclePosition([50.0d, 25.0d, 20.0d, 5.0d])" methodname="DonutCirclePosition" classname="MudBlazor.UnitTests.Charts.DonutChartTests" runstate="Runnable" seed="1053666515" result="Passed" start-time="2024-11-06T18:58:01.8427777Z" end-time="2024-11-06T18:58:01.8691575Z" duration="0.026380" asserts="0" />
                            <test-case id="1-2059" name="DonutCirclePosition([50.0d, 25.0d, 20.0d, 5.0d, 12.0d])" fullname="MudBlazor.UnitTests.Charts.DonutChartTests.DonutCirclePosition([50.0d, 25.0d, 20.0d, 5.0d, 12.0d])" methodname="DonutCirclePosition" classname="MudBlazor.UnitTests.Charts.DonutChartTests" runstate="Runnable" seed="1271367579" result="Passed" start-time="2024-11-06T18:58:01.8691797Z" end-time="2024-11-06T18:58:01.8716305Z" duration="0.002451" asserts="0" />
                        </test-suite>
                    </test-suite>
                    <test-suite type="TestFixture" id="1-2062" name="LineChartTests" fullname="MudBlazor.UnitTests.Charts.LineChartTests" classname="MudBlazor.UnitTests.Charts.LineChartTests" runstate="Runnable" testcasecount="18" result="Passed" start-time="2024-11-06T18:58:01.8717145Z" end-time="2024-11-06T18:58:02.0314266Z" duration="0.159712" total="18" passed="18" failed="0" warnings="0" inconclusive="0" skipped="0" asserts="0">
                        <test-case id="1-2082" name="LineChartColoring" fullname="MudBlazor.UnitTests.Charts.LineChartTests.LineChartColoring" methodname="LineChartColoring" classname="MudBlazor.UnitTests.Charts.LineChartTests" runstate="Runnable" seed="1869482520" result="Passed" start-time="2024-11-06T18:58:01.8719278Z" end-time="2024-11-06T18:58:01.8896288Z" duration="0.017701" asserts="0" />
                        <test-case id="1-2063" name="LineChartEmptyData" fullname="MudBlazor.UnitTests.Charts.LineChartTests.LineChartEmptyData" methodname="LineChartEmptyData" classname="MudBlazor.UnitTests.Charts.LineChartTests" runstate="Runnable" seed="1543965250" result="Passed" start-time="2024-11-06T18:58:01.8896501Z" end-time="2024-11-06T18:58:01.8909044Z" duration="0.001254" asserts="0" />
                        <test-suite type="Theory" id="1-2072" name="LineChartExampleData" fullname="MudBlazor.UnitTests.Charts.LineChartTests.LineChartExampleData" classname="MudBlazor.UnitTests.Charts.LineChartTests" runstate="Runnable" testcasecount="8" result="Passed" start-time="2024-11-06T18:58:01.8909204Z" end-time="2024-11-06T18:58:02.0194636Z" duration="0.128543" total="8" passed="8" failed="0" warnings="0" inconclusive="0" skipped="0" asserts="0">
                            <properties>
                                <property name="_JOINTYPE" value="Combinatorial" />
                            </properties>
                            <test-case id="1-2064" name="LineChartExampleData(NaturalSpline)" fullname="MudBlazor.UnitTests.Charts.LineChartTests.LineChartExampleData(NaturalSpline)" methodname="LineChartExampleData" classname="MudBlazor.UnitTests.Charts.LineChartTests" runstate="Runnable" seed="452044245" result="Passed" start-time="2024-11-06T18:58:01.8910438Z" end-time="2024-11-06T18:58:01.9428312Z" duration="0.051788" asserts="0" />
                            <test-case id="1-2065" name="LineChartExampleData(EndSlope)" fullname="MudBlazor.UnitTests.Charts.LineChartTests.LineChartExampleData(EndSlope)" methodname="LineChartExampleData" classname="MudBlazor.UnitTests.Charts.LineChartTests" runstate="Runnable" seed="1705335877" result="Passed" start-time="2024-11-06T18:58:01.9428549Z" end-time="2024-11-06T18:58:01.9544489Z" duration="0.011594" asserts="0" />
                            <test-case id="1-2066" name="LineChartExampleData(Periodic)" fullname="MudBlazor.UnitTests.Charts.LineChartTests.LineChartExampleData(Periodic)" methodname="LineChartExampleData" classname="MudBlazor.UnitTests.Charts.LineChartTests" runstate="Runnable" seed="976160420" result="Passed" start-time="2024-11-06T18:58:01.9544713Z" end-time="2024-11-06T18:58:01.9666759Z" duration="0.012205" asserts="0" />
                            <test-case id="1-2067" name="LineChartExampleData(Straight)" fullname="MudBlazor.UnitTests.Charts.LineChartTests.LineChartExampleData(Straight)" methodname="LineChartExampleData" classname="MudBlazor.UnitTests.Charts.LineChartTests" runstate="Runnable" seed="1453192647" result="Passed" start-time="2024-11-06T18:58:01.9666930Z" end-time="2024-11-06T18:58:01.9763855Z" duration="0.009693" asserts="0" />
                            <test-case id="1-2068" name="LineChartExampleData(NaturalSpline)" fullname="MudBlazor.UnitTests.Charts.LineChartTests.LineChartExampleData(NaturalSpline)" methodname="LineChartExampleData" classname="MudBlazor.UnitTests.Charts.LineChartTests" runstate="Runnable" seed="692226591" result="Passed" start-time="2024-11-06T18:58:01.9764002Z" end-time="2024-11-06T18:58:01.9868455Z" duration="0.010446" asserts="0" />
                            <test-case id="1-2069" name="LineChartExampleData(EndSlope)" fullname="MudBlazor.UnitTests.Charts.LineChartTests.LineChartExampleData(EndSlope)" methodname="LineChartExampleData" classname="MudBlazor.UnitTests.Charts.LineChartTests" runstate="Runnable" seed="2031382744" result="Passed" start-time="2024-11-06T18:58:01.9868625Z" end-time="2024-11-06T18:58:01.9990507Z" duration="0.012188" asserts="0" />
                            <test-case id="1-2070" name="LineChartExampleData(Periodic)" fullname="MudBlazor.UnitTests.Charts.LineChartTests.LineChartExampleData(Periodic)" methodname="LineChartExampleData" classname="MudBlazor.UnitTests.Charts.LineChartTests" runstate="Runnable" seed="1094831238" result="Passed" start-time="2024-11-06T18:58:01.9990690Z" end-time="2024-11-06T18:58:02.0095601Z" duration="0.010491" asserts="0" />
                            <test-case id="1-2071" name="LineChartExampleData(Straight)" fullname="MudBlazor.UnitTests.Charts.LineChartTests.LineChartExampleData(Straight)" methodname="LineChartExampleData" classname="MudBlazor.UnitTests.Charts.LineChartTests" runstate="Runnable" seed="1127880719" result="Passed" start-time="2024-11-06T18:58:02.0095780Z" end-time="2024-11-06T18:58:02.0192427Z" duration="0.009666" asserts="0" />
                        </test-suite>
                        <test-suite type="Theory" id="1-2081" name="LineChartExampleZeroValues" fullname="MudBlazor.UnitTests.Charts.LineChartTests.LineChartExampleZeroValues" classname="MudBlazor.UnitTests.Charts.LineChartTests" runstate="Runnable" testcasecount="8" result="Passed" start-time="2024-11-06T18:58:02.0194892Z" end-time="2024-11-06T18:58:02.0314078Z" duration="0.011919" total="8" passed="8" failed="0" warnings="0" inconclusive="0" skipped="0" asserts="0">
                            <properties>
                                <property name="_JOINTYPE" value="Combinatorial" />
                            </properties>
                            <test-case id="1-2073" name="LineChartExampleZeroValues(NaturalSpline)" fullname="MudBlazor.UnitTests.Charts.LineChartTests.LineChartExampleZeroValues(NaturalSpline)" methodname="LineChartExampleZeroValues" classname="MudBlazor.UnitTests.Charts.LineChartTests" runstate="Runnable" seed="107267191" result="Passed" start-time="2024-11-06T18:58:02.0195086Z" end-time="2024-11-06T18:58:02.0218646Z" duration="0.002356" asserts="0" />
                            <test-case id="1-2074" name="LineChartExampleZeroValues(EndSlope)" fullname="MudBlazor.UnitTests.Charts.LineChartTests.LineChartExampleZeroValues(EndSlope)" methodname="LineChartExampleZeroValues" classname="MudBlazor.UnitTests.Charts.LineChartTests" runstate="Runnable" seed="1419337830" result="Passed" start-time="2024-11-06T18:58:02.0218817Z" end-time="2024-11-06T18:58:02.0232179Z" duration="0.001337" asserts="0" />
                            <test-case id="1-2075" name="LineChartExampleZeroValues(Periodic)" fullname="MudBlazor.UnitTests.Charts.LineChartTests.LineChartExampleZeroValues(Periodic)" methodname="LineChartExampleZeroValues" classname="MudBlazor.UnitTests.Charts.LineChartTests" runstate="Runnable" seed="2068412574" result="Passed" start-time="2024-11-06T18:58:02.0232334Z" end-time="2024-11-06T18:58:02.0243641Z" duration="0.001131" asserts="0" />
                            <test-case id="1-2076" name="LineChartExampleZeroValues(Straight)" fullname="MudBlazor.UnitTests.Charts.LineChartTests.LineChartExampleZeroValues(Straight)" methodname="LineChartExampleZeroValues" classname="MudBlazor.UnitTests.Charts.LineChartTests" runstate="Runnable" seed="723136998" result="Passed" start-time="2024-11-06T18:58:02.0243786Z" end-time="2024-11-06T18:58:02.0254356Z" duration="0.001057" asserts="0" />
                            <test-case id="1-2077" name="LineChartExampleZeroValues(NaturalSpline)" fullname="MudBlazor.UnitTests.Charts.LineChartTests.LineChartExampleZeroValues(NaturalSpline)" methodname="LineChartExampleZeroValues" classname="MudBlazor.UnitTests.Charts.LineChartTests" runstate="Runnable" seed="337963350" result="Passed" start-time="2024-11-06T18:58:02.0254522Z" end-time="2024-11-06T18:58:02.0266176Z" duration="0.001165" asserts="0" />
                            <test-case id="1-2078" name="LineChartExampleZeroValues(EndSlope)" fullname="MudBlazor.UnitTests.Charts.LineChartTests.LineChartExampleZeroValues(EndSlope)" methodname="LineChartExampleZeroValues" classname="MudBlazor.UnitTests.Charts.LineChartTests" runstate="Runnable" seed="1406241472" result="Passed" start-time="2024-11-06T18:58:02.0266319Z" end-time="2024-11-06T18:58:02.0291072Z" duration="0.002475" asserts="0" />
                            <test-case id="1-2079" name="LineChartExampleZeroValues(Periodic)" fullname="MudBlazor.UnitTests.Charts.LineChartTests.LineChartExampleZeroValues(Periodic)" methodname="LineChartExampleZeroValues" classname="MudBlazor.UnitTests.Charts.LineChartTests" runstate="Runnable" seed="1782730299" result="Passed" start-time="2024-11-06T18:58:02.0291278Z" end-time="2024-11-06T18:58:02.0302977Z" duration="0.001170" asserts="0" />
                            <test-case id="1-2080" name="LineChartExampleZeroValues(Straight)" fullname="MudBlazor.UnitTests.Charts.LineChartTests.LineChartExampleZeroValues(Straight)" methodname="LineChartExampleZeroValues" classname="MudBlazor.UnitTests.Charts.LineChartTests" runstate="Runnable" seed="1142727786" result="Passed" start-time="2024-11-06T18:58:02.0303100Z" end-time="2024-11-06T18:58:02.0313919Z" duration="0.001082" asserts="0" />
                        </test-suite>
                    </test-suite>
                    <test-suite type="TestFixture" id="1-2083" name="PieChartTests" fullname="MudBlazor.UnitTests.Charts.PieChartTests" classname="MudBlazor.UnitTests.Charts.PieChartTests" runstate="Runnable" testcasecount="4" result="Passed" start-time="2024-11-06T18:58:02.0314434Z" end-time="2024-11-06T18:58:02.0549407Z" duration="0.023497" total="4" passed="4" failed="0" warnings="0" inconclusive="0" skipped="0" asserts="0">
                        <test-case id="1-2088" name="PieChartColoring" fullname="MudBlazor.UnitTests.Charts.PieChartTests.PieChartColoring" methodname="PieChartColoring" classname="MudBlazor.UnitTests.Charts.PieChartTests" runstate="Runnable" seed="1686998174" result="Passed" start-time="2024-11-06T18:58:02.0317132Z" end-time="2024-11-06T18:58:02.0494275Z" duration="0.017714" asserts="0" />
                        <test-case id="1-2084" name="PieChartEmptyData" fullname="MudBlazor.UnitTests.Charts.PieChartTests.PieChartEmptyData" methodname="PieChartEmptyData" classname="MudBlazor.UnitTests.Charts.PieChartTests" runstate="Runnable" seed="82546603" result="Passed" start-time="2024-11-06T18:58:02.0494482Z" end-time="2024-11-06T18:58:02.0514370Z" duration="0.001989" asserts="0" />
                        <test-suite type="Theory" id="1-2087" name="PieChartExampleData" fullname="MudBlazor.UnitTests.Charts.PieChartTests.PieChartExampleData" classname="MudBlazor.UnitTests.Charts.PieChartTests" runstate="Runnable" testcasecount="2" result="Passed" start-time="2024-11-06T18:58:02.0514505Z" end-time="2024-11-06T18:58:02.0549252Z" duration="0.003475" total="2" passed="2" failed="0" warnings="0" inconclusive="0" skipped="0" asserts="0">
                            <properties>
                                <property name="_JOINTYPE" value="Combinatorial" />
                            </properties>
                            <test-case id="1-2085" name="PieChartExampleData([77.0d, 25.0d, 20.0d, 5.0d])" fullname="MudBlazor.UnitTests.Charts.PieChartTests.PieChartExampleData([77.0d, 25.0d, 20.0d, 5.0d])" methodname="PieChartExampleData" classname="MudBlazor.UnitTests.Charts.PieChartTests" runstate="Runnable" seed="1762753374" result="Passed" start-time="2024-11-06T18:58:02.0514625Z" end-time="2024-11-06T18:58:02.0536161Z" duration="0.002154" asserts="0" />
                            <test-case id="1-2086" name="PieChartExampleData([77.0d, 25.0d, 20.0d, 5.0d, 8.0d])" fullname="MudBlazor.UnitTests.Charts.PieChartTests.PieChartExampleData([77.0d, 25.0d, 20.0d, 5.0d, 8.0d])" methodname="PieChartExampleData" classname="MudBlazor.UnitTests.Charts.PieChartTests" runstate="Runnable" seed="1699630251" result="Passed" start-time="2024-11-06T18:58:02.0536283Z" end-time="2024-11-06T18:58:02.0549118Z" duration="0.001284" asserts="0" />
                        </test-suite>
                    </test-suite>
                    <test-suite type="TestFixture" id="1-2089" name="StackedBarChartTests" fullname="MudBlazor.UnitTests.Charts.StackedBarChartTests" classname="MudBlazor.UnitTests.Charts.StackedBarChartTests" runstate="Runnable" testcasecount="3" result="Passed" start-time="2024-11-06T18:58:02.0549570Z" end-time="2024-11-06T18:58:02.0994391Z" duration="0.044482" total="3" passed="3" failed="0" warnings="0" inconclusive="0" skipped="0" asserts="0">
                        <test-case id="1-2090" name="BarChartEmptyData" fullname="MudBlazor.UnitTests.Charts.StackedBarChartTests.BarChartEmptyData" methodname="BarChartEmptyData" classname="MudBlazor.UnitTests.Charts.StackedBarChartTests" runstate="Runnable" seed="316156276" result="Passed" start-time="2024-11-06T18:58:02.0551331Z" end-time="2024-11-06T18:58:02.0586508Z" duration="0.003518" asserts="0" />
                        <test-case id="1-2091" name="BarChartExampleData" fullname="MudBlazor.UnitTests.Charts.StackedBarChartTests.BarChartExampleData" methodname="BarChartExampleData" classname="MudBlazor.UnitTests.Charts.StackedBarChartTests" runstate="Runnable" seed="1363608769" result="Passed" start-time="2024-11-06T18:58:02.0586653Z" end-time="2024-11-06T18:58:02.0631097Z" duration="0.004444" asserts="0" />
                        <test-case id="1-2092" name="StackedBarChartColoring" fullname="MudBlazor.UnitTests.Charts.StackedBarChartTests.StackedBarChartColoring" methodname="StackedBarChartColoring" classname="MudBlazor.UnitTests.Charts.StackedBarChartTests" runstate="Runnable" seed="772942216" result="Passed" start-time="2024-11-06T18:58:02.0631227Z" end-time="2024-11-06T18:58:02.0994072Z" duration="0.036285" asserts="0" />
                    </test-suite>
                    <test-suite type="TestFixture" id="1-2093" name="TimeSeriesChartTests" fullname="MudBlazor.UnitTests.Charts.TimeSeriesChartTests" classname="MudBlazor.UnitTests.Charts.TimeSeriesChartTests" runstate="Runnable" testcasecount="2" result="Passed" start-time="2024-11-06T18:58:02.0994611Z" end-time="2024-11-06T18:58:02.1131807Z" duration="0.013720" total="2" passed="2" failed="0" warnings="0" inconclusive="0" skipped="0" asserts="0">
                        <test-case id="1-2094" name="TimeSeriesChartEmptyData" fullname="MudBlazor.UnitTests.Charts.TimeSeriesChartTests.TimeSeriesChartEmptyData" methodname="TimeSeriesChartEmptyData" classname="MudBlazor.UnitTests.Charts.TimeSeriesChartTests" runstate="Runnable" seed="717313468" result="Passed" start-time="2024-11-06T18:58:02.0995975Z" end-time="2024-11-06T18:58:02.1056283Z" duration="0.006031" asserts="0" />
                        <test-case id="1-2095" name="TimeSeriesChartLabelFormats" fullname="MudBlazor.UnitTests.Charts.TimeSeriesChartTests.TimeSeriesChartLabelFormats" methodname="TimeSeriesChartLabelFormats" classname="MudBlazor.UnitTests.Charts.TimeSeriesChartTests" runstate="Runnable" seed="231559501" result="Passed" start-time="2024-11-06T18:58:02.1056458Z" end-time="2024-11-06T18:58:02.1131614Z" duration="0.007516" asserts="0" />
                    </test-suite>
                </test-suite>
                <test-suite type="TestSuite" id="1-5738" name="Components" fullname="MudBlazor.UnitTests.Components" runstate="Runnable" testcasecount="3376" result="Skipped" label="Ignored" site="Child" start-time="2024-11-06T18:58:00.8248493Z" end-time="2024-11-06T18:59:47.2345975Z" duration="106.409748" total="3376" passed="3373" failed="0" warnings="0" inconclusive="0" skipped="3" asserts="71">
                    <reason>
                        <message><![CDATA[One or more child tests were ignored]]></message>
                    </reason>
                    <test-suite type="TestFixture" id="1-2102" name="AlertTests" fullname="MudBlazor.UnitTests.Components.AlertTests" classname="MudBlazor.UnitTests.Components.AlertTests" runstate="Runnable" testcasecount="3" result="Passed" start-time="2024-11-06T18:58:02.1668243Z" end-time="2024-11-06T18:58:02.2561095Z" duration="0.089285" total="3" passed="3" failed="0" warnings="0" inconclusive="0" skipped="0" asserts="0">
                        <test-case id="1-2103" name="AlertTest" fullname="MudBlazor.UnitTests.Components.AlertTests.AlertTest" methodname="AlertTest" classname="MudBlazor.UnitTests.Components.AlertTests" runstate="Runnable" seed="1931657867" result="Passed" start-time="2024-11-06T18:58:02.1669017Z" end-time="2024-11-06T18:58:02.1845971Z" duration="0.017695" asserts="0" />
                        <test-case id="1-2105" name="AlertTest_Click" fullname="MudBlazor.UnitTests.Components.AlertTests.AlertTest_Click" methodname="AlertTest_Click" classname="MudBlazor.UnitTests.Components.AlertTests" runstate="Runnable" seed="468208881" result="Passed" start-time="2024-11-06T18:58:02.1846168Z" end-time="2024-11-06T18:58:02.2536024Z" duration="0.068986" asserts="0" />
                        <test-case id="1-2104" name="AlertTest2" fullname="MudBlazor.UnitTests.Components.AlertTests.AlertTest2" methodname="AlertTest2" classname="MudBlazor.UnitTests.Components.AlertTests" runstate="Runnable" seed="729565122" result="Passed" start-time="2024-11-06T18:58:02.2536203Z" end-time="2024-11-06T18:58:02.2560865Z" duration="0.002466" asserts="0" />
                    </test-suite>
                    <test-suite type="TestFixture" id="1-2106" name="AppBarTests" fullname="MudBlazor.UnitTests.Components.AppBarTests" classname="MudBlazor.UnitTests.Components.AppBarTests" runstate="Runnable" testcasecount="5" result="Passed" start-time="2024-11-06T18:58:20.0574116Z" end-time="2024-11-06T18:58:20.0632713Z" duration="0.005860" total="5" passed="5" failed="0" warnings="0" inconclusive="0" skipped="0" asserts="0">
                        <test-case id="1-2111" name="AppBar_WrapContent_ShouldBeFalseByDefault" fullname="MudBlazor.UnitTests.Components.AppBarTests.AppBar_WrapContent_ShouldBeFalseByDefault" methodname="AppBar_WrapContent_ShouldBeFalseByDefault" classname="MudBlazor.UnitTests.Components.AppBarTests" runstate="Runnable" seed="1248062376" result="Passed" start-time="2024-11-06T18:58:20.0575048Z" end-time="2024-11-06T18:58:20.0596055Z" duration="0.002101" asserts="0" />
                        <test-case id="1-2109" name="AppBarWithBottomSetFalse" fullname="MudBlazor.UnitTests.Components.AppBarTests.AppBarWithBottomSetFalse" methodname="AppBarWithBottomSetFalse" classname="MudBlazor.UnitTests.Components.AppBarTests" runstate="Runnable" seed="153455780" result="Passed" start-time="2024-11-06T18:58:20.0596153Z" end-time="2024-11-06T18:58:20.0605479Z" duration="0.000933" asserts="0" />
                        <test-case id="1-2110" name="AppBarWithBottomSetTrue" fullname="MudBlazor.UnitTests.Components.AppBarTests.AppBarWithBottomSetTrue" methodname="AppBarWithBottomSetTrue" classname="MudBlazor.UnitTests.Components.AppBarTests" runstate="Runnable" seed="286722348" result="Passed" start-time="2024-11-06T18:58:20.0605569Z" end-time="2024-11-06T18:58:20.0609762Z" duration="0.000419" asserts="0" />
                        <test-case id="1-2108" name="AppBarWithBottomUnset" fullname="MudBlazor.UnitTests.Components.AppBarTests.AppBarWithBottomUnset" methodname="AppBarWithBottomUnset" classname="MudBlazor.UnitTests.Components.AppBarTests" runstate="Runnable" seed="1350118221" result="Passed" start-time="2024-11-06T18:58:20.0609850Z" end-time="2024-11-06T18:58:20.0614037Z" duration="0.000419" asserts="0" />
                        <test-case id="1-2107" name="AppBarWithModifiedToolBarClass" fullname="MudBlazor.UnitTests.Components.AppBarTests.AppBarWithModifiedToolBarClass" methodname="AppBarWithModifiedToolBarClass" classname="MudBlazor.UnitTests.Components.AppBarTests" runstate="Runnable" seed="1601542278" result="Passed" start-time="2024-11-06T18:58:20.0614120Z" end-time="2024-11-06T18:58:20.0632480Z" duration="0.001836" asserts="0" />
                    </test-suite>
                    <test-suite type="TestFixture" id="1-2279" name="CarouselTests" fullname="MudBlazor.UnitTests.Components.CarouselTests" classname="MudBlazor.UnitTests.Components.CarouselTests" runstate="Runnable" testcasecount="6" result="Passed" start-time="2024-11-06T18:58:25.6459059Z" end-time="2024-11-06T18:58:27.1701855Z" duration="1.524280" total="6" passed="6" failed="0" warnings="0" inconclusive="0" skipped="0" asserts="0">
                        <test-case id="1-2282" name="CarouselTest_AutoCycle" fullname="MudBlazor.UnitTests.Components.CarouselTests.CarouselTest_AutoCycle" methodname="CarouselTest_AutoCycle" classname="MudBlazor.UnitTests.Components.CarouselTests" runstate="Runnable" seed="324572374" result="Passed" start-time="2024-11-06T18:58:25.6459682Z" end-time="2024-11-06T18:58:27.0575652Z" duration="1.411597" asserts="0" />
                        <test-case id="1-2285" name="CarouselTest_DataBinding" fullname="MudBlazor.UnitTests.Components.CarouselTests.CarouselTest_DataBinding" methodname="CarouselTest_DataBinding" classname="MudBlazor.UnitTests.Components.CarouselTests" runstate="Runnable" seed="1760750261" result="Passed" start-time="2024-11-06T18:58:27.0575801Z" end-time="2024-11-06T18:58:27.0800723Z" duration="0.022492" asserts="0" />
                        <test-case id="1-2284" name="CarouselTest_DisableSwipeGesture" fullname="MudBlazor.UnitTests.Components.CarouselTests.CarouselTest_DisableSwipeGesture" methodname="CarouselTest_DisableSwipeGesture" classname="MudBlazor.UnitTests.Components.CarouselTests" runstate="Runnable" seed="1069549390" result="Passed" start-time="2024-11-06T18:58:27.0800848Z" end-time="2024-11-06T18:58:27.1005266Z" duration="0.020442" asserts="0" />
                        <test-case id="1-2281" name="CarouselTest_RenderingOptions" fullname="MudBlazor.UnitTests.Components.CarouselTests.CarouselTest_RenderingOptions" methodname="CarouselTest_RenderingOptions" classname="MudBlazor.UnitTests.Components.CarouselTests" runstate="Runnable" seed="1014644638" result="Passed" start-time="2024-11-06T18:58:27.1005391Z" end-time="2024-11-06T18:58:27.1205503Z" duration="0.020011" asserts="0" />
                        <test-case id="1-2283" name="CarouselTest_SelectedIndexTransition" fullname="MudBlazor.UnitTests.Components.CarouselTests.CarouselTest_SelectedIndexTransition" methodname="CarouselTest_SelectedIndexTransition" classname="MudBlazor.UnitTests.Components.CarouselTests" runstate="Runnable" seed="765588627" result="Passed" start-time="2024-11-06T18:58:27.1205629Z" end-time="2024-11-06T18:58:27.1408105Z" duration="0.020248" asserts="0" />
                        <test-case id="1-2280" name="CarouselTest1" fullname="MudBlazor.UnitTests.Components.CarouselTests.CarouselTest1" methodname="CarouselTest1" classname="MudBlazor.UnitTests.Components.CarouselTests" runstate="Runnable" seed="710268714" result="Passed" start-time="2024-11-06T18:58:27.1408237Z" end-time="2024-11-06T18:58:27.1701563Z" duration="0.029333" asserts="0" />
                    </test-suite>
                    <test-suite type="TestFixture" id="1-2286" name="ChartTests" fullname="MudBlazor.UnitTests.Components.ChartTests" classname="MudBlazor.UnitTests.Components.ChartTests" runstate="Runnable" testcasecount="12" result="Passed" start-time="2024-11-06T18:58:27.1702092Z" end-time="2024-11-06T18:58:27.1974443Z" duration="0.027235" total="12" passed="12" failed="0" warnings="0" inconclusive="0" skipped="0" asserts="0">
                        <test-case id="1-2290" name="BarChartSelectionTest" fullname="MudBlazor.UnitTests.Components.ChartTests.BarChartSelectionTest" methodname="BarChartSelectionTest" classname="MudBlazor.UnitTests.Components.ChartTests" runstate="Runnable" seed="1152675793" result="Passed" start-time="2024-11-06T18:58:27.1703159Z" end-time="2024-11-06T18:58:27.1747684Z" duration="0.004452" asserts="0" />
                        <test-case id="1-2292" name="BarChartWithSingleXAxisValue" fullname="MudBlazor.UnitTests.Components.ChartTests.BarChartWithSingleXAxisValue" methodname="BarChartWithSingleXAxisValue" classname="MudBlazor.UnitTests.Components.ChartTests" runstate="Runnable" seed="759713139" result="Passed" start-time="2024-11-06T18:58:27.1747824Z" end-time="2024-11-06T18:58:27.1761537Z" duration="0.001371" asserts="0" />
                        <test-case id="1-2291" name="BarChartYAxisFormat" fullname="MudBlazor.UnitTests.Components.ChartTests.BarChartYAxisFormat" methodname="BarChartYAxisFormat" classname="MudBlazor.UnitTests.Components.ChartTests" runstate="Runnable" seed="1276621342" result="Passed" start-time="2024-11-06T18:58:27.1761657Z" end-time="2024-11-06T18:58:27.1796265Z" duration="0.003461" asserts="0" />
                        <test-suite type="ParameterizedMethod" id="1-2299" name="ChartCustomGraphics" fullname="MudBlazor.UnitTests.Components.ChartTests.ChartCustomGraphics" classname="MudBlazor.UnitTests.Components.ChartTests" runstate="Runnable" testcasecount="4" result="Passed" start-time="2024-11-06T18:58:27.1796404Z" end-time="2024-11-06T18:58:27.1850773Z" duration="0.005437" total="4" passed="4" failed="0" warnings="0" inconclusive="0" skipped="0" asserts="0">
                            <test-case id="1-2295" name="ChartCustomGraphics(Line,&quot;Hello&quot;)" fullname="MudBlazor.UnitTests.Components.ChartTests.ChartCustomGraphics(Line,&quot;Hello&quot;)" methodname="ChartCustomGraphics" classname="MudBlazor.UnitTests.Components.ChartTests" runstate="Runnable" seed="53194757" result="Passed" start-time="2024-11-06T18:58:27.1796604Z" end-time="2024-11-06T18:58:27.1834712Z" duration="0.003811" asserts="0" />
                            <test-case id="1-2296" name="ChartCustomGraphics(Bar,&quot;123&quot;)" fullname="MudBlazor.UnitTests.Components.ChartTests.ChartCustomGraphics(Bar,&quot;123&quot;)" methodname="ChartCustomGraphics" classname="MudBlazor.UnitTests.Components.ChartTests" runstate="Runnable" seed="942490812" result="Passed" start-time="2024-11-06T18:58:27.1834833Z" end-time="2024-11-06T18:58:27.1840600Z" duration="0.000577" asserts="0" />
                            <test-case id="1-2297" name="ChartCustomGraphics(Donut,&quot;Garderoben&quot;)" fullname="MudBlazor.UnitTests.Components.ChartTests.ChartCustomGraphics(Donut,&quot;Garderoben&quot;)" methodname="ChartCustomGraphics" classname="MudBlazor.UnitTests.Components.ChartTests" runstate="Runnable" seed="638286884" result="Passed" start-time="2024-11-06T18:58:27.1840694Z" end-time="2024-11-06T18:58:27.1845932Z" duration="0.000524" asserts="0" />
                            <test-case id="1-2298" name="ChartCustomGraphics(Pie,&quot;henon&quot;)" fullname="MudBlazor.UnitTests.Components.ChartTests.ChartCustomGraphics(Pie,&quot;henon&quot;)" methodname="ChartCustomGraphics" classname="MudBlazor.UnitTests.Components.ChartTests" runstate="Runnable" seed="217008513" result="Passed" start-time="2024-11-06T18:58:27.1846058Z" end-time="2024-11-06T18:58:27.1850638Z" duration="0.000458" asserts="0" />
                        </test-suite>
                        <test-case id="1-2288" name="DonutChartSelectionTest" fullname="MudBlazor.UnitTests.Components.ChartTests.DonutChartSelectionTest" methodname="DonutChartSelectionTest" classname="MudBlazor.UnitTests.Components.ChartTests" runstate="Runnable" seed="928992392" result="Passed" start-time="2024-11-06T18:58:27.1850886Z" end-time="2024-11-06T18:58:27.1888959Z" duration="0.003807" asserts="0" />
                        <test-case id="1-2289" name="LineChartSelectionTest" fullname="MudBlazor.UnitTests.Components.ChartTests.LineChartSelectionTest" methodname="LineChartSelectionTest" classname="MudBlazor.UnitTests.Components.ChartTests" runstate="Runnable" seed="975031498" result="Passed" start-time="2024-11-06T18:58:27.1889096Z" end-time="2024-11-06T18:58:27.1918863Z" duration="0.002977" asserts="0" />
                        <test-case id="1-2293" name="LineChartWithBigValues" fullname="MudBlazor.UnitTests.Components.ChartTests.LineChartWithBigValues" methodname="LineChartWithBigValues" classname="MudBlazor.UnitTests.Components.ChartTests" runstate="Runnable" seed="1742405471" result="Passed" start-time="2024-11-06T18:58:27.1918989Z" end-time="2024-11-06T18:58:27.1933072Z" duration="0.001408" asserts="0">
                            <properties>
                                <property name="Timeout" value="5000" />
                                <property name="UseCancellation" value="True" />
                            </properties>
                        </test-case>
                        <test-case id="1-2294" name="LineChartWithZeroValues" fullname="MudBlazor.UnitTests.Components.ChartTests.LineChartWithZeroValues" methodname="LineChartWithZeroValues" classname="MudBlazor.UnitTests.Components.ChartTests" runstate="Runnable" seed="1241292281" result="Passed" start-time="2024-11-06T18:58:27.1933158Z" end-time="2024-11-06T18:58:27.1942443Z" duration="0.000928" asserts="0" />
                        <test-case id="1-2287" name="PieChartSelectionTest" fullname="MudBlazor.UnitTests.Components.ChartTests.PieChartSelectionTest" methodname="PieChartSelectionTest" classname="MudBlazor.UnitTests.Components.ChartTests" runstate="Runnable" seed="1360303156" result="Passed" start-time="2024-11-06T18:58:27.1942527Z" end-time="2024-11-06T18:58:27.1974218Z" duration="0.003169" asserts="0" />
                    </test-suite>
                    <test-suite type="TestFixture" id="1-4326" name="ToggleGroupTests" fullname="MudBlazor.UnitTests.Components.ToggleGroupTests" classname="MudBlazor.UnitTests.Components.ToggleGroupTests" runstate="Runnable" testcasecount="13" result="Passed" start-time="2024-11-06T18:59:46.8227843Z" end-time="2024-11-06T18:59:46.8621435Z" duration="0.039359" total="13" passed="13" failed="0" warnings="0" inconclusive="0" skipped="0" asserts="0">
                        <test-case id="1-4327" name="ToggleGroup_Bind_Test" fullname="MudBlazor.UnitTests.Components.ToggleGroupTests.ToggleGroup_Bind_Test" methodname="ToggleGroup_Bind_Test" classname="MudBlazor.UnitTests.Components.ToggleGroupTests" runstate="Runnable" seed="190688078" result="Passed" start-time="2024-11-06T18:59:46.8228877Z" end-time="2024-11-06T18:59:46.8295478Z" duration="0.006660" asserts="0" />
                        <test-case id="1-4337" name="ToggleGroup_CheckMarkClass" fullname="MudBlazor.UnitTests.Components.ToggleGroupTests.ToggleGroup_CheckMarkClass" methodname="ToggleGroup_CheckMarkClass" classname="MudBlazor.UnitTests.Components.ToggleGroupTests" runstate="Runnable" seed="459209362" result="Passed" start-time="2024-11-06T18:59:46.8295672Z" end-time="2024-11-06T18:59:46.8319587Z" duration="0.002392" asserts="0">
                            <properties>
                                <property name="Description" value="Ensures the checkmark is a direct descendant of the button label, is using the right name, and correctly contains a custom class definition" />
                            </properties>
                        </test-case>
                        <test-case id="1-4328" name="ToggleGroup_CustomFragmentBind_Test" fullname="MudBlazor.UnitTests.Components.ToggleGroupTests.ToggleGroup_CustomFragmentBind_Test" methodname="ToggleGroup_CustomFragmentBind_Test" classname="MudBlazor.UnitTests.Components.ToggleGroupTests" runstate="Runnable" seed="2130019715" result="Passed" start-time="2024-11-06T18:59:46.8319710Z" end-time="2024-11-06T18:59:46.8348422Z" duration="0.002871" asserts="0" />
                        <test-case id="1-4340" name="ToggleGroup_Disabled_Test" fullname="MudBlazor.UnitTests.Components.ToggleGroupTests.ToggleGroup_Disabled_Test" methodname="ToggleGroup_Disabled_Test" classname="MudBlazor.UnitTests.Components.ToggleGroupTests" runstate="Runnable" seed="1074493859" result="Passed" start-time="2024-11-06T18:59:46.8348514Z" end-time="2024-11-06T18:59:46.8390756Z" duration="0.004224" asserts="0" />
                        <test-case id="1-4330" name="ToggleGroup_Initialize_Test" fullname="MudBlazor.UnitTests.Components.ToggleGroupTests.ToggleGroup_Initialize_Test" methodname="ToggleGroup_Initialize_Test" classname="MudBlazor.UnitTests.Components.ToggleGroupTests" runstate="Runnable" seed="737980730" result="Passed" start-time="2024-11-06T18:59:46.8390887Z" end-time="2024-11-06T18:59:46.8425054Z" duration="0.003417" asserts="0" />
                        <test-case id="1-4338" name="ToggleGroup_ItemRegistration_Test" fullname="MudBlazor.UnitTests.Components.ToggleGroupTests.ToggleGroup_ItemRegistration_Test" methodname="ToggleGroup_ItemRegistration_Test" classname="MudBlazor.UnitTests.Components.ToggleGroupTests" runstate="Runnable" seed="1391015670" result="Passed" start-time="2024-11-06T18:59:46.8425206Z" end-time="2024-11-06T18:59:46.8442332Z" duration="0.001713" asserts="0" />
                        <test-case id="1-4329" name="ToggleGroup_SelectionMode_Test" fullname="MudBlazor.UnitTests.Components.ToggleGroupTests.ToggleGroup_SelectionMode_Test" methodname="ToggleGroup_SelectionMode_Test" classname="MudBlazor.UnitTests.Components.ToggleGroupTests" runstate="Runnable" seed="1679051559" result="Passed" start-time="2024-11-06T18:59:46.8442473Z" end-time="2024-11-06T18:59:46.8512772Z" duration="0.007030" asserts="0" />
                        <test-case id="1-4339" name="ToggleGroup_SelectionModeWarning_Test" fullname="MudBlazor.UnitTests.Components.ToggleGroupTests.ToggleGroup_SelectionModeWarning_Test" methodname="ToggleGroup_SelectionModeWarning_Test" classname="MudBlazor.UnitTests.Components.ToggleGroupTests" runstate="Runnable" seed="374041443" result="Passed" start-time="2024-11-06T18:59:46.8512915Z" end-time="2024-11-06T18:59:46.8546939Z" duration="0.003402" asserts="0" />
                        <test-suite type="ParameterizedMethod" id="1-4336" name="ToggleGroup_SizeClasses_Test" fullname="MudBlazor.UnitTests.Components.ToggleGroupTests.ToggleGroup_SizeClasses_Test" classname="MudBlazor.UnitTests.Components.ToggleGroupTests" runstate="Runnable" testcasecount="3" result="Passed" start-time="2024-11-06T18:59:46.8547076Z" end-time="2024-11-06T18:59:46.8572160Z" duration="0.002508" total="3" passed="3" failed="0" warnings="0" inconclusive="0" skipped="0" asserts="0">
                            <test-case id="1-4333" name="ToggleGroup_SizeClasses_Test(Small)" fullname="MudBlazor.UnitTests.Components.ToggleGroupTests.ToggleGroup_SizeClasses_Test(Small)" methodname="ToggleGroup_SizeClasses_Test" classname="MudBlazor.UnitTests.Components.ToggleGroupTests" runstate="Runnable" seed="733241722" result="Passed" start-time="2024-11-06T18:59:46.8547163Z" end-time="2024-11-06T18:59:46.8560490Z" duration="0.001333" asserts="0" />
                            <test-case id="1-4334" name="ToggleGroup_SizeClasses_Test(Medium)" fullname="MudBlazor.UnitTests.Components.ToggleGroupTests.ToggleGroup_SizeClasses_Test(Medium)" methodname="ToggleGroup_SizeClasses_Test" classname="MudBlazor.UnitTests.Components.ToggleGroupTests" runstate="Runnable" seed="1828232554" result="Passed" start-time="2024-11-06T18:59:46.8560586Z" end-time="2024-11-06T18:59:46.8566908Z" duration="0.000632" asserts="0" />
                            <test-case id="1-4335" name="ToggleGroup_SizeClasses_Test(Large)" fullname="MudBlazor.UnitTests.Components.ToggleGroupTests.ToggleGroup_SizeClasses_Test(Large)" methodname="ToggleGroup_SizeClasses_Test" classname="MudBlazor.UnitTests.Components.ToggleGroupTests" runstate="Runnable" seed="1234044922" result="Passed" start-time="2024-11-06T18:59:46.8567006Z" end-time="2024-11-06T18:59:46.8572055Z" duration="0.000505" asserts="0" />
                        </test-suite>
                        <test-case id="1-4332" name="ToggleGroup_ToggleRemove_Test" fullname="MudBlazor.UnitTests.Components.ToggleGroupTests.ToggleGroup_ToggleRemove_Test" methodname="ToggleGroup_ToggleRemove_Test" classname="MudBlazor.UnitTests.Components.ToggleGroupTests" runstate="Runnable" seed="1023263491" result="Passed" start-time="2024-11-06T18:59:46.8572229Z" end-time="2024-11-06T18:59:46.8599482Z" duration="0.002725" asserts="0" />
                        <test-case id="1-4331" name="ToggleGroup_ToggleSelection_Test" fullname="MudBlazor.UnitTests.Components.ToggleGroupTests.ToggleGroup_ToggleSelection_Test" methodname="ToggleGroup_ToggleSelection_Test" classname="MudBlazor.UnitTests.Components.ToggleGroupTests" runstate="Runnable" seed="1188705502" result="Passed" start-time="2024-11-06T18:59:46.8599586Z" end-time="2024-11-06T18:59:46.8621271Z" duration="0.002169" asserts="0" />
                    </test-suite>
                    <test-suite type="TestFixture" id="1-4341" name="ToggleIconButtonTest" fullname="MudBlazor.UnitTests.Components.ToggleIconButtonTest" classname="MudBlazor.UnitTests.Components.ToggleIconButtonTest" runstate="Runnable" testcasecount="13" result="Passed" start-time="2024-11-06T18:59:46.8621537Z" end-time="2024-11-06T18:59:46.8784162Z" duration="0.016263" total="13" passed="13" failed="0" warnings="0" inconclusive="0" skipped="0" asserts="0">
                        <test-case id="1-4342" name="DefaultState" fullname="MudBlazor.UnitTests.Components.ToggleIconButtonTest.DefaultState" methodname="DefaultState" classname="MudBlazor.UnitTests.Components.ToggleIconButtonTest" runstate="Runnable" seed="933297680" result="Passed" start-time="2024-11-06T18:59:46.8622174Z" end-time="2024-11-06T18:59:46.8638450Z" duration="0.001628" asserts="0" />
                        <test-case id="1-4346" name="Disabled_ShouldPreventInteraction" fullname="MudBlazor.UnitTests.Components.ToggleIconButtonTest.Disabled_ShouldPreventInteraction" methodname="Disabled_ShouldPreventInteraction" classname="MudBlazor.UnitTests.Components.ToggleIconButtonTest" runstate="Runnable" seed="738349551" result="Passed" start-time="2024-11-06T18:59:46.8638536Z" end-time="2024-11-06T18:59:46.8649041Z" duration="0.001051" asserts="0" />
                        <test-suite type="ParameterizedMethod" id="1-4355" name="GetColor_ShouldReturnCorrectValue" fullname="MudBlazor.UnitTests.Components.ToggleIconButtonTest.GetColor_ShouldReturnCorrectValue" classname="MudBlazor.UnitTests.Components.ToggleIconButtonTest" runstate="Runnable" testcasecount="2" result="Passed" start-time="2024-11-06T18:59:46.8649138Z" end-time="2024-11-06T18:59:46.8664476Z" duration="0.001534" total="2" passed="2" failed="0" warnings="0" inconclusive="0" skipped="0" asserts="0">
                            <test-case id="1-4353" name="GetColor_ShouldReturnCorrectValue(Tertiary,Secondary,Tertiary,Secondary)" fullname="MudBlazor.UnitTests.Components.ToggleIconButtonTest.GetColor_ShouldReturnCorrectValue(Tertiary,Secondary,Tertiary,Secondary)" methodname="GetColor_ShouldReturnCorrectValue" classname="MudBlazor.UnitTests.Components.ToggleIconButtonTest" runstate="Runnable" seed="1405649146" result="Passed" start-time="2024-11-06T18:59:46.8649204Z" end-time="2024-11-06T18:59:46.8658622Z" duration="0.000942" asserts="0" />
                            <test-case id="1-4354" name="GetColor_ShouldReturnCorrectValue(Tertiary,null,Tertiary,Tertiary)" fullname="MudBlazor.UnitTests.Components.ToggleIconButtonTest.GetColor_ShouldReturnCorrectValue(Tertiary,null,Tertiary,Tertiary)" methodname="GetColor_ShouldReturnCorrectValue" classname="MudBlazor.UnitTests.Components.ToggleIconButtonTest" runstate="Runnable" seed="742849565" result="Passed" start-time="2024-11-06T18:59:46.8658712Z" end-time="2024-11-06T18:59:46.8664360Z" duration="0.000565" asserts="0" />
                        </test-suite>
                        <test-suite type="ParameterizedMethod" id="1-4349" name="GetIcon_ShouldReturnCorrectValue" fullname="MudBlazor.UnitTests.Components.ToggleIconButtonTest.GetIcon_ShouldReturnCorrectValue" classname="MudBlazor.UnitTests.Components.ToggleIconButtonTest" runstate="Runnable" testcasecount="2" result="Passed" start-time="2024-11-06T18:59:46.8664626Z" end-time="2024-11-06T18:59:46.8677549Z" duration="0.001292" total="2" passed="2" failed="0" warnings="0" inconclusive="0" skipped="0" asserts="0">
                            <test-case id="1-4347" name="GetIcon_ShouldReturnCorrectValue(&quot;icon-default&quot;,&quot;icon-toggled&quot;,&quot;icon-default&quot;,&quot;icon-toggled&quot;)" fullname="MudBlazor.UnitTests.Components.ToggleIconButtonTest.GetIcon_ShouldReturnCorrectValue(&quot;icon-default&quot;,&quot;icon-toggled&quot;,&quot;icon-default&quot;,&quot;icon-toggled&quot;)" methodname="GetIcon_ShouldReturnCorrectValue" classname="MudBlazor.UnitTests.Components.ToggleIconButtonTest" runstate="Runnable" seed="794130366" result="Passed" start-time="2024-11-06T18:59:46.8664687Z" end-time="2024-11-06T18:59:46.8672485Z" duration="0.000780" asserts="0" />
                            <test-case id="1-4348" name="GetIcon_ShouldReturnCorrectValue(&quot;icon-default&quot;,null,&quot;icon-default&quot;,&quot;icon-default&quot;)" fullname="MudBlazor.UnitTests.Components.ToggleIconButtonTest.GetIcon_ShouldReturnCorrectValue(&quot;icon-default&quot;,null,&quot;icon-default&quot;,&quot;icon-default&quot;)" methodname="GetIcon_ShouldReturnCorrectValue" classname="MudBlazor.UnitTests.Components.ToggleIconButtonTest" runstate="Runnable" seed="1873616146" result="Passed" start-time="2024-11-06T18:59:46.8672576Z" end-time="2024-11-06T18:59:46.8677458Z" duration="0.000488" asserts="0" />
                        </test-suite>
                        <test-suite type="ParameterizedMethod" id="1-4352" name="GetSize_ShouldReturnCorrectValue" fullname="MudBlazor.UnitTests.Components.ToggleIconButtonTest.GetSize_ShouldReturnCorrectValue" classname="MudBlazor.UnitTests.Components.ToggleIconButtonTest" runstate="Runnable" testcasecount="2" result="Passed" start-time="2024-11-06T18:59:46.8677610Z" end-time="2024-11-06T18:59:46.8697148Z" duration="0.001954" total="2" passed="2" failed="0" warnings="0" inconclusive="0" skipped="0" asserts="0">
                            <test-case id="1-4350" name="GetSize_ShouldReturnCorrectValue(Small,Large,Small,Large)" fullname="MudBlazor.UnitTests.Components.ToggleIconButtonTest.GetSize_ShouldReturnCorrectValue(Small,Large,Small,Large)" methodname="GetSize_ShouldReturnCorrectValue" classname="MudBlazor.UnitTests.Components.ToggleIconButtonTest" runstate="Runnable" seed="2035769148" result="Passed" start-time="2024-11-06T18:59:46.8677653Z" end-time="2024-11-06T18:59:46.8691479Z" duration="0.001383" asserts="0" />
                            <test-case id="1-4351" name="GetSize_ShouldReturnCorrectValue(Small,null,Small,Small)" fullname="MudBlazor.UnitTests.Components.ToggleIconButtonTest.GetSize_ShouldReturnCorrectValue(Small,null,Small,Small)" methodname="GetSize_ShouldReturnCorrectValue" classname="MudBlazor.UnitTests.Components.ToggleIconButtonTest" runstate="Runnable" seed="1472355715" result="Passed" start-time="2024-11-06T18:59:46.8691569Z" end-time="2024-11-06T18:59:46.8697052Z" duration="0.000548" asserts="0" />
                        </test-suite>
                        <test-suite type="ParameterizedMethod" id="1-4358" name="GetVariant_ShouldReturnCorrectValue" fullname="MudBlazor.UnitTests.Components.ToggleIconButtonTest.GetVariant_ShouldReturnCorrectValue" classname="MudBlazor.UnitTests.Components.ToggleIconButtonTest" runstate="Runnable" testcasecount="2" result="Passed" start-time="2024-11-06T18:59:46.8697203Z" end-time="2024-11-06T18:59:46.8738438Z" duration="0.004124" total="2" passed="2" failed="0" warnings="0" inconclusive="0" skipped="0" asserts="0">
                            <test-case id="1-4356" name="GetVariant_ShouldReturnCorrectValue(Outlined,Filled,Outlined,Filled)" fullname="MudBlazor.UnitTests.Components.ToggleIconButtonTest.GetVariant_ShouldReturnCorrectValue(Outlined,Filled,Outlined,Filled)" methodname="GetVariant_ShouldReturnCorrectValue" classname="MudBlazor.UnitTests.Components.ToggleIconButtonTest" runstate="Runnable" seed="2027450790" result="Passed" start-time="2024-11-06T18:59:46.8697250Z" end-time="2024-11-06T18:59:46.8731721Z" duration="0.003447" asserts="0" />
                            <test-case id="1-4357" name="GetVariant_ShouldReturnCorrectValue(Outlined,null,Outlined,Outlined)" fullname="MudBlazor.UnitTests.Components.ToggleIconButtonTest.GetVariant_ShouldReturnCorrectValue(Outlined,null,Outlined,Outlined)" methodname="GetVariant_ShouldReturnCorrectValue" classname="MudBlazor.UnitTests.Components.ToggleIconButtonTest" runstate="Runnable" seed="1392238182" result="Passed" start-time="2024-11-06T18:59:46.8731802Z" end-time="2024-11-06T18:59:46.8738345Z" duration="0.000654" asserts="0" />
                        </test-suite>
                        <test-case id="1-4344" name="ShouldSetAriaPressedAttribute" fullname="MudBlazor.UnitTests.Components.ToggleIconButtonTest.ShouldSetAriaPressedAttribute" methodname="ShouldSetAriaPressedAttribute" classname="MudBlazor.UnitTests.Components.ToggleIconButtonTest" runstate="Runnable" seed="371912602" result="Passed" start-time="2024-11-06T18:59:46.8738497Z" end-time="2024-11-06T18:59:46.8745189Z" duration="0.000669" asserts="0" />
                        <test-case id="1-4345" name="ShouldSynchronizeStateWithOtherComponent" fullname="MudBlazor.UnitTests.Components.ToggleIconButtonTest.ShouldSynchronizeStateWithOtherComponent" methodname="ShouldSynchronizeStateWithOtherComponent" classname="MudBlazor.UnitTests.Components.ToggleIconButtonTest" runstate="Runnable" seed="158751104" result="Passed" start-time="2024-11-06T18:59:46.8745270Z" end-time="2024-11-06T18:59:46.8767912Z" duration="0.002264" asserts="0" />
                        <test-case id="1-4343" name="ShouldToggleOnClick" fullname="MudBlazor.UnitTests.Components.ToggleIconButtonTest.ShouldToggleOnClick" methodname="ShouldToggleOnClick" classname="MudBlazor.UnitTests.Components.ToggleIconButtonTest" runstate="Runnable" seed="34392187" result="Passed" start-time="2024-11-06T18:59:46.8768006Z" end-time="2024-11-06T18:59:46.8784007Z" duration="0.001600" asserts="0" />
                    </test-suite>
                    <test-suite type="TestFixture" id="1-4359" name="ToolBarTests" fullname="MudBlazor.UnitTests.Components.ToolBarTests" classname="MudBlazor.UnitTests.Components.ToolBarTests" runstate="Runnable" testcasecount="2" result="Passed" start-time="2024-11-06T18:59:46.8784257Z" end-time="2024-11-06T18:59:46.8810078Z" duration="0.002582" total="2" passed="2" failed="0" warnings="0" inconclusive="0" skipped="0" asserts="0">
                        <test-case id="1-4361" name="ToolBar_WrapContent_ShouldBeFalseByDefault" fullname="MudBlazor.UnitTests.Components.ToolBarTests.ToolBar_WrapContent_ShouldBeFalseByDefault" methodname="ToolBar_WrapContent_ShouldBeFalseByDefault" classname="MudBlazor.UnitTests.Components.ToolBarTests" runstate="Runnable" seed="1847806907" result="Passed" start-time="2024-11-06T18:59:46.8784784Z" end-time="2024-11-06T18:59:46.8788602Z" duration="0.000382" asserts="0" />
                        <test-case id="1-4360" name="ToolBarWrapContentTest" fullname="MudBlazor.UnitTests.Components.ToolBarTests.ToolBarWrapContentTest" methodname="ToolBarWrapContentTest" classname="MudBlazor.UnitTests.Components.ToolBarTests" runstate="Runnable" seed="669471272" result="Passed" start-time="2024-11-06T18:59:46.8788689Z" end-time="2024-11-06T18:59:46.8809966Z" duration="0.002128" asserts="0" />
                    </test-suite>
                    <test-suite type="TestFixture" id="1-4362" name="ToolTipTests" fullname="MudBlazor.UnitTests.Components.ToolTipTests" classname="MudBlazor.UnitTests.Components.ToolTipTests" runstate="Runnable" testcasecount="39" result="Passed" start-time="2024-11-06T18:59:46.8810170Z" end-time="2024-11-06T18:59:46.9405899Z" duration="0.059573" total="39" passed="39" failed="0" warnings="0" inconclusive="0" skipped="0" asserts="0">
                        <test-suite type="ParameterizedMethod" id="1-4373" name="ContainerClass_PropertyRelations" fullname="MudBlazor.UnitTests.Components.ToolTipTests.ContainerClass_PropertyRelations" classname="MudBlazor.UnitTests.Components.ToolTipTests" runstate="Runnable" testcasecount="2" result="Passed" start-time="2024-11-06T18:59:46.8810640Z" end-time="2024-11-06T18:59:46.8838758Z" duration="0.002812" total="2" passed="2" failed="0" warnings="0" inconclusive="0" skipped="0" asserts="0">
                            <test-case id="1-4371" name="ContainerClass_PropertyRelations(False,[&quot;mud-tooltip-root&quot;])" fullname="MudBlazor.UnitTests.Components.ToolTipTests.ContainerClass_PropertyRelations(False,[&quot;mud-tooltip-root&quot;])" methodname="ContainerClass_PropertyRelations" classname="MudBlazor.UnitTests.Components.ToolTipTests" runstate="Runnable" seed="157865778" result="Passed" start-time="2024-11-06T18:59:46.8810701Z" end-time="2024-11-06T18:59:46.8831236Z" duration="0.002054" asserts="0" />
                            <test-case id="1-4372" name="ContainerClass_PropertyRelations(True,[&quot;mud-tooltip-root&quot;, &quot;mud-tooltip-inline&quot;])" fullname="MudBlazor.UnitTests.Components.ToolTipTests.ContainerClass_PropertyRelations(True,[&quot;mud-tooltip-root&quot;, &quot;mud-tooltip-inline&quot;])" methodname="ContainerClass_PropertyRelations" classname="MudBlazor.UnitTests.Components.ToolTipTests" runstate="Runnable" seed="124698328" result="Passed" start-time="2024-11-06T18:59:46.8831312Z" end-time="2024-11-06T18:59:46.8838686Z" duration="0.000738" asserts="0" />
                        </test-suite>
                        <test-case id="1-4363" name="DefaultValue" fullname="MudBlazor.UnitTests.Components.ToolTipTests.DefaultValue" methodname="DefaultValue" classname="MudBlazor.UnitTests.Components.ToolTipTests" runstate="Runnable" seed="1079336047" result="Passed" start-time="2024-11-06T18:59:46.8838827Z" end-time="2024-11-06T18:59:46.8844437Z" duration="0.000561" asserts="0" />
                        <test-case id="1-4374" name="InnerClass_ChildContentWrapper" fullname="MudBlazor.UnitTests.Components.ToolTipTests.InnerClass_ChildContentWrapper" methodname="InnerClass_ChildContentWrapper" classname="MudBlazor.UnitTests.Components.ToolTipTests" runstate="Runnable" seed="1627254261" result="Passed" start-time="2024-11-06T18:59:46.8844522Z" end-time="2024-11-06T18:59:46.8865561Z" duration="0.002104" asserts="0" />
                        <test-case id="1-4367" name="NoPopoverIfThereIsNoContent" fullname="MudBlazor.UnitTests.Components.ToolTipTests.NoPopoverIfThereIsNoContent" methodname="NoPopoverIfThereIsNoContent" classname="MudBlazor.UnitTests.Components.ToolTipTests" runstate="Runnable" seed="2065594184" result="Passed" start-time="2024-11-06T18:59:46.8865635Z" end-time="2024-11-06T18:59:46.8883054Z" duration="0.001742" asserts="0" />
                        <test-suite type="ParameterizedMethod" id="1-4377" name="PopoverClass_PropertyArrow" fullname="MudBlazor.UnitTests.Components.ToolTipTests.PopoverClass_PropertyArrow" classname="MudBlazor.UnitTests.Components.ToolTipTests" runstate="Runnable" testcasecount="2" result="Passed" start-time="2024-11-06T18:59:46.9021350Z" end-time="2024-11-06T18:59:46.9049094Z" duration="0.002775" total="2" passed="2" failed="0" warnings="0" inconclusive="0" skipped="0" asserts="0">
                            <test-case id="1-4375" name="PopoverClass_PropertyArrow(False,[&quot;mud-tooltip&quot;])" fullname="MudBlazor.UnitTests.Components.ToolTipTests.PopoverClass_PropertyArrow(False,[&quot;mud-tooltip&quot;])" methodname="PopoverClass_PropertyArrow" classname="MudBlazor.UnitTests.Components.ToolTipTests" runstate="Runnable" seed="376723963" result="Passed" start-time="2024-11-06T18:59:46.9021471Z" end-time="2024-11-06T18:59:46.9039402Z" duration="0.001793" asserts="0" />
                            <test-case id="1-4376" name="PopoverClass_PropertyArrow(True,[&quot;mud-tooltip&quot;, &quot;mud-tooltip-arrow&quot;])" fullname="MudBlazor.UnitTests.Components.ToolTipTests.PopoverClass_PropertyArrow(True,[&quot;mud-tooltip&quot;, &quot;mud-tooltip-arrow&quot;])" methodname="PopoverClass_PropertyArrow" classname="MudBlazor.UnitTests.Components.ToolTipTests" runstate="Runnable" seed="276624286" result="Passed" start-time="2024-11-06T18:59:46.9039505Z" end-time="2024-11-06T18:59:46.9049004Z" duration="0.000950" asserts="0" />
                        </test-suite>
                        <test-suite type="ParameterizedMethod" id="1-4382" name="PopoverClass_PropertyColor" fullname="MudBlazor.UnitTests.Components.ToolTipTests.PopoverClass_PropertyColor" classname="MudBlazor.UnitTests.Components.ToolTipTests" runstate="Runnable" testcasecount="4" result="Passed" start-time="2024-11-06T18:59:46.9049177Z" end-time="2024-11-06T18:59:46.9084631Z" duration="0.003545" total="4" passed="4" failed="0" warnings="0" inconclusive="0" skipped="0" asserts="0">
                            <test-case id="1-4378" name="PopoverClass_PropertyColor(Default,[&quot;mud-tooltip&quot;, &quot;mud-tooltip-default&quot;])" fullname="MudBlazor.UnitTests.Components.ToolTipTests.PopoverClass_PropertyColor(Default,[&quot;mud-tooltip&quot;, &quot;mud-tooltip-default&quot;])" methodname="PopoverClass_PropertyColor" classname="MudBlazor.UnitTests.Components.ToolTipTests" runstate="Runnable" seed="1554487717" result="Passed" start-time="2024-11-06T18:59:46.9049293Z" end-time="2024-11-06T18:59:46.9062907Z" duration="0.001361" asserts="0" />
                            <test-case id="1-4379" name="PopoverClass_PropertyColor(Tertiary,[&quot;mud-tooltip&quot;, &quot;mud-theme-tertiary&quot;])" fullname="MudBlazor.UnitTests.Components.ToolTipTests.PopoverClass_PropertyColor(Tertiary,[&quot;mud-tooltip&quot;, &quot;mud-theme-tertiary&quot;])" methodname="PopoverClass_PropertyColor" classname="MudBlazor.UnitTests.Components.ToolTipTests" runstate="Runnable" seed="579747250" result="Passed" start-time="2024-11-06T18:59:46.9062986Z" end-time="2024-11-06T18:59:46.9071939Z" duration="0.000895" asserts="0" />
                            <test-case id="1-4380" name="PopoverClass_PropertyColor(Success,[&quot;mud-tooltip&quot;, &quot;mud-theme-success&quot;])" fullname="MudBlazor.UnitTests.Components.ToolTipTests.PopoverClass_PropertyColor(Success,[&quot;mud-tooltip&quot;, &quot;mud-theme-success&quot;])" methodname="PopoverClass_PropertyColor" classname="MudBlazor.UnitTests.Components.ToolTipTests" runstate="Runnable" seed="1999510102" result="Passed" start-time="2024-11-06T18:59:46.9072011Z" end-time="2024-11-06T18:59:46.9078265Z" duration="0.000625" asserts="0" />
                            <test-case id="1-4381" name="PopoverClass_PropertyColor(Dark,[&quot;mud-tooltip&quot;, &quot;mud-theme-dark&quot;])" fullname="MudBlazor.UnitTests.Components.ToolTipTests.PopoverClass_PropertyColor(Dark,[&quot;mud-tooltip&quot;, &quot;mud-theme-dark&quot;])" methodname="PopoverClass_PropertyColor" classname="MudBlazor.UnitTests.Components.ToolTipTests" runstate="Runnable" seed="2124872829" result="Passed" start-time="2024-11-06T18:59:46.9078335Z" end-time="2024-11-06T18:59:46.9084549Z" duration="0.000621" asserts="0" />
                        </test-suite>
                        <test-suite type="ParameterizedMethod" id="1-4387" name="PopoverClass_PropertyColorAndArrow" fullname="MudBlazor.UnitTests.Components.ToolTipTests.PopoverClass_PropertyColorAndArrow" classname="MudBlazor.UnitTests.Components.ToolTipTests" runstate="Runnable" testcasecount="4" result="Passed" start-time="2024-11-06T18:59:46.9084710Z" end-time="2024-11-06T18:59:46.9153161Z" duration="0.006845" total="4" passed="4" failed="0" warnings="0" inconclusive="0" skipped="0" asserts="0">
                            <test-case id="1-4383" name="PopoverClass_PropertyColorAndArrow(Default,False,[&quot;mud-tooltip&quot;, &quot;mud-tooltip-default&quot;])" fullname="MudBlazor.UnitTests.Components.ToolTipTests.PopoverClass_PropertyColorAndArrow(Default,False,[&quot;mud-tooltip&quot;, &quot;mud-tooltip-default&quot;])" methodname="PopoverClass_PropertyColorAndArrow" classname="MudBlazor.UnitTests.Components.ToolTipTests" runstate="Runnable" seed="306266687" result="Passed" start-time="2024-11-06T18:59:46.9084796Z" end-time="2024-11-06T18:59:46.9097150Z" duration="0.001236" asserts="0" />
                            <test-case id="1-4384" name="PopoverClass_PropertyColorAndArrow(Default,True,[&quot;mud-tooltip&quot;, &quot;mud-tooltip-default&quot;, &quot;mud-tooltip-arrow&quot;])" fullname="MudBlazor.UnitTests.Components.ToolTipTests.PopoverClass_PropertyColorAndArrow(Default,True,[&quot;mud-tooltip&quot;, &quot;mud-tooltip-default&quot;, &quot;mud-tooltip-arrow&quot;])" methodname="PopoverClass_PropertyColorAndArrow" classname="MudBlazor.UnitTests.Components.ToolTipTests" runstate="Runnable" seed="1544962070" result="Passed" start-time="2024-11-06T18:59:46.9097223Z" end-time="2024-11-06T18:59:46.9135960Z" duration="0.003874" asserts="0" />
                            <test-case id="1-4385" name="PopoverClass_PropertyColorAndArrow(Success,True,[&quot;mud-tooltip&quot;, &quot;mud-theme-success&quot;, &quot;mud-tooltip-arrow&quot;, &quot;mud-border-success&quot;])" fullname="MudBlazor.UnitTests.Components.ToolTipTests.PopoverClass_PropertyColorAndArrow(Success,True,[&quot;mud-tooltip&quot;, &quot;mud-theme-success&quot;, &quot;mud-tooltip-arrow&quot;, &quot;mud-border-success&quot;])" methodname="PopoverClass_PropertyColorAndArrow" classname="MudBlazor.UnitTests.Components.ToolTipTests" runstate="Runnable" seed="868824065" result="Passed" start-time="2024-11-06T18:59:46.9136081Z" end-time="2024-11-06T18:59:46.9146481Z" duration="0.001040" asserts="0" />
                            <test-case id="1-4386" name="PopoverClass_PropertyColorAndArrow(Success,False,[&quot;mud-tooltip&quot;, &quot;mud-theme-success&quot;])" fullname="MudBlazor.UnitTests.Components.ToolTipTests.PopoverClass_PropertyColorAndArrow(Success,False,[&quot;mud-tooltip&quot;, &quot;mud-theme-success&quot;])" methodname="PopoverClass_PropertyColorAndArrow" classname="MudBlazor.UnitTests.Components.ToolTipTests" runstate="Runnable" seed="2053669846" result="Passed" start-time="2024-11-06T18:59:46.9146567Z" end-time="2024-11-06T18:59:46.9153086Z" duration="0.000652" asserts="0" />
                        </test-suite>
                        <test-suite type="ParameterizedMethod" id="1-4366" name="RenderContent" fullname="MudBlazor.UnitTests.Components.ToolTipTests.RenderContent" classname="MudBlazor.UnitTests.Components.ToolTipTests" runstate="Runnable" testcasecount="2" result="Passed" start-time="2024-11-06T18:59:46.9153261Z" end-time="2024-11-06T18:59:46.9193732Z" duration="0.004047" total="2" passed="2" failed="0" warnings="0" inconclusive="0" skipped="0" asserts="0">
                            <test-case id="1-4364" name="RenderContent(False)" fullname="MudBlazor.UnitTests.Components.ToolTipTests.RenderContent(False)" methodname="RenderContent" classname="MudBlazor.UnitTests.Components.ToolTipTests" runstate="Runnable" seed="1368031193" result="Passed" start-time="2024-11-06T18:59:46.9153377Z" end-time="2024-11-06T18:59:46.9181910Z" duration="0.002853" asserts="0" />
                            <test-case id="1-4365" name="RenderContent(True)" fullname="MudBlazor.UnitTests.Components.ToolTipTests.RenderContent(True)" methodname="RenderContent" classname="MudBlazor.UnitTests.Components.ToolTipTests" runstate="Runnable" seed="866018556" result="Passed" start-time="2024-11-06T18:59:46.9182020Z" end-time="2024-11-06T18:59:46.9193631Z" duration="0.001161" asserts="0" />
                        </test-suite>
                        <test-suite type="ParameterizedMethod" id="1-4370" name="RenderTooltipFragment" fullname="MudBlazor.UnitTests.Components.ToolTipTests.RenderTooltipFragment" classname="MudBlazor.UnitTests.Components.ToolTipTests" runstate="Runnable" testcasecount="2" result="Passed" start-time="2024-11-06T18:59:46.9193838Z" end-time="2024-11-06T18:59:46.9231854Z" duration="0.003802" total="2" passed="2" failed="0" warnings="0" inconclusive="0" skipped="0" asserts="0">
                            <test-case id="1-4368" name="RenderTooltipFragment(False)" fullname="MudBlazor.UnitTests.Components.ToolTipTests.RenderTooltipFragment(False)" methodname="RenderTooltipFragment" classname="MudBlazor.UnitTests.Components.ToolTipTests" runstate="Runnable" seed="1061135377" result="Passed" start-time="2024-11-06T18:59:46.9193949Z" end-time="2024-11-06T18:59:46.9222269Z" duration="0.002832" asserts="0" />
                            <test-case id="1-4369" name="RenderTooltipFragment(True)" fullname="MudBlazor.UnitTests.Components.ToolTipTests.RenderTooltipFragment(True)" methodname="RenderTooltipFragment" classname="MudBlazor.UnitTests.Components.ToolTipTests" runstate="Runnable" seed="1946734951" result="Passed" start-time="2024-11-06T18:59:46.9222347Z" end-time="2024-11-06T18:59:46.9231775Z" duration="0.000943" asserts="0" />
                        </test-suite>
                        <test-case id="1-4408" name="Tooltip_Disabled_Button_OnFocusIn_NoPopover" fullname="MudBlazor.UnitTests.Components.ToolTipTests.Tooltip_Disabled_Button_OnFocusIn_NoPopover" methodname="Tooltip_Disabled_Button_OnFocusIn_NoPopover" classname="MudBlazor.UnitTests.Components.ToolTipTests" runstate="Runnable" seed="1852914736" result="Passed" start-time="2024-11-06T18:59:46.9231915Z" end-time="2024-11-06T18:59:46.9276556Z" duration="0.004464" asserts="0" />
                        <test-case id="1-4409" name="Tooltip_Disabled_Button_OnPointerEnter_NoPopover" fullname="MudBlazor.UnitTests.Components.ToolTipTests.Tooltip_Disabled_Button_OnPointerEnter_NoPopover" methodname="Tooltip_Disabled_Button_OnPointerEnter_NoPopover" classname="MudBlazor.UnitTests.Components.ToolTipTests" runstate="Runnable" seed="477213019" result="Passed" start-time="2024-11-06T18:59:46.9276686Z" end-time="2024-11-06T18:59:46.9293594Z" duration="0.001691" asserts="0" />
                        <test-case id="1-4407" name="Tooltip_Disabled_Default_False" fullname="MudBlazor.UnitTests.Components.ToolTipTests.Tooltip_Disabled_Default_False" methodname="Tooltip_Disabled_Default_False" classname="MudBlazor.UnitTests.Components.ToolTipTests" runstate="Runnable" seed="1952442532" result="Passed" start-time="2024-11-06T18:59:46.9293687Z" end-time="2024-11-06T18:59:46.9300827Z" duration="0.000714" asserts="0" />
                        <test-case id="1-4402" name="Tooltip_On_Click" fullname="MudBlazor.UnitTests.Components.ToolTipTests.Tooltip_On_Click" methodname="Tooltip_On_Click" classname="MudBlazor.UnitTests.Components.ToolTipTests" runstate="Runnable" seed="1733891678" result="Passed" start-time="2024-11-06T18:59:46.9300895Z" end-time="2024-11-06T18:59:46.9321688Z" duration="0.002079" asserts="0" />
                        <test-case id="1-4401" name="Tooltip_On_Focus" fullname="MudBlazor.UnitTests.Components.ToolTipTests.Tooltip_On_Focus" methodname="Tooltip_On_Focus" classname="MudBlazor.UnitTests.Components.ToolTipTests" runstate="Runnable" seed="1292590535" result="Passed" start-time="2024-11-06T18:59:46.9321783Z" end-time="2024-11-06T18:59:46.9331322Z" duration="0.000954" asserts="0" />
                        <test-case id="1-4406" name="Tooltip_Style_Respected" fullname="MudBlazor.UnitTests.Components.ToolTipTests.Tooltip_Style_Respected" methodname="Tooltip_Style_Respected" classname="MudBlazor.UnitTests.Components.ToolTipTests" runstate="Runnable" seed="575445282" result="Passed" start-time="2024-11-06T18:59:46.9331390Z" end-time="2024-11-06T18:59:46.9347171Z" duration="0.001578" asserts="0" />
                        <test-suite type="ParameterizedMethod" id="1-4405" name="Visible_ByDefault" fullname="MudBlazor.UnitTests.Components.ToolTipTests.Visible_ByDefault" classname="MudBlazor.UnitTests.Components.ToolTipTests" runstate="Runnable" testcasecount="2" result="Passed" start-time="2024-11-06T18:59:46.9347261Z" end-time="2024-11-06T18:59:46.9405776Z" duration="0.005852" total="2" passed="2" failed="0" warnings="0" inconclusive="0" skipped="0" asserts="0">
                            <test-case id="1-4403" name="Visible_ByDefault(True)" fullname="MudBlazor.UnitTests.Components.ToolTipTests.Visible_ByDefault(True)" methodname="Visible_ByDefault" classname="MudBlazor.UnitTests.Components.ToolTipTests" runstate="Runnable" seed="693062717" result="Passed" start-time="2024-11-06T18:59:46.9347342Z" end-time="2024-11-06T18:59:46.9371179Z" duration="0.002384" asserts="0" />
                            <test-case id="1-4404" name="Visible_ByDefault(False)" fullname="MudBlazor.UnitTests.Components.ToolTipTests.Visible_ByDefault(False)" methodname="Visible_ByDefault" classname="MudBlazor.UnitTests.Components.ToolTipTests" runstate="Runnable" seed="39261022" result="Passed" start-time="2024-11-06T18:59:46.9371273Z" end-time="2024-11-06T18:59:46.9405690Z" duration="0.003442" asserts="0" />
                        </test-suite>
                    </test-suite>
                    <test-suite type="TestFixture" id="1-4465" name="VirtualizeTests" fullname="MudBlazor.UnitTests.Components.VirtualizeTests" classname="MudBlazor.UnitTests.Components.VirtualizeTests" runstate="Runnable" testcasecount="1" result="Passed" start-time="2024-11-06T18:59:47.2321853Z" end-time="2024-11-06T18:59:47.2345741Z" duration="0.002389" total="1" passed="1" failed="0" warnings="0" inconclusive="0" skipped="0" asserts="0">
                        <test-case id="1-4466" name="VirtualizeRenderTest" fullname="MudBlazor.UnitTests.Components.VirtualizeTests.VirtualizeRenderTest" methodname="VirtualizeRenderTest" classname="MudBlazor.UnitTests.Components.VirtualizeTests" runstate="Runnable" seed="16955804" result="Passed" start-time="2024-11-06T18:59:47.2322464Z" end-time="2024-11-06T18:59:47.2345638Z" duration="0.002317" asserts="0" />
                    </test-suite>
                </test-suite>
                <test-suite type="TestFixture" id="1-1085" name="ResizeOptionsExtensionsTests" fullname="MudBlazor.UnitTests.ResizeOptionsExtensionsTests" classname="MudBlazor.UnitTests.ResizeOptionsExtensionsTests" runstate="Runnable" testcasecount="1" result="Passed" start-time="2024-11-06T18:59:47.4470014Z" end-time="2024-11-06T18:59:47.4513555Z" duration="0.004354" total="1" passed="1" failed="0" warnings="0" inconclusive="0" skipped="0" asserts="0">
                    <test-case id="1-1086" name="Clone_ShouldCreateNewInstanceWithSamePropertyValues" fullname="MudBlazor.UnitTests.ResizeOptionsExtensionsTests.Clone_ShouldCreateNewInstanceWithSamePropertyValues" methodname="Clone_ShouldCreateNewInstanceWithSamePropertyValues" classname="MudBlazor.UnitTests.ResizeOptionsExtensionsTests" runstate="Runnable" seed="2023967839" result="Passed" start-time="2024-11-06T18:59:47.4470547Z" end-time="2024-11-06T18:59:47.4513399Z" duration="0.004285" asserts="0" />
                </test-suite>
            </test-suite>
        </test-suite>
    </test-suite>
</test-run>